[0.108s] DEBUG:colcon:Command line arguments: ['/usr/bin/colcon', 'build']
[0.108s] DEBUG:colcon:Parsed command line arguments: Namespace(ament_cmake_args=None, base_paths=['.'], build_base='build', catkin_cmake_args=None, catkin_skip_building_tests=False, cmake_args=None, cmake_clean_cache=False, cmake_clean_first=False, cmake_force_configure=False, cmake_target=None, cmake_target_skip_unavailable=False, continue_on_error=False, event_handlers=None, executor='parallel', ignore_user_meta=False, install_base='install', log_base=None, log_level=None, main=<bound method BuildVerb.main of <colcon_core.verb.build.BuildVerb object at 0x7f8758557e20>>, merge_install=False, metas=['./colcon.meta'], packages_above=None, packages_above_and_dependencies=None, packages_above_depth=None, packages_end=None, packages_ignore=None, packages_ignore_regex=None, packages_select=None, packages_select_build_failed=False, packages_select_by_dep=None, packages_select_regex=None, packages_select_test_failures=False, packages_skip=None, packages_skip_build_finished=False, packages_skip_by_dep=None, packages_skip_regex=None, packages_skip_test_passed=False, packages_skip_up_to=None, packages_start=None, packages_up_to=None, packages_up_to_regex=None, parallel_workers=6, paths=None, symlink_install=False, test_result_base=None, verb_extension=<colcon_core.verb.build.BuildVerb object at 0x7f8758557e20>, verb_name='build', verb_parser=<colcon_defaults.argument_parser.defaults.DefaultArgumentsDecorator object at 0x7f87585673d0>)
[0.112s] Level 1:colcon.colcon_core.package_discovery:discover_packages(colcon_meta) check parameters
[0.112s] Level 1:colcon.colcon_core.package_discovery:discover_packages(recursive) check parameters
[0.112s] Level 1:colcon.colcon_core.package_discovery:discover_packages(ignore) check parameters
[0.112s] Level 1:colcon.colcon_core.package_discovery:discover_packages(path) check parameters
[0.112s] Level 1:colcon.colcon_core.package_discovery:discover_packages(colcon_meta) discover
[0.112s] Level 1:colcon.colcon_core.package_discovery:discover_packages(recursive) discover
[0.112s] INFO:colcon.colcon_core.package_discovery:Crawling recursively for packages in '/home/pdabrow1/dev_ws/src/dabrowski_synowiec'
[0.112s] Level 1:colcon.colcon_core.package_identification:_identify(.) by extensions ['ignore', 'ignore_ament_install']
[0.112s] Level 1:colcon.colcon_core.package_identification:_identify(.) by extension 'ignore'
[0.112s] Level 1:colcon.colcon_core.package_identification:_identify(.) by extension 'ignore_ament_install'
[0.112s] Level 1:colcon.colcon_core.package_identification:_identify(.) by extensions ['colcon_pkg']
[0.112s] Level 1:colcon.colcon_core.package_identification:_identify(.) by extension 'colcon_pkg'
[0.112s] Level 1:colcon.colcon_core.package_identification:_identify(.) by extensions ['colcon_meta']
[0.112s] Level 1:colcon.colcon_core.package_identification:_identify(.) by extension 'colcon_meta'
[0.112s] Level 1:colcon.colcon_core.package_identification:_identify(.) by extensions ['ros']
[0.112s] Level 1:colcon.colcon_core.package_identification:_identify(.) by extension 'ros'
[0.120s] Level 1:colcon.colcon_core.package_identification:_identify(.) by extensions ['cmake', 'python']
[0.120s] Level 1:colcon.colcon_core.package_identification:_identify(.) by extension 'cmake'
[0.120s] Level 1:colcon.colcon_core.package_identification:_identify(.) by extension 'python'
[0.120s] Level 1:colcon.colcon_core.package_identification:_identify(.) by extensions ['python_setup_py']
[0.120s] Level 1:colcon.colcon_core.package_identification:_identify(.) by extension 'python_setup_py'
[0.120s] Level 1:colcon.colcon_core.package_identification:_identify(build) by extensions ['ignore', 'ignore_ament_install']
[0.120s] Level 1:colcon.colcon_core.package_identification:_identify(build) by extension 'ignore'
[0.120s] Level 1:colcon.colcon_core.package_identification:_identify(build) ignored
[0.120s] Level 1:colcon.colcon_core.package_identification:_identify(install) by extensions ['ignore', 'ignore_ament_install']
[0.120s] Level 1:colcon.colcon_core.package_identification:_identify(install) by extension 'ignore'
[0.121s] Level 1:colcon.colcon_core.package_identification:_identify(install) ignored
[0.121s] Level 1:colcon.colcon_core.package_identification:_identify(lab2) by extensions ['ignore', 'ignore_ament_install']
[0.121s] Level 1:colcon.colcon_core.package_identification:_identify(lab2) by extension 'ignore'
[0.121s] Level 1:colcon.colcon_core.package_identification:_identify(lab2) by extension 'ignore_ament_install'
[0.121s] Level 1:colcon.colcon_core.package_identification:_identify(lab2) by extensions ['colcon_pkg']
[0.121s] Level 1:colcon.colcon_core.package_identification:_identify(lab2) by extension 'colcon_pkg'
[0.121s] Level 1:colcon.colcon_core.package_identification:_identify(lab2) by extensions ['colcon_meta']
[0.121s] Level 1:colcon.colcon_core.package_identification:_identify(lab2) by extension 'colcon_meta'
[0.121s] Level 1:colcon.colcon_core.package_identification:_identify(lab2) by extensions ['ros']
[0.121s] Level 1:colcon.colcon_core.package_identification:_identify(lab2) by extension 'ros'
[0.122s] DEBUG:colcon.colcon_core.package_identification:Package 'lab2' with type 'ros.ament_python' and name 'lab2'
[0.123s] Level 1:colcon.colcon_core.package_identification:_identify(lab3_podejscie1) by extensions ['ignore', 'ignore_ament_install']
[0.123s] Level 1:colcon.colcon_core.package_identification:_identify(lab3_podejscie1) by extension 'ignore'
[0.123s] Level 1:colcon.colcon_core.package_identification:_identify(lab3_podejscie1) by extension 'ignore_ament_install'
[0.123s] Level 1:colcon.colcon_core.package_identification:_identify(lab3_podejscie1) by extensions ['colcon_pkg']
[0.123s] Level 1:colcon.colcon_core.package_identification:_identify(lab3_podejscie1) by extension 'colcon_pkg'
[0.123s] Level 1:colcon.colcon_core.package_identification:_identify(lab3_podejscie1) by extensions ['colcon_meta']
[0.123s] Level 1:colcon.colcon_core.package_identification:_identify(lab3_podejscie1) by extension 'colcon_meta'
[0.123s] Level 1:colcon.colcon_core.package_identification:_identify(lab3_podejscie1) by extensions ['ros']
[0.123s] Level 1:colcon.colcon_core.package_identification:_identify(lab3_podejscie1) by extension 'ros'
[0.123s] DEBUG:colcon.colcon_core.package_identification:Package 'lab3_podejscie1' with type 'ros.ament_python' and name 'lab3_podejscie1'
[0.123s] Level 1:colcon.colcon_core.package_identification:_identify(lab3_podejscie2) by extensions ['ignore', 'ignore_ament_install']
[0.123s] Level 1:colcon.colcon_core.package_identification:_identify(lab3_podejscie2) by extension 'ignore'
[0.123s] Level 1:colcon.colcon_core.package_identification:_identify(lab3_podejscie2) by extension 'ignore_ament_install'
[0.123s] Level 1:colcon.colcon_core.package_identification:_identify(lab3_podejscie2) by extensions ['colcon_pkg']
[0.124s] Level 1:colcon.colcon_core.package_identification:_identify(lab3_podejscie2) by extension 'colcon_pkg'
[0.124s] Level 1:colcon.colcon_core.package_identification:_identify(lab3_podejscie2) by extensions ['colcon_meta']
[0.124s] Level 1:colcon.colcon_core.package_identification:_identify(lab3_podejscie2) by extension 'colcon_meta'
[0.124s] Level 1:colcon.colcon_core.package_identification:_identify(lab3_podejscie2) by extensions ['ros']
[0.124s] Level 1:colcon.colcon_core.package_identification:_identify(lab3_podejscie2) by extension 'ros'
[0.124s] DEBUG:colcon.colcon_core.package_identification:Package 'lab3_podejscie2' with type 'ros.ament_python' and name 'lab3_podejscie2'
[0.124s] Level 1:colcon.colcon_core.package_identification:_identify(log) by extensions ['ignore', 'ignore_ament_install']
[0.124s] Level 1:colcon.colcon_core.package_identification:_identify(log) by extension 'ignore'
[0.124s] Level 1:colcon.colcon_core.package_identification:_identify(log) ignored
[0.124s] Level 1:colcon.colcon_core.package_identification:_identify(p1) by extensions ['ignore', 'ignore_ament_install']
[0.124s] Level 1:colcon.colcon_core.package_identification:_identify(p1) by extension 'ignore'
[0.124s] Level 1:colcon.colcon_core.package_identification:_identify(p1) by extension 'ignore_ament_install'
[0.124s] Level 1:colcon.colcon_core.package_identification:_identify(p1) by extensions ['colcon_pkg']
[0.124s] Level 1:colcon.colcon_core.package_identification:_identify(p1) by extension 'colcon_pkg'
[0.124s] Level 1:colcon.colcon_core.package_identification:_identify(p1) by extensions ['colcon_meta']
[0.124s] Level 1:colcon.colcon_core.package_identification:_identify(p1) by extension 'colcon_meta'
[0.125s] Level 1:colcon.colcon_core.package_identification:_identify(p1) by extensions ['ros']
[0.125s] Level 1:colcon.colcon_core.package_identification:_identify(p1) by extension 'ros'
[0.125s] DEBUG:colcon.colcon_core.package_identification:Package 'p1' with type 'ros.ament_python' and name 'p1'
[0.125s] Level 1:colcon.colcon_core.package_discovery:discover_packages(recursive) using defaults
[0.125s] Level 1:colcon.colcon_core.package_discovery:discover_packages(ignore) discover
[0.125s] Level 1:colcon.colcon_core.package_discovery:discover_packages(ignore) using defaults
[0.125s] Level 1:colcon.colcon_core.package_discovery:discover_packages(path) discover
[0.125s] Level 1:colcon.colcon_core.package_discovery:discover_packages(path) using defaults
[0.140s] Level 5:colcon.colcon_core.verb:set package 'lab2' build argument 'cmake_args' from command line to 'None'
[0.140s] Level 5:colcon.colcon_core.verb:set package 'lab2' build argument 'cmake_target' from command line to 'None'
[0.140s] Level 5:colcon.colcon_core.verb:set package 'lab2' build argument 'cmake_target_skip_unavailable' from command line to 'False'
[0.140s] Level 5:colcon.colcon_core.verb:set package 'lab2' build argument 'cmake_clean_cache' from command line to 'False'
[0.140s] Level 5:colcon.colcon_core.verb:set package 'lab2' build argument 'cmake_clean_first' from command line to 'False'
[0.140s] Level 5:colcon.colcon_core.verb:set package 'lab2' build argument 'cmake_force_configure' from command line to 'False'
[0.140s] Level 5:colcon.colcon_core.verb:set package 'lab2' build argument 'ament_cmake_args' from command line to 'None'
[0.140s] Level 5:colcon.colcon_core.verb:set package 'lab2' build argument 'catkin_cmake_args' from command line to 'None'
[0.140s] Level 5:colcon.colcon_core.verb:set package 'lab2' build argument 'catkin_skip_building_tests' from command line to 'False'
[0.140s] DEBUG:colcon.colcon_core.verb:Building package 'lab2' with the following arguments: {'ament_cmake_args': None, 'build_base': '/home/pdabrow1/dev_ws/src/dabrowski_synowiec/build/lab2', 'catkin_cmake_args': None, 'catkin_skip_building_tests': False, 'cmake_args': None, 'cmake_clean_cache': False, 'cmake_clean_first': False, 'cmake_force_configure': False, 'cmake_target': None, 'cmake_target_skip_unavailable': False, 'install_base': '/home/pdabrow1/dev_ws/src/dabrowski_synowiec/install/lab2', 'merge_install': False, 'path': '/home/pdabrow1/dev_ws/src/dabrowski_synowiec/lab2', 'symlink_install': False, 'test_result_base': None}
[0.142s] Level 5:colcon.colcon_core.verb:set package 'lab3_podejscie1' build argument 'cmake_args' from command line to 'None'
[0.142s] Level 5:colcon.colcon_core.verb:set package 'lab3_podejscie1' build argument 'cmake_target' from command line to 'None'
[0.142s] Level 5:colcon.colcon_core.verb:set package 'lab3_podejscie1' build argument 'cmake_target_skip_unavailable' from command line to 'False'
[0.142s] Level 5:colcon.colcon_core.verb:set package 'lab3_podejscie1' build argument 'cmake_clean_cache' from command line to 'False'
[0.142s] Level 5:colcon.colcon_core.verb:set package 'lab3_podejscie1' build argument 'cmake_clean_first' from command line to 'False'
[0.142s] Level 5:colcon.colcon_core.verb:set package 'lab3_podejscie1' build argument 'cmake_force_configure' from command line to 'False'
[0.142s] Level 5:colcon.colcon_core.verb:set package 'lab3_podejscie1' build argument 'ament_cmake_args' from command line to 'None'
[0.142s] Level 5:colcon.colcon_core.verb:set package 'lab3_podejscie1' build argument 'catkin_cmake_args' from command line to 'None'
[0.142s] Level 5:colcon.colcon_core.verb:set package 'lab3_podejscie1' build argument 'catkin_skip_building_tests' from command line to 'False'
[0.142s] DEBUG:colcon.colcon_core.verb:Building package 'lab3_podejscie1' with the following arguments: {'ament_cmake_args': None, 'build_base': '/home/pdabrow1/dev_ws/src/dabrowski_synowiec/build/lab3_podejscie1', 'catkin_cmake_args': None, 'catkin_skip_building_tests': False, 'cmake_args': None, 'cmake_clean_cache': False, 'cmake_clean_first': False, 'cmake_force_configure': False, 'cmake_target': None, 'cmake_target_skip_unavailable': False, 'install_base': '/home/pdabrow1/dev_ws/src/dabrowski_synowiec/install/lab3_podejscie1', 'merge_install': False, 'path': '/home/pdabrow1/dev_ws/src/dabrowski_synowiec/lab3_podejscie1', 'symlink_install': False, 'test_result_base': None}
[0.144s] Level 5:colcon.colcon_core.verb:set package 'lab3_podejscie2' build argument 'cmake_args' from command line to 'None'
[0.144s] Level 5:colcon.colcon_core.verb:set package 'lab3_podejscie2' build argument 'cmake_target' from command line to 'None'
[0.144s] Level 5:colcon.colcon_core.verb:set package 'lab3_podejscie2' build argument 'cmake_target_skip_unavailable' from command line to 'False'
[0.144s] Level 5:colcon.colcon_core.verb:set package 'lab3_podejscie2' build argument 'cmake_clean_cache' from command line to 'False'
[0.144s] Level 5:colcon.colcon_core.verb:set package 'lab3_podejscie2' build argument 'cmake_clean_first' from command line to 'False'
[0.144s] Level 5:colcon.colcon_core.verb:set package 'lab3_podejscie2' build argument 'cmake_force_configure' from command line to 'False'
[0.144s] Level 5:colcon.colcon_core.verb:set package 'lab3_podejscie2' build argument 'ament_cmake_args' from command line to 'None'
[0.144s] Level 5:colcon.colcon_core.verb:set package 'lab3_podejscie2' build argument 'catkin_cmake_args' from command line to 'None'
[0.144s] Level 5:colcon.colcon_core.verb:set package 'lab3_podejscie2' build argument 'catkin_skip_building_tests' from command line to 'False'
[0.144s] DEBUG:colcon.colcon_core.verb:Building package 'lab3_podejscie2' with the following arguments: {'ament_cmake_args': None, 'build_base': '/home/pdabrow1/dev_ws/src/dabrowski_synowiec/build/lab3_podejscie2', 'catkin_cmake_args': None, 'catkin_skip_building_tests': False, 'cmake_args': None, 'cmake_clean_cache': False, 'cmake_clean_first': False, 'cmake_force_configure': False, 'cmake_target': None, 'cmake_target_skip_unavailable': False, 'install_base': '/home/pdabrow1/dev_ws/src/dabrowski_synowiec/install/lab3_podejscie2', 'merge_install': False, 'path': '/home/pdabrow1/dev_ws/src/dabrowski_synowiec/lab3_podejscie2', 'symlink_install': False, 'test_result_base': None}
[0.146s] Level 5:colcon.colcon_core.verb:set package 'p1' build argument 'cmake_args' from command line to 'None'
[0.146s] Level 5:colcon.colcon_core.verb:set package 'p1' build argument 'cmake_target' from command line to 'None'
[0.146s] Level 5:colcon.colcon_core.verb:set package 'p1' build argument 'cmake_target_skip_unavailable' from command line to 'False'
[0.146s] Level 5:colcon.colcon_core.verb:set package 'p1' build argument 'cmake_clean_cache' from command line to 'False'
[0.146s] Level 5:colcon.colcon_core.verb:set package 'p1' build argument 'cmake_clean_first' from command line to 'False'
[0.146s] Level 5:colcon.colcon_core.verb:set package 'p1' build argument 'cmake_force_configure' from command line to 'False'
[0.146s] Level 5:colcon.colcon_core.verb:set package 'p1' build argument 'ament_cmake_args' from command line to 'None'
[0.146s] Level 5:colcon.colcon_core.verb:set package 'p1' build argument 'catkin_cmake_args' from command line to 'None'
[0.146s] Level 5:colcon.colcon_core.verb:set package 'p1' build argument 'catkin_skip_building_tests' from command line to 'False'
[0.146s] DEBUG:colcon.colcon_core.verb:Building package 'p1' with the following arguments: {'ament_cmake_args': None, 'build_base': '/home/pdabrow1/dev_ws/src/dabrowski_synowiec/build/p1', 'catkin_cmake_args': None, 'catkin_skip_building_tests': False, 'cmake_args': None, 'cmake_clean_cache': False, 'cmake_clean_first': False, 'cmake_force_configure': False, 'cmake_target': None, 'cmake_target_skip_unavailable': False, 'install_base': '/home/pdabrow1/dev_ws/src/dabrowski_synowiec/install/p1', 'merge_install': False, 'path': '/home/pdabrow1/dev_ws/src/dabrowski_synowiec/p1', 'symlink_install': False, 'test_result_base': None}
[0.146s] INFO:colcon.colcon_core.executor:Executing jobs using 'parallel' executor
[0.148s] DEBUG:colcon.colcon_parallel_executor.executor.parallel:run_until_complete
[0.148s] INFO:colcon.colcon_ros.task.ament_python.build:Building ROS package in '/home/pdabrow1/dev_ws/src/dabrowski_synowiec/lab2' with build type 'ament_python'
[0.148s] Level 1:colcon.colcon_core.shell:create_environment_hook('lab2', 'ament_prefix_path')
[0.151s] INFO:colcon.colcon_core.plugin_system:Skipping extension 'colcon_core.shell.bat': Not used on non-Windows systems
[0.151s] INFO:colcon.colcon_core.shell:Creating environment hook '/home/pdabrow1/dev_ws/src/dabrowski_synowiec/install/lab2/share/lab2/hook/ament_prefix_path.ps1'
[0.152s] INFO:colcon.colcon_core.shell:Creating environment descriptor '/home/pdabrow1/dev_ws/src/dabrowski_synowiec/install/lab2/share/lab2/hook/ament_prefix_path.dsv'
[0.152s] INFO:colcon.colcon_core.shell:Creating environment hook '/home/pdabrow1/dev_ws/src/dabrowski_synowiec/install/lab2/share/lab2/hook/ament_prefix_path.sh'
[0.153s] INFO:colcon.colcon_core.shell:Skip shell extension 'powershell' for command environment: Not usable outside of PowerShell
[0.153s] DEBUG:colcon.colcon_core.shell:Skip shell extension 'dsv' for command environment
[0.154s] DEBUG:colcon.colcon_core.shell:Ignoring prefix path '/opt/ros/foxy'
[0.156s] INFO:colcon.colcon_ros.task.ament_python.build:Building ROS package in '/home/pdabrow1/dev_ws/src/dabrowski_synowiec/lab3_podejscie1' with build type 'ament_python'
[0.156s] Level 1:colcon.colcon_core.shell:create_environment_hook('lab3_podejscie1', 'ament_prefix_path')
[0.157s] INFO:colcon.colcon_core.shell:Creating environment hook '/home/pdabrow1/dev_ws/src/dabrowski_synowiec/install/lab3_podejscie1/share/lab3_podejscie1/hook/ament_prefix_path.ps1'
[0.158s] INFO:colcon.colcon_core.shell:Creating environment descriptor '/home/pdabrow1/dev_ws/src/dabrowski_synowiec/install/lab3_podejscie1/share/lab3_podejscie1/hook/ament_prefix_path.dsv'
[0.158s] INFO:colcon.colcon_core.shell:Creating environment hook '/home/pdabrow1/dev_ws/src/dabrowski_synowiec/install/lab3_podejscie1/share/lab3_podejscie1/hook/ament_prefix_path.sh'
[0.159s] INFO:colcon.colcon_core.shell:Skip shell extension 'powershell' for command environment: Not usable outside of PowerShell
[0.159s] DEBUG:colcon.colcon_core.shell:Skip shell extension 'dsv' for command environment
[0.160s] DEBUG:colcon.colcon_core.shell:Ignoring prefix path '/opt/ros/foxy'
[0.162s] INFO:colcon.colcon_ros.task.ament_python.build:Building ROS package in '/home/pdabrow1/dev_ws/src/dabrowski_synowiec/lab3_podejscie2' with build type 'ament_python'
[0.162s] Level 1:colcon.colcon_core.shell:create_environment_hook('lab3_podejscie2', 'ament_prefix_path')
[0.162s] INFO:colcon.colcon_core.shell:Creating environment hook '/home/pdabrow1/dev_ws/src/dabrowski_synowiec/install/lab3_podejscie2/share/lab3_podejscie2/hook/ament_prefix_path.ps1'
[0.163s] INFO:colcon.colcon_core.shell:Creating environment descriptor '/home/pdabrow1/dev_ws/src/dabrowski_synowiec/install/lab3_podejscie2/share/lab3_podejscie2/hook/ament_prefix_path.dsv'
[0.163s] INFO:colcon.colcon_core.shell:Creating environment hook '/home/pdabrow1/dev_ws/src/dabrowski_synowiec/install/lab3_podejscie2/share/lab3_podejscie2/hook/ament_prefix_path.sh'
[0.164s] INFO:colcon.colcon_core.shell:Skip shell extension 'powershell' for command environment: Not usable outside of PowerShell
[0.164s] DEBUG:colcon.colcon_core.shell:Skip shell extension 'dsv' for command environment
[0.165s] DEBUG:colcon.colcon_core.shell:Ignoring prefix path '/opt/ros/foxy'
[0.166s] INFO:colcon.colcon_ros.task.ament_python.build:Building ROS package in '/home/pdabrow1/dev_ws/src/dabrowski_synowiec/p1' with build type 'ament_python'
[0.167s] Level 1:colcon.colcon_core.shell:create_environment_hook('p1', 'ament_prefix_path')
[0.167s] INFO:colcon.colcon_core.shell:Creating environment hook '/home/pdabrow1/dev_ws/src/dabrowski_synowiec/install/p1/share/p1/hook/ament_prefix_path.ps1'
[0.168s] INFO:colcon.colcon_core.shell:Creating environment descriptor '/home/pdabrow1/dev_ws/src/dabrowski_synowiec/install/p1/share/p1/hook/ament_prefix_path.dsv'
[0.168s] INFO:colcon.colcon_core.shell:Creating environment hook '/home/pdabrow1/dev_ws/src/dabrowski_synowiec/install/p1/share/p1/hook/ament_prefix_path.sh'
[0.169s] INFO:colcon.colcon_core.shell:Skip shell extension 'powershell' for command environment: Not usable outside of PowerShell
[0.169s] DEBUG:colcon.colcon_core.shell:Skip shell extension 'dsv' for command environment
[0.171s] DEBUG:colcon.colcon_core.shell:Ignoring prefix path '/opt/ros/foxy'
[0.347s] INFO:colcon.colcon_core.task.python.build:Building Python package in '/home/pdabrow1/dev_ws/src/dabrowski_synowiec/lab2'
[0.348s] INFO:colcon.colcon_core.shell:Skip shell extension 'powershell' for command environment: Not usable outside of PowerShell
[0.348s] DEBUG:colcon.colcon_core.shell:Skip shell extension 'dsv' for command environment
[0.349s] DEBUG:colcon.colcon_core.shell:Ignoring prefix path '/opt/ros/foxy'
[0.522s] INFO:colcon.colcon_core.task.python.build:Building Python package in '/home/pdabrow1/dev_ws/src/dabrowski_synowiec/lab3_podejscie1'
[0.523s] INFO:colcon.colcon_core.shell:Skip shell extension 'powershell' for command environment: Not usable outside of PowerShell
[0.523s] DEBUG:colcon.colcon_core.shell:Skip shell extension 'dsv' for command environment
[0.524s] DEBUG:colcon.colcon_core.shell:Ignoring prefix path '/opt/ros/foxy'
[0.680s] INFO:colcon.colcon_core.task.python.build:Building Python package in '/home/pdabrow1/dev_ws/src/dabrowski_synowiec/lab3_podejscie2'
[0.681s] INFO:colcon.colcon_core.shell:Skip shell extension 'powershell' for command environment: Not usable outside of PowerShell
[0.681s] DEBUG:colcon.colcon_core.shell:Skip shell extension 'dsv' for command environment
[0.682s] DEBUG:colcon.colcon_core.shell:Ignoring prefix path '/opt/ros/foxy'
[0.839s] INFO:colcon.colcon_core.task.python.build:Building Python package in '/home/pdabrow1/dev_ws/src/dabrowski_synowiec/p1'
[0.840s] INFO:colcon.colcon_core.shell:Skip shell extension 'powershell' for command environment: Not usable outside of PowerShell
[0.840s] DEBUG:colcon.colcon_core.shell:Skip shell extension 'dsv' for command environment
[0.841s] DEBUG:colcon.colcon_core.shell:Ignoring prefix path '/opt/ros/foxy'
[0.857s] DEBUG:colcon.colcon_core.event_handler.log_command:Invoking command in '/home/pdabrow1/dev_ws/src/dabrowski_synowiec/build/lab2': PYTHONPATH=/home/pdabrow1/dev_ws/src/dabrowski_synowiec/install/lab2/lib/python3.8/site-packages:${PYTHONPATH} /usr/bin/python3 setup.py develop --prefix /home/pdabrow1/dev_ws/src/dabrowski_synowiec/install/lab2 --uninstall --editable --build-directory /home/pdabrow1/dev_ws/src/dabrowski_synowiec/build/lab2/build
[0.857s] DEBUG:colcon.colcon_core.event_handler.log_command:Invoking command in '/home/pdabrow1/dev_ws/src/dabrowski_synowiec/lab3_podejscie1': PYTHONPATH=/home/pdabrow1/dev_ws/src/dabrowski_synowiec/install/lab3_podejscie1/lib/python3.8/site-packages:${PYTHONPATH} /usr/bin/python3 setup.py egg_info --egg-base ../build/lab3_podejscie1 build --build-base /home/pdabrow1/dev_ws/src/dabrowski_synowiec/build/lab3_podejscie1/build install --prefix /home/pdabrow1/dev_ws/src/dabrowski_synowiec/install/lab3_podejscie1 --record /home/pdabrow1/dev_ws/src/dabrowski_synowiec/build/lab3_podejscie1/install.log --single-version-externally-managed
[0.858s] DEBUG:colcon.colcon_core.event_handler.log_command:Invoking command in '/home/pdabrow1/dev_ws/src/dabrowski_synowiec/lab3_podejscie2': PYTHONPATH=/home/pdabrow1/dev_ws/src/dabrowski_synowiec/install/lab3_podejscie2/lib/python3.8/site-packages:${PYTHONPATH} /usr/bin/python3 setup.py egg_info --egg-base ../build/lab3_podejscie2 build --build-base /home/pdabrow1/dev_ws/src/dabrowski_synowiec/build/lab3_podejscie2/build install --prefix /home/pdabrow1/dev_ws/src/dabrowski_synowiec/install/lab3_podejscie2 --record /home/pdabrow1/dev_ws/src/dabrowski_synowiec/build/lab3_podejscie2/install.log --single-version-externally-managed
[0.858s] DEBUG:colcon.colcon_core.event_handler.log_command:Invoking command in '/home/pdabrow1/dev_ws/src/dabrowski_synowiec/p1': PYTHONPATH=/home/pdabrow1/dev_ws/src/dabrowski_synowiec/install/p1/lib/python3.8/site-packages:${PYTHONPATH} /usr/bin/python3 setup.py egg_info --egg-base ../build/p1 build --build-base /home/pdabrow1/dev_ws/src/dabrowski_synowiec/build/p1/build install --prefix /home/pdabrow1/dev_ws/src/dabrowski_synowiec/install/p1 --record /home/pdabrow1/dev_ws/src/dabrowski_synowiec/build/p1/install.log --single-version-externally-managed
[1.056s] DEBUG:colcon.colcon_core.event_handler.log_command:Invoked command in '/home/pdabrow1/dev_ws/src/dabrowski_synowiec/lab3_podejscie1' returned '0': PYTHONPATH=/home/pdabrow1/dev_ws/src/dabrowski_synowiec/install/lab3_podejscie1/lib/python3.8/site-packages:${PYTHONPATH} /usr/bin/python3 setup.py egg_info --egg-base ../build/lab3_podejscie1 build --build-base /home/pdabrow1/dev_ws/src/dabrowski_synowiec/build/lab3_podejscie1/build install --prefix /home/pdabrow1/dev_ws/src/dabrowski_synowiec/install/lab3_podejscie1 --record /home/pdabrow1/dev_ws/src/dabrowski_synowiec/build/lab3_podejscie1/install.log --single-version-externally-managed
[1.058s] Level 1:colcon.colcon_core.environment:checking '/home/pdabrow1/dev_ws/src/dabrowski_synowiec/install/lab3_podejscie1' for CMake module files
[1.059s] Level 1:colcon.colcon_core.environment:checking '/home/pdabrow1/dev_ws/src/dabrowski_synowiec/install/lab3_podejscie1' for CMake config files
[1.059s] Level 1:colcon.colcon_core.environment:checking '/home/pdabrow1/dev_ws/src/dabrowski_synowiec/install/lab3_podejscie1/lib'
[1.060s] Level 1:colcon.colcon_core.environment:checking '/home/pdabrow1/dev_ws/src/dabrowski_synowiec/install/lab3_podejscie1/bin'
[1.060s] Level 1:colcon.colcon_core.environment:checking '/home/pdabrow1/dev_ws/src/dabrowski_synowiec/install/lab3_podejscie1/lib/pkgconfig/lab3_podejscie1.pc'
[1.060s] Level 1:colcon.colcon_core.environment:checking '/home/pdabrow1/dev_ws/src/dabrowski_synowiec/install/lab3_podejscie1/lib/python3.8/site-packages'
[1.060s] Level 1:colcon.colcon_core.shell:create_environment_hook('lab3_podejscie1', 'pythonpath')
[1.060s] INFO:colcon.colcon_core.shell:Creating environment hook '/home/pdabrow1/dev_ws/src/dabrowski_synowiec/install/lab3_podejscie1/share/lab3_podejscie1/hook/pythonpath.ps1'
[1.061s] INFO:colcon.colcon_core.shell:Creating environment descriptor '/home/pdabrow1/dev_ws/src/dabrowski_synowiec/install/lab3_podejscie1/share/lab3_podejscie1/hook/pythonpath.dsv'
[1.061s] INFO:colcon.colcon_core.shell:Creating environment hook '/home/pdabrow1/dev_ws/src/dabrowski_synowiec/install/lab3_podejscie1/share/lab3_podejscie1/hook/pythonpath.sh'
[1.061s] Level 1:colcon.colcon_core.environment:create_environment_scripts_only(lab3_podejscie1)
[1.062s] INFO:colcon.colcon_core.shell:Creating package script '/home/pdabrow1/dev_ws/src/dabrowski_synowiec/install/lab3_podejscie1/share/lab3_podejscie1/package.ps1'
[1.063s] INFO:colcon.colcon_core.shell:Creating package descriptor '/home/pdabrow1/dev_ws/src/dabrowski_synowiec/install/lab3_podejscie1/share/lab3_podejscie1/package.dsv'
[1.063s] INFO:colcon.colcon_core.shell:Creating package script '/home/pdabrow1/dev_ws/src/dabrowski_synowiec/install/lab3_podejscie1/share/lab3_podejscie1/package.sh'
[1.064s] INFO:colcon.colcon_core.shell:Creating package script '/home/pdabrow1/dev_ws/src/dabrowski_synowiec/install/lab3_podejscie1/share/lab3_podejscie1/package.bash'
[1.064s] INFO:colcon.colcon_core.shell:Creating package script '/home/pdabrow1/dev_ws/src/dabrowski_synowiec/install/lab3_podejscie1/share/lab3_podejscie1/package.zsh'
[1.065s] Level 1:colcon.colcon_core.environment:create_file_with_runtime_dependencies(/home/pdabrow1/dev_ws/src/dabrowski_synowiec/install/lab3_podejscie1/share/colcon-core/packages/lab3_podejscie1)
[1.066s] Level 1:colcon.colcon_core.environment:checking '/home/pdabrow1/dev_ws/src/dabrowski_synowiec/install/lab3_podejscie2' for CMake module files
[1.067s] DEBUG:colcon.colcon_core.event_handler.log_command:Invoked command in '/home/pdabrow1/dev_ws/src/dabrowski_synowiec/lab3_podejscie2' returned '0': PYTHONPATH=/home/pdabrow1/dev_ws/src/dabrowski_synowiec/install/lab3_podejscie2/lib/python3.8/site-packages:${PYTHONPATH} /usr/bin/python3 setup.py egg_info --egg-base ../build/lab3_podejscie2 build --build-base /home/pdabrow1/dev_ws/src/dabrowski_synowiec/build/lab3_podejscie2/build install --prefix /home/pdabrow1/dev_ws/src/dabrowski_synowiec/install/lab3_podejscie2 --record /home/pdabrow1/dev_ws/src/dabrowski_synowiec/build/lab3_podejscie2/install.log --single-version-externally-managed
[1.067s] Level 1:colcon.colcon_core.environment:checking '/home/pdabrow1/dev_ws/src/dabrowski_synowiec/install/lab3_podejscie2' for CMake config files
[1.068s] Level 1:colcon.colcon_core.environment:checking '/home/pdabrow1/dev_ws/src/dabrowski_synowiec/install/lab3_podejscie2/lib'
[1.068s] Level 1:colcon.colcon_core.environment:checking '/home/pdabrow1/dev_ws/src/dabrowski_synowiec/install/lab3_podejscie2/bin'
[1.068s] Level 1:colcon.colcon_core.environment:checking '/home/pdabrow1/dev_ws/src/dabrowski_synowiec/install/lab3_podejscie2/lib/pkgconfig/lab3_podejscie2.pc'
[1.068s] Level 1:colcon.colcon_core.environment:checking '/home/pdabrow1/dev_ws/src/dabrowski_synowiec/install/lab3_podejscie2/lib/python3.8/site-packages'
[1.068s] Level 1:colcon.colcon_core.shell:create_environment_hook('lab3_podejscie2', 'pythonpath')
[1.068s] INFO:colcon.colcon_core.shell:Creating environment hook '/home/pdabrow1/dev_ws/src/dabrowski_synowiec/install/lab3_podejscie2/share/lab3_podejscie2/hook/pythonpath.ps1'
[1.068s] INFO:colcon.colcon_core.shell:Creating environment descriptor '/home/pdabrow1/dev_ws/src/dabrowski_synowiec/install/lab3_podejscie2/share/lab3_podejscie2/hook/pythonpath.dsv'
[1.069s] INFO:colcon.colcon_core.shell:Creating environment hook '/home/pdabrow1/dev_ws/src/dabrowski_synowiec/install/lab3_podejscie2/share/lab3_podejscie2/hook/pythonpath.sh'
[1.069s] Level 1:colcon.colcon_core.environment:create_environment_scripts_only(lab3_podejscie2)
[1.069s] INFO:colcon.colcon_core.shell:Creating package script '/home/pdabrow1/dev_ws/src/dabrowski_synowiec/install/lab3_podejscie2/share/lab3_podejscie2/package.ps1'
[1.069s] INFO:colcon.colcon_core.shell:Creating package descriptor '/home/pdabrow1/dev_ws/src/dabrowski_synowiec/install/lab3_podejscie2/share/lab3_podejscie2/package.dsv'
[1.070s] INFO:colcon.colcon_core.shell:Creating package script '/home/pdabrow1/dev_ws/src/dabrowski_synowiec/install/lab3_podejscie2/share/lab3_podejscie2/package.sh'
[1.070s] INFO:colcon.colcon_core.shell:Creating package script '/home/pdabrow1/dev_ws/src/dabrowski_synowiec/install/lab3_podejscie2/share/lab3_podejscie2/package.bash'
[1.070s] INFO:colcon.colcon_core.shell:Creating package script '/home/pdabrow1/dev_ws/src/dabrowski_synowiec/install/lab3_podejscie2/share/lab3_podejscie2/package.zsh'
[1.070s] Level 1:colcon.colcon_core.environment:create_file_with_runtime_dependencies(/home/pdabrow1/dev_ws/src/dabrowski_synowiec/install/lab3_podejscie2/share/colcon-core/packages/lab3_podejscie2)
[1.071s] Level 1:colcon.colcon_core.environment:checking '/home/pdabrow1/dev_ws/src/dabrowski_synowiec/install/p1' for CMake module files
[1.072s] DEBUG:colcon.colcon_core.event_handler.log_command:Invoked command in '/home/pdabrow1/dev_ws/src/dabrowski_synowiec/p1' returned '0': PYTHONPATH=/home/pdabrow1/dev_ws/src/dabrowski_synowiec/install/p1/lib/python3.8/site-packages:${PYTHONPATH} /usr/bin/python3 setup.py egg_info --egg-base ../build/p1 build --build-base /home/pdabrow1/dev_ws/src/dabrowski_synowiec/build/p1/build install --prefix /home/pdabrow1/dev_ws/src/dabrowski_synowiec/install/p1 --record /home/pdabrow1/dev_ws/src/dabrowski_synowiec/build/p1/install.log --single-version-externally-managed
[1.072s] Level 1:colcon.colcon_core.environment:checking '/home/pdabrow1/dev_ws/src/dabrowski_synowiec/install/p1' for CMake config files
[1.072s] Level 1:colcon.colcon_core.environment:checking '/home/pdabrow1/dev_ws/src/dabrowski_synowiec/install/p1/lib'
[1.072s] Level 1:colcon.colcon_core.environment:checking '/home/pdabrow1/dev_ws/src/dabrowski_synowiec/install/p1/bin'
[1.072s] Level 1:colcon.colcon_core.environment:checking '/home/pdabrow1/dev_ws/src/dabrowski_synowiec/install/p1/lib/pkgconfig/p1.pc'
[1.072s] Level 1:colcon.colcon_core.environment:checking '/home/pdabrow1/dev_ws/src/dabrowski_synowiec/install/p1/lib/python3.8/site-packages'
[1.072s] Level 1:colcon.colcon_core.shell:create_environment_hook('p1', 'pythonpath')
[1.073s] INFO:colcon.colcon_core.shell:Creating environment hook '/home/pdabrow1/dev_ws/src/dabrowski_synowiec/install/p1/share/p1/hook/pythonpath.ps1'
[1.073s] INFO:colcon.colcon_core.shell:Creating environment descriptor '/home/pdabrow1/dev_ws/src/dabrowski_synowiec/install/p1/share/p1/hook/pythonpath.dsv'
[1.073s] INFO:colcon.colcon_core.shell:Creating environment hook '/home/pdabrow1/dev_ws/src/dabrowski_synowiec/install/p1/share/p1/hook/pythonpath.sh'
[1.073s] Level 1:colcon.colcon_core.environment:create_environment_scripts_only(p1)
[1.074s] INFO:colcon.colcon_core.shell:Creating package script '/home/pdabrow1/dev_ws/src/dabrowski_synowiec/install/p1/share/p1/package.ps1'
[1.074s] INFO:colcon.colcon_core.shell:Creating package descriptor '/home/pdabrow1/dev_ws/src/dabrowski_synowiec/install/p1/share/p1/package.dsv'
[1.074s] INFO:colcon.colcon_core.shell:Creating package script '/home/pdabrow1/dev_ws/src/dabrowski_synowiec/install/p1/share/p1/package.sh'
[1.075s] INFO:colcon.colcon_core.shell:Creating package script '/home/pdabrow1/dev_ws/src/dabrowski_synowiec/install/p1/share/p1/package.bash'
[1.075s] INFO:colcon.colcon_core.shell:Creating package script '/home/pdabrow1/dev_ws/src/dabrowski_synowiec/install/p1/share/p1/package.zsh'
[1.075s] Level 1:colcon.colcon_core.environment:create_file_with_runtime_dependencies(/home/pdabrow1/dev_ws/src/dabrowski_synowiec/install/p1/share/colcon-core/packages/p1)
[1.115s] DEBUG:colcon.colcon_core.event_handler.log_command:Invoked command in '/home/pdabrow1/dev_ws/src/dabrowski_synowiec/build/lab2' returned '0': PYTHONPATH=/home/pdabrow1/dev_ws/src/dabrowski_synowiec/install/lab2/lib/python3.8/site-packages:${PYTHONPATH} /usr/bin/python3 setup.py develop --prefix /home/pdabrow1/dev_ws/src/dabrowski_synowiec/install/lab2 --uninstall --editable --build-directory /home/pdabrow1/dev_ws/src/dabrowski_synowiec/build/lab2/build
[1.115s] DEBUG:colcon.colcon_core.event_handler.log_command:Invoking command in '/home/pdabrow1/dev_ws/src/dabrowski_synowiec/lab2': PYTHONPATH=/home/pdabrow1/dev_ws/src/dabrowski_synowiec/install/lab2/lib/python3.8/site-packages:${PYTHONPATH} /usr/bin/python3 setup.py egg_info --egg-base ../build/lab2 build --build-base /home/pdabrow1/dev_ws/src/dabrowski_synowiec/build/lab2/build install --prefix /home/pdabrow1/dev_ws/src/dabrowski_synowiec/install/lab2 --record /home/pdabrow1/dev_ws/src/dabrowski_synowiec/build/lab2/install.log --single-version-externally-managed
[1.324s] Level 1:colcon.colcon_core.environment:checking '/home/pdabrow1/dev_ws/src/dabrowski_synowiec/install/lab2' for CMake module files
[1.324s] DEBUG:colcon.colcon_core.event_handler.log_command:Invoked command in '/home/pdabrow1/dev_ws/src/dabrowski_synowiec/lab2' returned '0': PYTHONPATH=/home/pdabrow1/dev_ws/src/dabrowski_synowiec/install/lab2/lib/python3.8/site-packages:${PYTHONPATH} /usr/bin/python3 setup.py egg_info --egg-base ../build/lab2 build --build-base /home/pdabrow1/dev_ws/src/dabrowski_synowiec/build/lab2/build install --prefix /home/pdabrow1/dev_ws/src/dabrowski_synowiec/install/lab2 --record /home/pdabrow1/dev_ws/src/dabrowski_synowiec/build/lab2/install.log --single-version-externally-managed
[1.324s] Level 1:colcon.colcon_core.environment:checking '/home/pdabrow1/dev_ws/src/dabrowski_synowiec/install/lab2' for CMake config files
[1.325s] Level 1:colcon.colcon_core.environment:checking '/home/pdabrow1/dev_ws/src/dabrowski_synowiec/install/lab2/lib'
[1.325s] Level 1:colcon.colcon_core.environment:checking '/home/pdabrow1/dev_ws/src/dabrowski_synowiec/install/lab2/bin'
[1.325s] Level 1:colcon.colcon_core.environment:checking '/home/pdabrow1/dev_ws/src/dabrowski_synowiec/install/lab2/lib/pkgconfig/lab2.pc'
[1.325s] Level 1:colcon.colcon_core.environment:checking '/home/pdabrow1/dev_ws/src/dabrowski_synowiec/install/lab2/lib/python3.8/site-packages'
[1.325s] Level 1:colcon.colcon_core.shell:create_environment_hook('lab2', 'pythonpath')
[1.325s] INFO:colcon.colcon_core.shell:Creating environment hook '/home/pdabrow1/dev_ws/src/dabrowski_synowiec/install/lab2/share/lab2/hook/pythonpath.ps1'
[1.326s] INFO:colcon.colcon_core.shell:Creating environment descriptor '/home/pdabrow1/dev_ws/src/dabrowski_synowiec/install/lab2/share/lab2/hook/pythonpath.dsv'
[1.326s] INFO:colcon.colcon_core.shell:Creating environment hook '/home/pdabrow1/dev_ws/src/dabrowski_synowiec/install/lab2/share/lab2/hook/pythonpath.sh'
[1.326s] Level 1:colcon.colcon_core.environment:create_environment_scripts_only(lab2)
[1.327s] INFO:colcon.colcon_core.shell:Creating package script '/home/pdabrow1/dev_ws/src/dabrowski_synowiec/install/lab2/share/lab2/package.ps1'
[1.327s] INFO:colcon.colcon_core.shell:Creating package descriptor '/home/pdabrow1/dev_ws/src/dabrowski_synowiec/install/lab2/share/lab2/package.dsv'
[1.327s] INFO:colcon.colcon_core.shell:Creating package script '/home/pdabrow1/dev_ws/src/dabrowski_synowiec/install/lab2/share/lab2/package.sh'
[1.328s] INFO:colcon.colcon_core.shell:Creating package script '/home/pdabrow1/dev_ws/src/dabrowski_synowiec/install/lab2/share/lab2/package.bash'
[1.328s] INFO:colcon.colcon_core.shell:Creating package script '/home/pdabrow1/dev_ws/src/dabrowski_synowiec/install/lab2/share/lab2/package.zsh'
[1.328s] Level 1:colcon.colcon_core.environment:create_file_with_runtime_dependencies(/home/pdabrow1/dev_ws/src/dabrowski_synowiec/install/lab2/share/colcon-core/packages/lab2)
[1.328s] DEBUG:colcon.colcon_parallel_executor.executor.parallel:closing loop
[1.329s] DEBUG:colcon.colcon_parallel_executor.executor.parallel:loop closed
[1.329s] DEBUG:colcon.colcon_parallel_executor.executor.parallel:run_until_complete finished with '0'
[1.329s] DEBUG:colcon.colcon_core.event_reactor:joining thread
[1.333s] INFO:colcon.colcon_core.plugin_system:Skipping extension 'colcon_notification.desktop_notification.terminal_notifier': Not used on non-Darwin systems
[1.333s] INFO:colcon.colcon_core.plugin_system:Skipping extension 'colcon_notification.desktop_notification.win32': Not used on non-Windows systems
[1.333s] INFO:colcon.colcon_notification.desktop_notification:Sending desktop notification using 'notify2'
[1.346s] DEBUG:colcon.colcon_core.event_reactor:joined thread
[1.347s] INFO:colcon.colcon_core.shell:Creating prefix script '/home/pdabrow1/dev_ws/src/dabrowski_synowiec/install/local_setup.ps1'
[1.348s] INFO:colcon.colcon_core.shell:Creating prefix util module '/home/pdabrow1/dev_ws/src/dabrowski_synowiec/install/_local_setup_util_ps1.py'
[1.348s] INFO:colcon.colcon_core.shell:Creating prefix chain script '/home/pdabrow1/dev_ws/src/dabrowski_synowiec/install/setup.ps1'
[1.350s] INFO:colcon.colcon_core.shell:Creating prefix script '/home/pdabrow1/dev_ws/src/dabrowski_synowiec/install/local_setup.sh'
[1.350s] INFO:colcon.colcon_core.shell:Creating prefix util module '/home/pdabrow1/dev_ws/src/dabrowski_synowiec/install/_local_setup_util_sh.py'
[1.350s] INFO:colcon.colcon_core.shell:Creating prefix chain script '/home/pdabrow1/dev_ws/src/dabrowski_synowiec/install/setup.sh'
[1.352s] INFO:colcon.colcon_core.shell:Creating prefix script '/home/pdabrow1/dev_ws/src/dabrowski_synowiec/install/local_setup.bash'
[1.352s] INFO:colcon.colcon_core.shell:Creating prefix chain script '/home/pdabrow1/dev_ws/src/dabrowski_synowiec/install/setup.bash'
[1.354s] INFO:colcon.colcon_core.shell:Creating prefix script '/home/pdabrow1/dev_ws/src/dabrowski_synowiec/install/local_setup.zsh'
[1.355s] INFO:colcon.colcon_core.shell:Creating prefix chain script '/home/pdabrow1/dev_ws/src/dabrowski_synowiec/install/setup.zsh'
