[1.064s] DEBUG:colcon:Command line arguments: ['/usr/bin/colcon', 'build']
[1.064s] DEBUG:colcon:Parsed command line arguments: Namespace(ament_cmake_args=None, base_paths=['.'], build_base='build', catkin_cmake_args=None, catkin_skip_building_tests=False, cmake_args=None, cmake_clean_cache=False, cmake_clean_first=False, cmake_force_configure=False, cmake_target=None, cmake_target_skip_unavailable=False, continue_on_error=False, event_handlers=None, executor='parallel', ignore_user_meta=False, install_base='install', log_base=None, log_level=None, main=<bound method BuildVerb.main of <colcon_core.verb.build.BuildVerb object at 0x7f7f955a6580>>, merge_install=False, metas=['./colcon.meta'], packages_above=None, packages_above_and_dependencies=None, packages_above_depth=None, packages_end=None, packages_ignore=None, packages_ignore_regex=None, packages_select=None, packages_select_build_failed=False, packages_select_by_dep=None, packages_select_regex=None, packages_select_test_failures=False, packages_skip=None, packages_skip_build_finished=False, packages_skip_by_dep=None, packages_skip_regex=None, packages_skip_test_passed=False, packages_skip_up_to=None, packages_start=None, packages_up_to=None, packages_up_to_regex=None, parallel_workers=6, paths=None, symlink_install=False, test_result_base=None, verb_extension=<colcon_core.verb.build.BuildVerb object at 0x7f7f955a6580>, verb_name='build', verb_parser=<colcon_defaults.argument_parser.defaults.DefaultArgumentsDecorator object at 0x7f7f955a6ac0>)
[1.110s] Level 1:colcon.colcon_core.package_discovery:discover_packages(colcon_meta) check parameters
[1.110s] Level 1:colcon.colcon_core.package_discovery:discover_packages(recursive) check parameters
[1.110s] Level 1:colcon.colcon_core.package_discovery:discover_packages(ignore) check parameters
[1.110s] Level 1:colcon.colcon_core.package_discovery:discover_packages(path) check parameters
[1.110s] Level 1:colcon.colcon_core.package_discovery:discover_packages(colcon_meta) discover
[1.110s] Level 1:colcon.colcon_core.package_discovery:discover_packages(recursive) discover
[1.110s] INFO:colcon.colcon_core.package_discovery:Crawling recursively for packages in '/home/pdabrow1/dev_ws/src/dabrowski_synowiec'
[1.111s] Level 1:colcon.colcon_core.package_identification:_identify(.) by extensions ['ignore', 'ignore_ament_install']
[1.111s] Level 1:colcon.colcon_core.package_identification:_identify(.) by extension 'ignore'
[1.111s] Level 1:colcon.colcon_core.package_identification:_identify(.) by extension 'ignore_ament_install'
[1.111s] Level 1:colcon.colcon_core.package_identification:_identify(.) by extensions ['colcon_pkg']
[1.111s] Level 1:colcon.colcon_core.package_identification:_identify(.) by extension 'colcon_pkg'
[1.111s] Level 1:colcon.colcon_core.package_identification:_identify(.) by extensions ['colcon_meta']
[1.111s] Level 1:colcon.colcon_core.package_identification:_identify(.) by extension 'colcon_meta'
[1.111s] Level 1:colcon.colcon_core.package_identification:_identify(.) by extensions ['ros']
[1.111s] Level 1:colcon.colcon_core.package_identification:_identify(.) by extension 'ros'
[1.147s] Level 1:colcon.colcon_core.package_identification:_identify(.) by extensions ['cmake', 'python']
[1.147s] Level 1:colcon.colcon_core.package_identification:_identify(.) by extension 'cmake'
[1.147s] Level 1:colcon.colcon_core.package_identification:_identify(.) by extension 'python'
[1.147s] Level 1:colcon.colcon_core.package_identification:_identify(.) by extensions ['python_setup_py']
[1.147s] Level 1:colcon.colcon_core.package_identification:_identify(.) by extension 'python_setup_py'
[1.147s] Level 1:colcon.colcon_core.package_identification:_identify(build) by extensions ['ignore', 'ignore_ament_install']
[1.147s] Level 1:colcon.colcon_core.package_identification:_identify(build) by extension 'ignore'
[1.147s] Level 1:colcon.colcon_core.package_identification:_identify(build) ignored
[1.147s] Level 1:colcon.colcon_core.package_identification:_identify(install) by extensions ['ignore', 'ignore_ament_install']
[1.147s] Level 1:colcon.colcon_core.package_identification:_identify(install) by extension 'ignore'
[1.147s] Level 1:colcon.colcon_core.package_identification:_identify(install) ignored
[1.148s] Level 1:colcon.colcon_core.package_identification:_identify(log) by extensions ['ignore', 'ignore_ament_install']
[1.148s] Level 1:colcon.colcon_core.package_identification:_identify(log) by extension 'ignore'
[1.148s] Level 1:colcon.colcon_core.package_identification:_identify(log) ignored
[1.148s] Level 1:colcon.colcon_core.package_identification:_identify(p1) by extensions ['ignore', 'ignore_ament_install']
[1.148s] Level 1:colcon.colcon_core.package_identification:_identify(p1) by extension 'ignore'
[1.148s] Level 1:colcon.colcon_core.package_identification:_identify(p1) by extension 'ignore_ament_install'
[1.148s] Level 1:colcon.colcon_core.package_identification:_identify(p1) by extensions ['colcon_pkg']
[1.148s] Level 1:colcon.colcon_core.package_identification:_identify(p1) by extension 'colcon_pkg'
[1.148s] Level 1:colcon.colcon_core.package_identification:_identify(p1) by extensions ['colcon_meta']
[1.148s] Level 1:colcon.colcon_core.package_identification:_identify(p1) by extension 'colcon_meta'
[1.148s] Level 1:colcon.colcon_core.package_identification:_identify(p1) by extensions ['ros']
[1.148s] Level 1:colcon.colcon_core.package_identification:_identify(p1) by extension 'ros'
[1.162s] DEBUG:colcon.colcon_core.package_identification:Package 'p1' with type 'ros.ament_python' and name 'p1'
[1.162s] Level 1:colcon.colcon_core.package_discovery:discover_packages(recursive) using defaults
[1.162s] Level 1:colcon.colcon_core.package_discovery:discover_packages(ignore) discover
[1.162s] Level 1:colcon.colcon_core.package_discovery:discover_packages(ignore) using defaults
[1.162s] Level 1:colcon.colcon_core.package_discovery:discover_packages(path) discover
[1.162s] Level 1:colcon.colcon_core.package_discovery:discover_packages(path) using defaults
[1.202s] Level 5:colcon.colcon_core.verb:set package 'p1' build argument 'cmake_args' from command line to 'None'
[1.202s] Level 5:colcon.colcon_core.verb:set package 'p1' build argument 'cmake_target' from command line to 'None'
[1.202s] Level 5:colcon.colcon_core.verb:set package 'p1' build argument 'cmake_target_skip_unavailable' from command line to 'False'
[1.202s] Level 5:colcon.colcon_core.verb:set package 'p1' build argument 'cmake_clean_cache' from command line to 'False'
[1.202s] Level 5:colcon.colcon_core.verb:set package 'p1' build argument 'cmake_clean_first' from command line to 'False'
[1.202s] Level 5:colcon.colcon_core.verb:set package 'p1' build argument 'cmake_force_configure' from command line to 'False'
[1.202s] Level 5:colcon.colcon_core.verb:set package 'p1' build argument 'ament_cmake_args' from command line to 'None'
[1.202s] Level 5:colcon.colcon_core.verb:set package 'p1' build argument 'catkin_cmake_args' from command line to 'None'
[1.202s] Level 5:colcon.colcon_core.verb:set package 'p1' build argument 'catkin_skip_building_tests' from command line to 'False'
[1.202s] DEBUG:colcon.colcon_core.verb:Building package 'p1' with the following arguments: {'ament_cmake_args': None, 'build_base': '/home/pdabrow1/dev_ws/src/dabrowski_synowiec/build/p1', 'catkin_cmake_args': None, 'catkin_skip_building_tests': False, 'cmake_args': None, 'cmake_clean_cache': False, 'cmake_clean_first': False, 'cmake_force_configure': False, 'cmake_target': None, 'cmake_target_skip_unavailable': False, 'install_base': '/home/pdabrow1/dev_ws/src/dabrowski_synowiec/install/p1', 'merge_install': False, 'path': '/home/pdabrow1/dev_ws/src/dabrowski_synowiec/p1', 'symlink_install': False, 'test_result_base': None}
[1.202s] INFO:colcon.colcon_core.executor:Executing jobs using 'parallel' executor
[1.203s] DEBUG:colcon.colcon_parallel_executor.executor.parallel:run_until_complete
[1.204s] INFO:colcon.colcon_ros.task.ament_python.build:Building ROS package in '/home/pdabrow1/dev_ws/src/dabrowski_synowiec/p1' with build type 'ament_python'
[1.204s] Level 1:colcon.colcon_core.shell:create_environment_hook('p1', 'ament_prefix_path')
[1.239s] INFO:colcon.colcon_core.plugin_system:Skipping extension 'colcon_core.shell.bat': Not used on non-Windows systems
[1.240s] INFO:colcon.colcon_core.shell:Creating environment hook '/home/pdabrow1/dev_ws/src/dabrowski_synowiec/install/p1/share/p1/hook/ament_prefix_path.ps1'
[1.267s] INFO:colcon.colcon_core.shell:Creating environment descriptor '/home/pdabrow1/dev_ws/src/dabrowski_synowiec/install/p1/share/p1/hook/ament_prefix_path.dsv'
[1.275s] INFO:colcon.colcon_core.shell:Creating environment hook '/home/pdabrow1/dev_ws/src/dabrowski_synowiec/install/p1/share/p1/hook/ament_prefix_path.sh'
[1.276s] INFO:colcon.colcon_core.shell:Skip shell extension 'powershell' for command environment: Not usable outside of PowerShell
[1.276s] DEBUG:colcon.colcon_core.shell:Skip shell extension 'dsv' for command environment
[1.283s] DEBUG:colcon.colcon_core.shell:Ignoring prefix path '/opt/ros/foxy'
[1.461s] INFO:colcon.colcon_core.task.python.build:Building Python package in '/home/pdabrow1/dev_ws/src/dabrowski_synowiec/p1'
[1.461s] INFO:colcon.colcon_core.shell:Skip shell extension 'powershell' for command environment: Not usable outside of PowerShell
[1.461s] DEBUG:colcon.colcon_core.shell:Skip shell extension 'dsv' for command environment
[1.462s] DEBUG:colcon.colcon_core.shell:Ignoring prefix path '/opt/ros/foxy'
[1.467s] DEBUG:colcon.colcon_core.event_handler.log_command:Invoking command in '/home/pdabrow1/dev_ws/src/dabrowski_synowiec/p1': PYTHONPATH=/home/pdabrow1/dev_ws/src/dabrowski_synowiec/install/p1/lib/python3.8/site-packages:${PYTHONPATH} /usr/bin/python3 setup.py egg_info --egg-base ../build/p1 build --build-base /home/pdabrow1/dev_ws/src/dabrowski_synowiec/build/p1/build install --prefix /home/pdabrow1/dev_ws/src/dabrowski_synowiec/install/p1 --record /home/pdabrow1/dev_ws/src/dabrowski_synowiec/build/p1/install.log --single-version-externally-managed
[1.859s] DEBUG:colcon.colcon_core.event_handler.log_command:Invoked command in '/home/pdabrow1/dev_ws/src/dabrowski_synowiec/p1' returned '0': PYTHONPATH=/home/pdabrow1/dev_ws/src/dabrowski_synowiec/install/p1/lib/python3.8/site-packages:${PYTHONPATH} /usr/bin/python3 setup.py egg_info --egg-base ../build/p1 build --build-base /home/pdabrow1/dev_ws/src/dabrowski_synowiec/build/p1/build install --prefix /home/pdabrow1/dev_ws/src/dabrowski_synowiec/install/p1 --record /home/pdabrow1/dev_ws/src/dabrowski_synowiec/build/p1/install.log --single-version-externally-managed
[1.876s] Level 1:colcon.colcon_core.environment:checking '/home/pdabrow1/dev_ws/src/dabrowski_synowiec/install/p1' for CMake module files
[1.876s] Level 1:colcon.colcon_core.environment:checking '/home/pdabrow1/dev_ws/src/dabrowski_synowiec/install/p1' for CMake config files
[1.877s] Level 1:colcon.colcon_core.environment:checking '/home/pdabrow1/dev_ws/src/dabrowski_synowiec/install/p1/lib'
[1.877s] Level 1:colcon.colcon_core.environment:checking '/home/pdabrow1/dev_ws/src/dabrowski_synowiec/install/p1/bin'
[1.878s] Level 1:colcon.colcon_core.environment:checking '/home/pdabrow1/dev_ws/src/dabrowski_synowiec/install/p1/lib/pkgconfig/p1.pc'
[1.878s] Level 1:colcon.colcon_core.environment:checking '/home/pdabrow1/dev_ws/src/dabrowski_synowiec/install/p1/lib/python3.8/site-packages'
[1.878s] Level 1:colcon.colcon_core.shell:create_environment_hook('p1', 'pythonpath')
[1.878s] INFO:colcon.colcon_core.shell:Creating environment hook '/home/pdabrow1/dev_ws/src/dabrowski_synowiec/install/p1/share/p1/hook/pythonpath.ps1'
[1.878s] INFO:colcon.colcon_core.shell:Creating environment descriptor '/home/pdabrow1/dev_ws/src/dabrowski_synowiec/install/p1/share/p1/hook/pythonpath.dsv'
[1.879s] INFO:colcon.colcon_core.shell:Creating environment hook '/home/pdabrow1/dev_ws/src/dabrowski_synowiec/install/p1/share/p1/hook/pythonpath.sh'
[1.879s] Level 1:colcon.colcon_core.environment:create_environment_scripts_only(p1)
[1.879s] INFO:colcon.colcon_core.shell:Creating package script '/home/pdabrow1/dev_ws/src/dabrowski_synowiec/install/p1/share/p1/package.ps1'
[1.884s] INFO:colcon.colcon_core.shell:Creating package descriptor '/home/pdabrow1/dev_ws/src/dabrowski_synowiec/install/p1/share/p1/package.dsv'
[1.891s] INFO:colcon.colcon_core.shell:Creating package script '/home/pdabrow1/dev_ws/src/dabrowski_synowiec/install/p1/share/p1/package.sh'
[1.892s] INFO:colcon.colcon_core.shell:Creating package script '/home/pdabrow1/dev_ws/src/dabrowski_synowiec/install/p1/share/p1/package.bash'
[1.893s] INFO:colcon.colcon_core.shell:Creating package script '/home/pdabrow1/dev_ws/src/dabrowski_synowiec/install/p1/share/p1/package.zsh'
[1.904s] Level 1:colcon.colcon_core.environment:create_file_with_runtime_dependencies(/home/pdabrow1/dev_ws/src/dabrowski_synowiec/install/p1/share/colcon-core/packages/p1)
[1.904s] DEBUG:colcon.colcon_parallel_executor.executor.parallel:closing loop
[1.904s] DEBUG:colcon.colcon_parallel_executor.executor.parallel:loop closed
[1.904s] DEBUG:colcon.colcon_parallel_executor.executor.parallel:run_until_complete finished with '0'
[1.904s] DEBUG:colcon.colcon_core.event_reactor:joining thread
[1.917s] INFO:colcon.colcon_core.plugin_system:Skipping extension 'colcon_notification.desktop_notification.terminal_notifier': Not used on non-Darwin systems
[1.917s] INFO:colcon.colcon_core.plugin_system:Skipping extension 'colcon_notification.desktop_notification.win32': Not used on non-Windows systems
[1.917s] INFO:colcon.colcon_notification.desktop_notification:Sending desktop notification using 'notify2'
[1.941s] DEBUG:colcon.colcon_core.event_reactor:joined thread
[1.941s] INFO:colcon.colcon_core.shell:Creating prefix script '/home/pdabrow1/dev_ws/src/dabrowski_synowiec/install/local_setup.ps1'
[1.942s] INFO:colcon.colcon_core.shell:Creating prefix util module '/home/pdabrow1/dev_ws/src/dabrowski_synowiec/install/_local_setup_util_ps1.py'
[1.943s] INFO:colcon.colcon_core.shell:Creating prefix chain script '/home/pdabrow1/dev_ws/src/dabrowski_synowiec/install/setup.ps1'
[1.945s] INFO:colcon.colcon_core.shell:Creating prefix script '/home/pdabrow1/dev_ws/src/dabrowski_synowiec/install/local_setup.sh'
[1.946s] INFO:colcon.colcon_core.shell:Creating prefix util module '/home/pdabrow1/dev_ws/src/dabrowski_synowiec/install/_local_setup_util_sh.py'
[1.946s] INFO:colcon.colcon_core.shell:Creating prefix chain script '/home/pdabrow1/dev_ws/src/dabrowski_synowiec/install/setup.sh'
[1.948s] INFO:colcon.colcon_core.shell:Creating prefix script '/home/pdabrow1/dev_ws/src/dabrowski_synowiec/install/local_setup.bash'
[1.949s] INFO:colcon.colcon_core.shell:Creating prefix chain script '/home/pdabrow1/dev_ws/src/dabrowski_synowiec/install/setup.bash'
[1.951s] INFO:colcon.colcon_core.shell:Creating prefix script '/home/pdabrow1/dev_ws/src/dabrowski_synowiec/install/local_setup.zsh'
[1.952s] INFO:colcon.colcon_core.shell:Creating prefix chain script '/home/pdabrow1/dev_ws/src/dabrowski_synowiec/install/setup.zsh'
