running egg_info
creating ../build/lab3_podejscie2/lab3_podejscie2.egg-info
writing ../build/lab3_podejscie2/lab3_podejscie2.egg-info/PKG-INFO
writing dependency_links to ../build/lab3_podejscie2/lab3_podejscie2.egg-info/dependency_links.txt
writing entry points to ../build/lab3_podejscie2/lab3_podejscie2.egg-info/entry_points.txt
writing requirements to ../build/lab3_podejscie2/lab3_podejscie2.egg-info/requires.txt
writing top-level names to ../build/lab3_podejscie2/lab3_podejscie2.egg-info/top_level.txt
writing manifest file '../build/lab3_podejscie2/lab3_podejscie2.egg-info/SOURCES.txt'
reading manifest file '../build/lab3_podejscie2/lab3_podejscie2.egg-info/SOURCES.txt'
writing manifest file '../build/lab3_podejscie2/lab3_podejscie2.egg-info/SOURCES.txt'
running build
running build_py
creating /home/pdabrow1/dev_ws/src/dabrowski_synowiec/build/lab3_podejscie2/build
creating /home/pdabrow1/dev_ws/src/dabrowski_synowiec/build/lab3_podejscie2/build/lib
creating /home/pdabrow1/dev_ws/src/dabrowski_synowiec/build/lab3_podejscie2/build/lib/lab3_podejscie2
copying lab3_podejscie2/nonkdl_dkin.py -> /home/pdabrow1/dev_ws/src/dabrowski_synowiec/build/lab3_podejscie2/build/lib/lab3_podejscie2
copying lab3_podejscie2/kdl_dkin .py -> /home/pdabrow1/dev_ws/src/dabrowski_synowiec/build/lab3_podejscie2/build/lib/lab3_podejscie2
copying lab3_podejscie2/__init__.py -> /home/pdabrow1/dev_ws/src/dabrowski_synowiec/build/lab3_podejscie2/build/lib/lab3_podejscie2
running install
running install_lib
creating /home/pdabrow1/dev_ws/src/dabrowski_synowiec/install/lab3_podejscie2/lib/python3.8/site-packages/lab3_podejscie2
copying /home/pdabrow1/dev_ws/src/dabrowski_synowiec/build/lab3_podejscie2/build/lib/lab3_podejscie2/nonkdl_dkin.py -> /home/pdabrow1/dev_ws/src/dabrowski_synowiec/install/lab3_podejscie2/lib/python3.8/site-packages/lab3_podejscie2
copying /home/pdabrow1/dev_ws/src/dabrowski_synowiec/build/lab3_podejscie2/build/lib/lab3_podejscie2/kdl_dkin .py -> /home/pdabrow1/dev_ws/src/dabrowski_synowiec/install/lab3_podejscie2/lib/python3.8/site-packages/lab3_podejscie2
copying /home/pdabrow1/dev_ws/src/dabrowski_synowiec/build/lab3_podejscie2/build/lib/lab3_podejscie2/__init__.py -> /home/pdabrow1/dev_ws/src/dabrowski_synowiec/install/lab3_podejscie2/lib/python3.8/site-packages/lab3_podejscie2
byte-compiling /home/pdabrow1/dev_ws/src/dabrowski_synowiec/install/lab3_podejscie2/lib/python3.8/site-packages/lab3_podejscie2/nonkdl_dkin.py to nonkdl_dkin.cpython-38.pyc
byte-compiling /home/pdabrow1/dev_ws/src/dabrowski_synowiec/install/lab3_podejscie2/lib/python3.8/site-packages/lab3_podejscie2/kdl_dkin .py to kdl_dkin .cpython-38.pyc
byte-compiling /home/pdabrow1/dev_ws/src/dabrowski_synowiec/install/lab3_podejscie2/lib/python3.8/site-packages/lab3_podejscie2/__init__.py to __init__.cpython-38.pyc
running install_data
creating /home/pdabrow1/dev_ws/src/dabrowski_synowiec/install/lab3_podejscie2/share/ament_index
creating /home/pdabrow1/dev_ws/src/dabrowski_synowiec/install/lab3_podejscie2/share/ament_index/resource_index
creating /home/pdabrow1/dev_ws/src/dabrowski_synowiec/install/lab3_podejscie2/share/ament_index/resource_index/packages
copying resource/lab3_podejscie2 -> /home/pdabrow1/dev_ws/src/dabrowski_synowiec/install/lab3_podejscie2/share/ament_index/resource_index/packages
copying package.xml -> /home/pdabrow1/dev_ws/src/dabrowski_synowiec/install/lab3_podejscie2/share/lab3_podejscie2
copying launch/lab3_pls.launch.py -> /home/pdabrow1/dev_ws/src/dabrowski_synowiec/install/lab3_podejscie2/share/lab3_podejscie2
copying launch/lab3_rviz.launch.py -> /home/pdabrow1/dev_ws/src/dabrowski_synowiec/install/lab3_podejscie2/share/lab3_podejscie2
copying urdf/myrobot_dynamic.urdf.xacro.xml -> /home/pdabrow1/dev_ws/src/dabrowski_synowiec/install/lab3_podejscie2/share/lab3_podejscie2
copying urdf/URDF.yaml -> /home/pdabrow1/dev_ws/src/dabrowski_synowiec/install/lab3_podejscie2/share/lab3_podejscie2
copying urdf/myrobot.rviz -> /home/pdabrow1/dev_ws/src/dabrowski_synowiec/install/lab3_podejscie2/share/lab3_podejscie2
copying lab3_podejscie2/nonkdl_dkin.py -> /home/pdabrow1/dev_ws/src/dabrowski_synowiec/install/lab3_podejscie2/share/lab3_podejscie2
copying lab3_podejscie2/kdl_dkin .py -> /home/pdabrow1/dev_ws/src/dabrowski_synowiec/install/lab3_podejscie2/share/lab3_podejscie2
copying lab3_podejscie2/__init__.py -> /home/pdabrow1/dev_ws/src/dabrowski_synowiec/install/lab3_podejscie2/share/lab3_podejscie2
copying DH.json -> /home/pdabrow1/dev_ws/src/dabrowski_synowiec/install/lab3_podejscie2/share/lab3_podejscie2
running install_egg_info
Copying ../build/lab3_podejscie2/lab3_podejscie2.egg-info to /home/pdabrow1/dev_ws/src/dabrowski_synowiec/install/lab3_podejscie2/lib/python3.8/site-packages/lab3_podejscie2-0.0.0-py3.8.egg-info
running install_scripts
Installing kdl script to /home/pdabrow1/dev_ws/src/dabrowski_synowiec/install/lab3_podejscie2/lib/lab3_podejscie2
Installing nonkdl script to /home/pdabrow1/dev_ws/src/dabrowski_synowiec/install/lab3_podejscie2/lib/lab3_podejscie2
writing list of installed files to '/home/pdabrow1/dev_ws/src/dabrowski_synowiec/build/lab3_podejscie2/install.log'
