[1.061s] DEBUG:colcon:Command line arguments: ['/usr/bin/colcon', 'build']
[1.061s] DEBUG:colcon:Parsed command line arguments: Namespace(ament_cmake_args=None, base_paths=['.'], build_base='build', catkin_cmake_args=None, catkin_skip_building_tests=False, cmake_args=None, cmake_clean_cache=False, cmake_clean_first=False, cmake_force_configure=False, cmake_target=None, cmake_target_skip_unavailable=False, continue_on_error=False, event_handlers=None, executor='parallel', ignore_user_meta=False, install_base='install', log_base=None, log_level=None, main=<bound method BuildVerb.main of <colcon_core.verb.build.BuildVerb object at 0x7f8c0332edf0>>, merge_install=False, metas=['./colcon.meta'], packages_above=None, packages_above_and_dependencies=None, packages_above_depth=None, packages_end=None, packages_ignore=None, packages_ignore_regex=None, packages_select=None, packages_select_build_failed=False, packages_select_by_dep=None, packages_select_regex=None, packages_select_test_failures=False, packages_skip=None, packages_skip_build_finished=False, packages_skip_by_dep=None, packages_skip_regex=None, packages_skip_test_passed=False, packages_skip_up_to=None, packages_start=None, packages_up_to=None, packages_up_to_regex=None, parallel_workers=6, paths=None, symlink_install=False, test_result_base=None, verb_extension=<colcon_core.verb.build.BuildVerb object at 0x7f8c0332edf0>, verb_name='build', verb_parser=<colcon_defaults.argument_parser.defaults.DefaultArgumentsDecorator object at 0x7f8c0333b3a0>)
[1.102s] Level 1:colcon.colcon_core.package_discovery:discover_packages(colcon_meta) check parameters
[1.103s] Level 1:colcon.colcon_core.package_discovery:discover_packages(recursive) check parameters
[1.103s] Level 1:colcon.colcon_core.package_discovery:discover_packages(ignore) check parameters
[1.103s] Level 1:colcon.colcon_core.package_discovery:discover_packages(path) check parameters
[1.103s] Level 1:colcon.colcon_core.package_discovery:discover_packages(colcon_meta) discover
[1.103s] Level 1:colcon.colcon_core.package_discovery:discover_packages(recursive) discover
[1.103s] INFO:colcon.colcon_core.package_discovery:Crawling recursively for packages in '/home/pdabrow1/dev_ws/src/dabrowski_synowiec'
[1.103s] Level 1:colcon.colcon_core.package_identification:_identify(.) by extensions ['ignore', 'ignore_ament_install']
[1.103s] Level 1:colcon.colcon_core.package_identification:_identify(.) by extension 'ignore'
[1.103s] Level 1:colcon.colcon_core.package_identification:_identify(.) by extension 'ignore_ament_install'
[1.103s] Level 1:colcon.colcon_core.package_identification:_identify(.) by extensions ['colcon_pkg']
[1.103s] Level 1:colcon.colcon_core.package_identification:_identify(.) by extension 'colcon_pkg'
[1.103s] Level 1:colcon.colcon_core.package_identification:_identify(.) by extensions ['colcon_meta']
[1.103s] Level 1:colcon.colcon_core.package_identification:_identify(.) by extension 'colcon_meta'
[1.103s] Level 1:colcon.colcon_core.package_identification:_identify(.) by extensions ['ros']
[1.103s] Level 1:colcon.colcon_core.package_identification:_identify(.) by extension 'ros'
[1.139s] Level 1:colcon.colcon_core.package_identification:_identify(.) by extensions ['cmake', 'python']
[1.139s] Level 1:colcon.colcon_core.package_identification:_identify(.) by extension 'cmake'
[1.139s] Level 1:colcon.colcon_core.package_identification:_identify(.) by extension 'python'
[1.139s] Level 1:colcon.colcon_core.package_identification:_identify(.) by extensions ['python_setup_py']
[1.139s] Level 1:colcon.colcon_core.package_identification:_identify(.) by extension 'python_setup_py'
[1.139s] Level 1:colcon.colcon_core.package_identification:_identify(build) by extensions ['ignore', 'ignore_ament_install']
[1.139s] Level 1:colcon.colcon_core.package_identification:_identify(build) by extension 'ignore'
[1.139s] Level 1:colcon.colcon_core.package_identification:_identify(build) ignored
[1.140s] Level 1:colcon.colcon_core.package_identification:_identify(install) by extensions ['ignore', 'ignore_ament_install']
[1.140s] Level 1:colcon.colcon_core.package_identification:_identify(install) by extension 'ignore'
[1.140s] Level 1:colcon.colcon_core.package_identification:_identify(install) ignored
[1.140s] Level 1:colcon.colcon_core.package_identification:_identify(lab2) by extensions ['ignore', 'ignore_ament_install']
[1.140s] Level 1:colcon.colcon_core.package_identification:_identify(lab2) by extension 'ignore'
[1.140s] Level 1:colcon.colcon_core.package_identification:_identify(lab2) by extension 'ignore_ament_install'
[1.140s] Level 1:colcon.colcon_core.package_identification:_identify(lab2) by extensions ['colcon_pkg']
[1.140s] Level 1:colcon.colcon_core.package_identification:_identify(lab2) by extension 'colcon_pkg'
[1.140s] Level 1:colcon.colcon_core.package_identification:_identify(lab2) by extensions ['colcon_meta']
[1.140s] Level 1:colcon.colcon_core.package_identification:_identify(lab2) by extension 'colcon_meta'
[1.140s] Level 1:colcon.colcon_core.package_identification:_identify(lab2) by extensions ['ros']
[1.140s] Level 1:colcon.colcon_core.package_identification:_identify(lab2) by extension 'ros'
[1.162s] DEBUG:colcon.colcon_core.package_identification:Package 'lab2' with type 'ros.ament_python' and name 'lab2'
[1.162s] Level 1:colcon.colcon_core.package_identification:_identify(log) by extensions ['ignore', 'ignore_ament_install']
[1.162s] Level 1:colcon.colcon_core.package_identification:_identify(log) by extension 'ignore'
[1.162s] Level 1:colcon.colcon_core.package_identification:_identify(log) ignored
[1.162s] Level 1:colcon.colcon_core.package_identification:_identify(p1) by extensions ['ignore', 'ignore_ament_install']
[1.162s] Level 1:colcon.colcon_core.package_identification:_identify(p1) by extension 'ignore'
[1.163s] Level 1:colcon.colcon_core.package_identification:_identify(p1) by extension 'ignore_ament_install'
[1.163s] Level 1:colcon.colcon_core.package_identification:_identify(p1) by extensions ['colcon_pkg']
[1.163s] Level 1:colcon.colcon_core.package_identification:_identify(p1) by extension 'colcon_pkg'
[1.163s] Level 1:colcon.colcon_core.package_identification:_identify(p1) by extensions ['colcon_meta']
[1.163s] Level 1:colcon.colcon_core.package_identification:_identify(p1) by extension 'colcon_meta'
[1.163s] Level 1:colcon.colcon_core.package_identification:_identify(p1) by extensions ['ros']
[1.163s] Level 1:colcon.colcon_core.package_identification:_identify(p1) by extension 'ros'
[1.163s] DEBUG:colcon.colcon_core.package_identification:Package 'p1' with type 'ros.ament_python' and name 'p1'
[1.164s] Level 1:colcon.colcon_core.package_discovery:discover_packages(recursive) using defaults
[1.164s] Level 1:colcon.colcon_core.package_discovery:discover_packages(ignore) discover
[1.164s] Level 1:colcon.colcon_core.package_discovery:discover_packages(ignore) using defaults
[1.164s] Level 1:colcon.colcon_core.package_discovery:discover_packages(path) discover
[1.164s] Level 1:colcon.colcon_core.package_discovery:discover_packages(path) using defaults
[1.206s] Level 5:colcon.colcon_core.verb:set package 'lab2' build argument 'cmake_args' from command line to 'None'
[1.206s] Level 5:colcon.colcon_core.verb:set package 'lab2' build argument 'cmake_target' from command line to 'None'
[1.206s] Level 5:colcon.colcon_core.verb:set package 'lab2' build argument 'cmake_target_skip_unavailable' from command line to 'False'
[1.206s] Level 5:colcon.colcon_core.verb:set package 'lab2' build argument 'cmake_clean_cache' from command line to 'False'
[1.206s] Level 5:colcon.colcon_core.verb:set package 'lab2' build argument 'cmake_clean_first' from command line to 'False'
[1.207s] Level 5:colcon.colcon_core.verb:set package 'lab2' build argument 'cmake_force_configure' from command line to 'False'
[1.207s] Level 5:colcon.colcon_core.verb:set package 'lab2' build argument 'ament_cmake_args' from command line to 'None'
[1.207s] Level 5:colcon.colcon_core.verb:set package 'lab2' build argument 'catkin_cmake_args' from command line to 'None'
[1.207s] Level 5:colcon.colcon_core.verb:set package 'lab2' build argument 'catkin_skip_building_tests' from command line to 'False'
[1.207s] DEBUG:colcon.colcon_core.verb:Building package 'lab2' with the following arguments: {'ament_cmake_args': None, 'build_base': '/home/pdabrow1/dev_ws/src/dabrowski_synowiec/build/lab2', 'catkin_cmake_args': None, 'catkin_skip_building_tests': False, 'cmake_args': None, 'cmake_clean_cache': False, 'cmake_clean_first': False, 'cmake_force_configure': False, 'cmake_target': None, 'cmake_target_skip_unavailable': False, 'install_base': '/home/pdabrow1/dev_ws/src/dabrowski_synowiec/install/lab2', 'merge_install': False, 'path': '/home/pdabrow1/dev_ws/src/dabrowski_synowiec/lab2', 'symlink_install': False, 'test_result_base': None}
[1.208s] Level 5:colcon.colcon_core.verb:set package 'p1' build argument 'cmake_args' from command line to 'None'
[1.208s] Level 5:colcon.colcon_core.verb:set package 'p1' build argument 'cmake_target' from command line to 'None'
[1.208s] Level 5:colcon.colcon_core.verb:set package 'p1' build argument 'cmake_target_skip_unavailable' from command line to 'False'
[1.208s] Level 5:colcon.colcon_core.verb:set package 'p1' build argument 'cmake_clean_cache' from command line to 'False'
[1.208s] Level 5:colcon.colcon_core.verb:set package 'p1' build argument 'cmake_clean_first' from command line to 'False'
[1.208s] Level 5:colcon.colcon_core.verb:set package 'p1' build argument 'cmake_force_configure' from command line to 'False'
[1.209s] Level 5:colcon.colcon_core.verb:set package 'p1' build argument 'ament_cmake_args' from command line to 'None'
[1.209s] Level 5:colcon.colcon_core.verb:set package 'p1' build argument 'catkin_cmake_args' from command line to 'None'
[1.209s] Level 5:colcon.colcon_core.verb:set package 'p1' build argument 'catkin_skip_building_tests' from command line to 'False'
[1.209s] DEBUG:colcon.colcon_core.verb:Building package 'p1' with the following arguments: {'ament_cmake_args': None, 'build_base': '/home/pdabrow1/dev_ws/src/dabrowski_synowiec/build/p1', 'catkin_cmake_args': None, 'catkin_skip_building_tests': False, 'cmake_args': None, 'cmake_clean_cache': False, 'cmake_clean_first': False, 'cmake_force_configure': False, 'cmake_target': None, 'cmake_target_skip_unavailable': False, 'install_base': '/home/pdabrow1/dev_ws/src/dabrowski_synowiec/install/p1', 'merge_install': False, 'path': '/home/pdabrow1/dev_ws/src/dabrowski_synowiec/p1', 'symlink_install': False, 'test_result_base': None}
[1.209s] INFO:colcon.colcon_core.executor:Executing jobs using 'parallel' executor
[1.211s] DEBUG:colcon.colcon_parallel_executor.executor.parallel:run_until_complete
[1.211s] INFO:colcon.colcon_ros.task.ament_python.build:Building ROS package in '/home/pdabrow1/dev_ws/src/dabrowski_synowiec/lab2' with build type 'ament_python'
[1.211s] Level 1:colcon.colcon_core.shell:create_environment_hook('lab2', 'ament_prefix_path')
[1.248s] INFO:colcon.colcon_core.plugin_system:Skipping extension 'colcon_core.shell.bat': Not used on non-Windows systems
[1.248s] INFO:colcon.colcon_core.shell:Creating environment hook '/home/pdabrow1/dev_ws/src/dabrowski_synowiec/install/lab2/share/lab2/hook/ament_prefix_path.ps1'
[1.260s] INFO:colcon.colcon_core.shell:Creating environment descriptor '/home/pdabrow1/dev_ws/src/dabrowski_synowiec/install/lab2/share/lab2/hook/ament_prefix_path.dsv'
[1.267s] INFO:colcon.colcon_core.shell:Creating environment hook '/home/pdabrow1/dev_ws/src/dabrowski_synowiec/install/lab2/share/lab2/hook/ament_prefix_path.sh'
[1.268s] INFO:colcon.colcon_core.shell:Skip shell extension 'powershell' for command environment: Not usable outside of PowerShell
[1.268s] DEBUG:colcon.colcon_core.shell:Skip shell extension 'dsv' for command environment
[1.275s] DEBUG:colcon.colcon_core.shell:Ignoring prefix path '/opt/ros/foxy'
[1.278s] INFO:colcon.colcon_ros.task.ament_python.build:Building ROS package in '/home/pdabrow1/dev_ws/src/dabrowski_synowiec/p1' with build type 'ament_python'
[1.278s] Level 1:colcon.colcon_core.shell:create_environment_hook('p1', 'ament_prefix_path')
[1.278s] INFO:colcon.colcon_core.shell:Creating environment hook '/home/pdabrow1/dev_ws/src/dabrowski_synowiec/install/p1/share/p1/hook/ament_prefix_path.ps1'
[1.279s] INFO:colcon.colcon_core.shell:Creating environment descriptor '/home/pdabrow1/dev_ws/src/dabrowski_synowiec/install/p1/share/p1/hook/ament_prefix_path.dsv'
[1.280s] INFO:colcon.colcon_core.shell:Creating environment hook '/home/pdabrow1/dev_ws/src/dabrowski_synowiec/install/p1/share/p1/hook/ament_prefix_path.sh'
[1.280s] INFO:colcon.colcon_core.shell:Skip shell extension 'powershell' for command environment: Not usable outside of PowerShell
[1.280s] DEBUG:colcon.colcon_core.shell:Skip shell extension 'dsv' for command environment
[1.281s] DEBUG:colcon.colcon_core.shell:Ignoring prefix path '/opt/ros/foxy'
[1.459s] INFO:colcon.colcon_core.task.python.build:Building Python package in '/home/pdabrow1/dev_ws/src/dabrowski_synowiec/lab2'
[1.460s] INFO:colcon.colcon_core.shell:Skip shell extension 'powershell' for command environment: Not usable outside of PowerShell
[1.460s] DEBUG:colcon.colcon_core.shell:Skip shell extension 'dsv' for command environment
[1.461s] DEBUG:colcon.colcon_core.shell:Ignoring prefix path '/opt/ros/foxy'
[1.618s] INFO:colcon.colcon_core.task.python.build:Building Python package in '/home/pdabrow1/dev_ws/src/dabrowski_synowiec/p1'
[1.619s] INFO:colcon.colcon_core.shell:Skip shell extension 'powershell' for command environment: Not usable outside of PowerShell
[1.619s] DEBUG:colcon.colcon_core.shell:Skip shell extension 'dsv' for command environment
[1.620s] DEBUG:colcon.colcon_core.shell:Ignoring prefix path '/opt/ros/foxy'
[1.627s] DEBUG:colcon.colcon_core.event_handler.log_command:Invoking command in '/home/pdabrow1/dev_ws/src/dabrowski_synowiec/build/lab2': PYTHONPATH=/home/pdabrow1/dev_ws/src/dabrowski_synowiec/install/lab2/lib/python3.8/site-packages:${PYTHONPATH} /usr/bin/python3 setup.py develop --prefix /home/pdabrow1/dev_ws/src/dabrowski_synowiec/install/lab2 --uninstall --editable --build-directory /home/pdabrow1/dev_ws/src/dabrowski_synowiec/build/lab2/build
[1.654s] DEBUG:colcon.colcon_core.event_handler.log_command:Invoking command in '/home/pdabrow1/dev_ws/src/dabrowski_synowiec/p1': PYTHONPATH=/home/pdabrow1/dev_ws/src/dabrowski_synowiec/install/p1/lib/python3.8/site-packages:${PYTHONPATH} /usr/bin/python3 setup.py egg_info --egg-base ../build/p1 build --build-base /home/pdabrow1/dev_ws/src/dabrowski_synowiec/build/p1/build install --prefix /home/pdabrow1/dev_ws/src/dabrowski_synowiec/install/p1 --record /home/pdabrow1/dev_ws/src/dabrowski_synowiec/build/p1/install.log --single-version-externally-managed
[2.124s] DEBUG:colcon.colcon_core.event_handler.log_command:Invoked command in '/home/pdabrow1/dev_ws/src/dabrowski_synowiec/build/lab2' returned '0': PYTHONPATH=/home/pdabrow1/dev_ws/src/dabrowski_synowiec/install/lab2/lib/python3.8/site-packages:${PYTHONPATH} /usr/bin/python3 setup.py develop --prefix /home/pdabrow1/dev_ws/src/dabrowski_synowiec/install/lab2 --uninstall --editable --build-directory /home/pdabrow1/dev_ws/src/dabrowski_synowiec/build/lab2/build
[2.125s] DEBUG:colcon.colcon_core.event_handler.log_command:Invoking command in '/home/pdabrow1/dev_ws/src/dabrowski_synowiec/lab2': PYTHONPATH=/home/pdabrow1/dev_ws/src/dabrowski_synowiec/install/lab2/lib/python3.8/site-packages:${PYTHONPATH} /usr/bin/python3 setup.py egg_info --egg-base ../build/lab2 build --build-base /home/pdabrow1/dev_ws/src/dabrowski_synowiec/build/lab2/build install --prefix /home/pdabrow1/dev_ws/src/dabrowski_synowiec/install/lab2 --record /home/pdabrow1/dev_ws/src/dabrowski_synowiec/build/lab2/install.log --single-version-externally-managed
[2.138s] DEBUG:colcon.colcon_core.event_handler.log_command:Invoked command in '/home/pdabrow1/dev_ws/src/dabrowski_synowiec/p1' returned '0': PYTHONPATH=/home/pdabrow1/dev_ws/src/dabrowski_synowiec/install/p1/lib/python3.8/site-packages:${PYTHONPATH} /usr/bin/python3 setup.py egg_info --egg-base ../build/p1 build --build-base /home/pdabrow1/dev_ws/src/dabrowski_synowiec/build/p1/build install --prefix /home/pdabrow1/dev_ws/src/dabrowski_synowiec/install/p1 --record /home/pdabrow1/dev_ws/src/dabrowski_synowiec/build/p1/install.log --single-version-externally-managed
[2.185s] Level 1:colcon.colcon_core.environment:checking '/home/pdabrow1/dev_ws/src/dabrowski_synowiec/install/p1' for CMake module files
[2.186s] Level 1:colcon.colcon_core.environment:checking '/home/pdabrow1/dev_ws/src/dabrowski_synowiec/install/p1' for CMake config files
[2.187s] Level 1:colcon.colcon_core.environment:checking '/home/pdabrow1/dev_ws/src/dabrowski_synowiec/install/p1/lib'
[2.187s] Level 1:colcon.colcon_core.environment:checking '/home/pdabrow1/dev_ws/src/dabrowski_synowiec/install/p1/bin'
[2.187s] Level 1:colcon.colcon_core.environment:checking '/home/pdabrow1/dev_ws/src/dabrowski_synowiec/install/p1/lib/pkgconfig/p1.pc'
[2.187s] Level 1:colcon.colcon_core.environment:checking '/home/pdabrow1/dev_ws/src/dabrowski_synowiec/install/p1/lib/python3.8/site-packages'
[2.187s] Level 1:colcon.colcon_core.shell:create_environment_hook('p1', 'pythonpath')
[2.187s] INFO:colcon.colcon_core.shell:Creating environment hook '/home/pdabrow1/dev_ws/src/dabrowski_synowiec/install/p1/share/p1/hook/pythonpath.ps1'
[2.188s] INFO:colcon.colcon_core.shell:Creating environment descriptor '/home/pdabrow1/dev_ws/src/dabrowski_synowiec/install/p1/share/p1/hook/pythonpath.dsv'
[2.188s] INFO:colcon.colcon_core.shell:Creating environment hook '/home/pdabrow1/dev_ws/src/dabrowski_synowiec/install/p1/share/p1/hook/pythonpath.sh'
[2.188s] Level 1:colcon.colcon_core.environment:create_environment_scripts_only(p1)
[2.189s] INFO:colcon.colcon_core.shell:Creating package script '/home/pdabrow1/dev_ws/src/dabrowski_synowiec/install/p1/share/p1/package.ps1'
[2.193s] INFO:colcon.colcon_core.shell:Creating package descriptor '/home/pdabrow1/dev_ws/src/dabrowski_synowiec/install/p1/share/p1/package.dsv'
[2.200s] INFO:colcon.colcon_core.shell:Creating package script '/home/pdabrow1/dev_ws/src/dabrowski_synowiec/install/p1/share/p1/package.sh'
[2.201s] INFO:colcon.colcon_core.shell:Creating package script '/home/pdabrow1/dev_ws/src/dabrowski_synowiec/install/p1/share/p1/package.bash'
[2.202s] INFO:colcon.colcon_core.shell:Creating package script '/home/pdabrow1/dev_ws/src/dabrowski_synowiec/install/p1/share/p1/package.zsh'
[2.213s] Level 1:colcon.colcon_core.environment:create_file_with_runtime_dependencies(/home/pdabrow1/dev_ws/src/dabrowski_synowiec/install/p1/share/colcon-core/packages/p1)
[2.380s] Level 1:colcon.colcon_core.environment:checking '/home/pdabrow1/dev_ws/src/dabrowski_synowiec/install/lab2' for CMake module files
[2.381s] DEBUG:colcon.colcon_core.event_handler.log_command:Invoked command in '/home/pdabrow1/dev_ws/src/dabrowski_synowiec/lab2' returned '0': PYTHONPATH=/home/pdabrow1/dev_ws/src/dabrowski_synowiec/install/lab2/lib/python3.8/site-packages:${PYTHONPATH} /usr/bin/python3 setup.py egg_info --egg-base ../build/lab2 build --build-base /home/pdabrow1/dev_ws/src/dabrowski_synowiec/build/lab2/build install --prefix /home/pdabrow1/dev_ws/src/dabrowski_synowiec/install/lab2 --record /home/pdabrow1/dev_ws/src/dabrowski_synowiec/build/lab2/install.log --single-version-externally-managed
[2.381s] Level 1:colcon.colcon_core.environment:checking '/home/pdabrow1/dev_ws/src/dabrowski_synowiec/install/lab2' for CMake config files
[2.392s] Level 1:colcon.colcon_core.environment:checking '/home/pdabrow1/dev_ws/src/dabrowski_synowiec/install/lab2/lib'
[2.393s] Level 1:colcon.colcon_core.environment:checking '/home/pdabrow1/dev_ws/src/dabrowski_synowiec/install/lab2/bin'
[2.393s] Level 1:colcon.colcon_core.environment:checking '/home/pdabrow1/dev_ws/src/dabrowski_synowiec/install/lab2/lib/pkgconfig/lab2.pc'
[2.393s] Level 1:colcon.colcon_core.environment:checking '/home/pdabrow1/dev_ws/src/dabrowski_synowiec/install/lab2/lib/python3.8/site-packages'
[2.393s] Level 1:colcon.colcon_core.shell:create_environment_hook('lab2', 'pythonpath')
[2.393s] INFO:colcon.colcon_core.shell:Creating environment hook '/home/pdabrow1/dev_ws/src/dabrowski_synowiec/install/lab2/share/lab2/hook/pythonpath.ps1'
[2.393s] INFO:colcon.colcon_core.shell:Creating environment descriptor '/home/pdabrow1/dev_ws/src/dabrowski_synowiec/install/lab2/share/lab2/hook/pythonpath.dsv'
[2.394s] INFO:colcon.colcon_core.shell:Creating environment hook '/home/pdabrow1/dev_ws/src/dabrowski_synowiec/install/lab2/share/lab2/hook/pythonpath.sh'
[2.394s] Level 1:colcon.colcon_core.environment:create_environment_scripts_only(lab2)
[2.394s] INFO:colcon.colcon_core.shell:Creating package script '/home/pdabrow1/dev_ws/src/dabrowski_synowiec/install/lab2/share/lab2/package.ps1'
[2.395s] INFO:colcon.colcon_core.shell:Creating package descriptor '/home/pdabrow1/dev_ws/src/dabrowski_synowiec/install/lab2/share/lab2/package.dsv'
[2.395s] INFO:colcon.colcon_core.shell:Creating package script '/home/pdabrow1/dev_ws/src/dabrowski_synowiec/install/lab2/share/lab2/package.sh'
[2.395s] INFO:colcon.colcon_core.shell:Creating package script '/home/pdabrow1/dev_ws/src/dabrowski_synowiec/install/lab2/share/lab2/package.bash'
[2.395s] INFO:colcon.colcon_core.shell:Creating package script '/home/pdabrow1/dev_ws/src/dabrowski_synowiec/install/lab2/share/lab2/package.zsh'
[2.396s] Level 1:colcon.colcon_core.environment:create_file_with_runtime_dependencies(/home/pdabrow1/dev_ws/src/dabrowski_synowiec/install/lab2/share/colcon-core/packages/lab2)
[2.396s] DEBUG:colcon.colcon_parallel_executor.executor.parallel:closing loop
[2.396s] DEBUG:colcon.colcon_parallel_executor.executor.parallel:loop closed
[2.396s] DEBUG:colcon.colcon_parallel_executor.executor.parallel:run_until_complete finished with '0'
[2.396s] DEBUG:colcon.colcon_core.event_reactor:joining thread
[2.409s] INFO:colcon.colcon_core.plugin_system:Skipping extension 'colcon_notification.desktop_notification.terminal_notifier': Not used on non-Darwin systems
[2.409s] INFO:colcon.colcon_core.plugin_system:Skipping extension 'colcon_notification.desktop_notification.win32': Not used on non-Windows systems
[2.409s] INFO:colcon.colcon_notification.desktop_notification:Sending desktop notification using 'notify2'
[2.435s] DEBUG:colcon.colcon_core.event_reactor:joined thread
[2.435s] INFO:colcon.colcon_core.shell:Creating prefix script '/home/pdabrow1/dev_ws/src/dabrowski_synowiec/install/local_setup.ps1'
[2.436s] INFO:colcon.colcon_core.shell:Creating prefix util module '/home/pdabrow1/dev_ws/src/dabrowski_synowiec/install/_local_setup_util_ps1.py'
[2.438s] INFO:colcon.colcon_core.shell:Creating prefix chain script '/home/pdabrow1/dev_ws/src/dabrowski_synowiec/install/setup.ps1'
[2.443s] INFO:colcon.colcon_core.shell:Creating prefix script '/home/pdabrow1/dev_ws/src/dabrowski_synowiec/install/local_setup.sh'
[2.445s] INFO:colcon.colcon_core.shell:Creating prefix util module '/home/pdabrow1/dev_ws/src/dabrowski_synowiec/install/_local_setup_util_sh.py'
[2.445s] INFO:colcon.colcon_core.shell:Creating prefix chain script '/home/pdabrow1/dev_ws/src/dabrowski_synowiec/install/setup.sh'
[2.448s] INFO:colcon.colcon_core.shell:Creating prefix script '/home/pdabrow1/dev_ws/src/dabrowski_synowiec/install/local_setup.bash'
[2.448s] INFO:colcon.colcon_core.shell:Creating prefix chain script '/home/pdabrow1/dev_ws/src/dabrowski_synowiec/install/setup.bash'
[2.450s] INFO:colcon.colcon_core.shell:Creating prefix script '/home/pdabrow1/dev_ws/src/dabrowski_synowiec/install/local_setup.zsh'
[2.451s] INFO:colcon.colcon_core.shell:Creating prefix chain script '/home/pdabrow1/dev_ws/src/dabrowski_synowiec/install/setup.zsh'
