[0.184s] Invoking command in '/home/pdabrow1/dev_ws/src/dabrowski_synowiec/lab2/build/lab2': PYTHONPATH=/home/pdabrow1/dev_ws/src/dabrowski_synowiec/lab2/install/lab2/lib/python3.8/site-packages:${PYTHONPATH} /usr/bin/python3 setup.py develop --prefix /home/pdabrow1/dev_ws/src/dabrowski_synowiec/lab2/install/lab2 --uninstall --editable --build-directory /home/pdabrow1/dev_ws/src/dabrowski_synowiec/lab2/build/lab2/build
[0.362s] running develop
[0.467s] Invoked command in '/home/pdabrow1/dev_ws/src/dabrowski_synowiec/lab2/build/lab2' returned '0': PYTHONPATH=/home/pdabrow1/dev_ws/src/dabrowski_synowiec/lab2/install/lab2/lib/python3.8/site-packages:${PYTHONPATH} /usr/bin/python3 setup.py develop --prefix /home/pdabrow1/dev_ws/src/dabrowski_synowiec/lab2/install/lab2 --uninstall --editable --build-directory /home/pdabrow1/dev_ws/src/dabrowski_synowiec/lab2/build/lab2/build
[0.468s] Invoking command in '/home/pdabrow1/dev_ws/src/dabrowski_synowiec/lab2': PYTHONPATH=/home/pdabrow1/dev_ws/src/dabrowski_synowiec/lab2/install/lab2/lib/python3.8/site-packages:${PYTHONPATH} /usr/bin/python3 setup.py egg_info --egg-base build/lab2 build --build-base /home/pdabrow1/dev_ws/src/dabrowski_synowiec/lab2/build/lab2/build install --prefix /home/pdabrow1/dev_ws/src/dabrowski_synowiec/lab2/install/lab2 --record /home/pdabrow1/dev_ws/src/dabrowski_synowiec/lab2/build/lab2/install.log --single-version-externally-managed
[0.601s] running egg_info
[0.602s] writing build/lab2/lab2.egg-info/PKG-INFO
[0.602s] writing dependency_links to build/lab2/lab2.egg-info/dependency_links.txt
[0.602s] writing entry points to build/lab2/lab2.egg-info/entry_points.txt
[0.602s] writing requirements to build/lab2/lab2.egg-info/requires.txt
[0.602s] writing top-level names to build/lab2/lab2.egg-info/top_level.txt
[0.625s] reading manifest file 'build/lab2/lab2.egg-info/SOURCES.txt'
[0.635s] writing manifest file 'build/lab2/lab2.egg-info/SOURCES.txt'
[0.635s] running build
[0.635s] running build_py
[0.636s] running install
[0.636s] running install_lib
[0.638s] running install_data
[0.647s] copying launch/lab2_dynamic.launch.py -> /home/pdabrow1/dev_ws/src/dabrowski_synowiec/lab2/install/lab2/share/lab2
[0.647s] copying launch/lab2_static.launch.py -> /home/pdabrow1/dev_ws/src/dabrowski_synowiec/lab2/install/lab2/share/lab2
[0.647s] copying launch/lab2_rviz.launch.py -> /home/pdabrow1/dev_ws/src/dabrowski_synowiec/lab2/install/lab2/share/lab2
[0.647s] copying urdf/myrobot_dynamic.urdf.xacro.xml -> /home/pdabrow1/dev_ws/src/dabrowski_synowiec/lab2/install/lab2/share/lab2
[0.656s] copying urdf/URDF.yaml -> /home/pdabrow1/dev_ws/src/dabrowski_synowiec/lab2/install/lab2/share/lab2
[0.656s] copying urdf/myrobot.urdf.xacro.xml -> /home/pdabrow1/dev_ws/src/dabrowski_synowiec/lab2/install/lab2/share/lab2
[0.656s] running install_egg_info
[0.657s] removing '/home/pdabrow1/dev_ws/src/dabrowski_synowiec/lab2/install/lab2/lib/python3.8/site-packages/lab2-0.0.0-py3.8.egg-info' (and everything under it)
[0.657s] Copying build/lab2/lab2.egg-info to /home/pdabrow1/dev_ws/src/dabrowski_synowiec/lab2/install/lab2/lib/python3.8/site-packages/lab2-0.0.0-py3.8.egg-info
[0.671s] running install_scripts
[0.682s] Installing state_publisher script to /home/pdabrow1/dev_ws/src/dabrowski_synowiec/lab2/install/lab2/lib/lab2
[0.683s] writing list of installed files to '/home/pdabrow1/dev_ws/src/dabrowski_synowiec/lab2/build/lab2/install.log'
[0.696s] Invoked command in '/home/pdabrow1/dev_ws/src/dabrowski_synowiec/lab2' returned '0': PYTHONPATH=/home/pdabrow1/dev_ws/src/dabrowski_synowiec/lab2/install/lab2/lib/python3.8/site-packages:${PYTHONPATH} /usr/bin/python3 setup.py egg_info --egg-base build/lab2 build --build-base /home/pdabrow1/dev_ws/src/dabrowski_synowiec/lab2/build/lab2/build install --prefix /home/pdabrow1/dev_ws/src/dabrowski_synowiec/lab2/install/lab2 --record /home/pdabrow1/dev_ws/src/dabrowski_synowiec/lab2/build/lab2/install.log --single-version-externally-managed
