[0.561s] Invoking command in '/home/pdabrow1/dev_ws/src/dabrowski_synowiec/p1': PYTHONPATH=/home/pdabrow1/dev_ws/src/dabrowski_synowiec/install/p1/lib/python3.8/site-packages:${PYTHONPATH} /usr/bin/python3 setup.py egg_info --egg-base ../build/p1 build --build-base /home/pdabrow1/dev_ws/src/dabrowski_synowiec/build/p1/build install --prefix /home/pdabrow1/dev_ws/src/dabrowski_synowiec/install/p1 --record /home/pdabrow1/dev_ws/src/dabrowski_synowiec/build/p1/install.log --single-version-externally-managed
[1.267s] running egg_info
[1.267s] writing ../build/p1/p1.egg-info/PKG-INFO
[1.279s] writing dependency_links to ../build/p1/p1.egg-info/dependency_links.txt
[1.279s] writing entry points to ../build/p1/p1.egg-info/entry_points.txt
[1.279s] writing requirements to ../build/p1/p1.egg-info/requires.txt
[1.279s] writing top-level names to ../build/p1/p1.egg-info/top_level.txt
[1.644s] reading manifest file '../build/p1/p1.egg-info/SOURCES.txt'
[1.659s] writing manifest file '../build/p1/p1.egg-info/SOURCES.txt'
[1.659s] running build
[1.659s] running build_py
[1.666s] running install
[1.667s] running install_lib
[1.677s] running install_data
[1.684s] running install_egg_info
[1.686s] removing '/home/pdabrow1/dev_ws/src/dabrowski_synowiec/install/p1/lib/python3.8/site-packages/p1-0.0.0-py3.8.egg-info' (and everything under it)
[1.701s] Copying ../build/p1/p1.egg-info to /home/pdabrow1/dev_ws/src/dabrowski_synowiec/install/p1/lib/python3.8/site-packages/p1-0.0.0-py3.8.egg-info
[1.713s] running install_scripts
[1.727s] Installing controller script to /home/pdabrow1/dev_ws/src/dabrowski_synowiec/install/p1/lib/p1
[1.727s] writing list of installed files to '/home/pdabrow1/dev_ws/src/dabrowski_synowiec/build/p1/install.log'
[1.744s] Invoked command in '/home/pdabrow1/dev_ws/src/dabrowski_synowiec/p1' returned '0': PYTHONPATH=/home/pdabrow1/dev_ws/src/dabrowski_synowiec/install/p1/lib/python3.8/site-packages:${PYTHONPATH} /usr/bin/python3 setup.py egg_info --egg-base ../build/p1 build --build-base /home/pdabrow1/dev_ws/src/dabrowski_synowiec/build/p1/build install --prefix /home/pdabrow1/dev_ws/src/dabrowski_synowiec/install/p1 --record /home/pdabrow1/dev_ws/src/dabrowski_synowiec/build/p1/install.log --single-version-externally-managed
