[0.227s] Invoking command in '/home/pdabrow1/dev_ws/src/dabrowski_synowiec/p1': PYTHONPATH=/home/pdabrow1/dev_ws/src/dabrowski_synowiec/install/p1/lib/python3.8/site-packages:${PYTHONPATH} /usr/bin/python3 setup.py egg_info --egg-base ../build/p1 build --build-base /home/pdabrow1/dev_ws/src/dabrowski_synowiec/build/p1/build install --prefix /home/pdabrow1/dev_ws/src/dabrowski_synowiec/install/p1 --record /home/pdabrow1/dev_ws/src/dabrowski_synowiec/build/p1/install.log --single-version-externally-managed
[0.367s] running egg_info
[0.368s] writing ../build/p1/p1.egg-info/PKG-INFO
[0.368s] writing dependency_links to ../build/p1/p1.egg-info/dependency_links.txt
[0.368s] writing entry points to ../build/p1/p1.egg-info/entry_points.txt
[0.368s] writing requirements to ../build/p1/p1.egg-info/requires.txt
[0.368s] writing top-level names to ../build/p1/p1.egg-info/top_level.txt
[0.392s] reading manifest file '../build/p1/p1.egg-info/SOURCES.txt'
[0.393s] writing manifest file '../build/p1/p1.egg-info/SOURCES.txt'
[0.393s] running build
[0.393s] running build_py
[0.393s] copying p1/controller.py -> /home/pdabrow1/dev_ws/src/dabrowski_synowiec/build/p1/build/lib/p1
[0.393s] running install
[0.394s] running install_lib
[0.394s] copying /home/pdabrow1/dev_ws/src/dabrowski_synowiec/build/p1/build/lib/p1/controller.py -> /home/pdabrow1/dev_ws/src/dabrowski_synowiec/install/p1/lib/python3.8/site-packages/p1
[0.395s] byte-compiling /home/pdabrow1/dev_ws/src/dabrowski_synowiec/install/p1/lib/python3.8/site-packages/p1/controller.py to controller.cpython-38.pyc
[0.396s] running install_data
[0.396s] running install_egg_info
[0.397s] removing '/home/pdabrow1/dev_ws/src/dabrowski_synowiec/install/p1/lib/python3.8/site-packages/p1-0.0.0-py3.8.egg-info' (and everything under it)
[0.397s] Copying ../build/p1/p1.egg-info to /home/pdabrow1/dev_ws/src/dabrowski_synowiec/install/p1/lib/python3.8/site-packages/p1-0.0.0-py3.8.egg-info
[0.398s] running install_scripts
[0.410s] Installing controller script to /home/pdabrow1/dev_ws/src/dabrowski_synowiec/install/p1/lib/p1
[0.410s] writing list of installed files to '/home/pdabrow1/dev_ws/src/dabrowski_synowiec/build/p1/install.log'
[0.425s] Invoked command in '/home/pdabrow1/dev_ws/src/dabrowski_synowiec/p1' returned '0': PYTHONPATH=/home/pdabrow1/dev_ws/src/dabrowski_synowiec/install/p1/lib/python3.8/site-packages:${PYTHONPATH} /usr/bin/python3 setup.py egg_info --egg-base ../build/p1 build --build-base /home/pdabrow1/dev_ws/src/dabrowski_synowiec/build/p1/build install --prefix /home/pdabrow1/dev_ws/src/dabrowski_synowiec/install/p1 --record /home/pdabrow1/dev_ws/src/dabrowski_synowiec/build/p1/install.log --single-version-externally-managed
