[0.642s] Invoking command in '/home/pdabrow1/dev_ws/src/dabrowski_synowiec/lab3_podejscie1': PYTHONPATH=/home/pdabrow1/dev_ws/src/dabrowski_synowiec/install/lab3_podejscie1/lib/python3.8/site-packages:${PYTHONPATH} /usr/bin/python3 setup.py egg_info --egg-base ../build/lab3_podejscie1 build --build-base /home/pdabrow1/dev_ws/src/dabrowski_synowiec/build/lab3_podejscie1/build install --prefix /home/pdabrow1/dev_ws/src/dabrowski_synowiec/install/lab3_podejscie1 --record /home/pdabrow1/dev_ws/src/dabrowski_synowiec/build/lab3_podejscie1/install.log --single-version-externally-managed
[0.795s] running egg_info
[0.795s] writing ../build/lab3_podejscie1/lab3_podejscie1.egg-info/PKG-INFO
[0.795s] writing dependency_links to ../build/lab3_podejscie1/lab3_podejscie1.egg-info/dependency_links.txt
[0.795s] writing entry points to ../build/lab3_podejscie1/lab3_podejscie1.egg-info/entry_points.txt
[0.796s] writing requirements to ../build/lab3_podejscie1/lab3_podejscie1.egg-info/requires.txt
[0.796s] writing top-level names to ../build/lab3_podejscie1/lab3_podejscie1.egg-info/top_level.txt
[0.819s] reading manifest file '../build/lab3_podejscie1/lab3_podejscie1.egg-info/SOURCES.txt'
[0.820s] writing manifest file '../build/lab3_podejscie1/lab3_podejscie1.egg-info/SOURCES.txt'
[0.820s] running build
[0.820s] running build_py
[0.820s] running install
[0.820s] running install_lib
[0.821s] running install_data
[0.822s] running install_egg_info
[0.823s] removing '/home/pdabrow1/dev_ws/src/dabrowski_synowiec/install/lab3_podejscie1/lib/python3.8/site-packages/lab3_podejscie1-0.0.0-py3.8.egg-info' (and everything under it)
[0.823s] Copying ../build/lab3_podejscie1/lab3_podejscie1.egg-info to /home/pdabrow1/dev_ws/src/dabrowski_synowiec/install/lab3_podejscie1/lib/python3.8/site-packages/lab3_podejscie1-0.0.0-py3.8.egg-info
[0.823s] running install_scripts
[0.835s] Installing kdl script to /home/pdabrow1/dev_ws/src/dabrowski_synowiec/install/lab3_podejscie1/lib/lab3_podejscie1
[0.835s] Installing nonkdl script to /home/pdabrow1/dev_ws/src/dabrowski_synowiec/install/lab3_podejscie1/lib/lab3_podejscie1
[0.836s] writing list of installed files to '/home/pdabrow1/dev_ws/src/dabrowski_synowiec/build/lab3_podejscie1/install.log'
[0.859s] Invoked command in '/home/pdabrow1/dev_ws/src/dabrowski_synowiec/lab3_podejscie1' returned '0': PYTHONPATH=/home/pdabrow1/dev_ws/src/dabrowski_synowiec/install/lab3_podejscie1/lib/python3.8/site-packages:${PYTHONPATH} /usr/bin/python3 setup.py egg_info --egg-base ../build/lab3_podejscie1 build --build-base /home/pdabrow1/dev_ws/src/dabrowski_synowiec/build/lab3_podejscie1/build install --prefix /home/pdabrow1/dev_ws/src/dabrowski_synowiec/install/lab3_podejscie1 --record /home/pdabrow1/dev_ws/src/dabrowski_synowiec/build/lab3_podejscie1/install.log --single-version-externally-managed
