[0.695s] Invoking command in '/home/pdabrow1/dev_ws/src/dabrowski_synowiec/lab3_podejscie2': PYTHONPATH=/home/pdabrow1/dev_ws/src/dabrowski_synowiec/install/lab3_podejscie2/lib/python3.8/site-packages:${PYTHONPATH} /usr/bin/python3 setup.py egg_info --egg-base ../build/lab3_podejscie2 build --build-base /home/pdabrow1/dev_ws/src/dabrowski_synowiec/build/lab3_podejscie2/build install --prefix /home/pdabrow1/dev_ws/src/dabrowski_synowiec/install/lab3_podejscie2 --record /home/pdabrow1/dev_ws/src/dabrowski_synowiec/build/lab3_podejscie2/install.log --single-version-externally-managed
[0.832s] running egg_info
[0.832s] writing ../build/lab3_podejscie2/lab3_podejscie2.egg-info/PKG-INFO
[0.832s] writing dependency_links to ../build/lab3_podejscie2/lab3_podejscie2.egg-info/dependency_links.txt
[0.833s] writing entry points to ../build/lab3_podejscie2/lab3_podejscie2.egg-info/entry_points.txt
[0.833s] writing requirements to ../build/lab3_podejscie2/lab3_podejscie2.egg-info/requires.txt
[0.833s] writing top-level names to ../build/lab3_podejscie2/lab3_podejscie2.egg-info/top_level.txt
[0.857s] reading manifest file '../build/lab3_podejscie2/lab3_podejscie2.egg-info/SOURCES.txt'
[0.858s] writing manifest file '../build/lab3_podejscie2/lab3_podejscie2.egg-info/SOURCES.txt'
[0.858s] running build
[0.858s] running build_py
[0.858s] copying lab3_podejscie2/kdl_dkin.py -> /home/pdabrow1/dev_ws/src/dabrowski_synowiec/build/lab3_podejscie2/build/lib/lab3_podejscie2
[0.858s] running install
[0.859s] running install_lib
[0.859s] copying /home/pdabrow1/dev_ws/src/dabrowski_synowiec/build/lab3_podejscie2/build/lib/lab3_podejscie2/kdl_dkin.py -> /home/pdabrow1/dev_ws/src/dabrowski_synowiec/install/lab3_podejscie2/lib/python3.8/site-packages/lab3_podejscie2
[0.860s] byte-compiling /home/pdabrow1/dev_ws/src/dabrowski_synowiec/install/lab3_podejscie2/lib/python3.8/site-packages/lab3_podejscie2/kdl_dkin.py to kdl_dkin.cpython-38.pyc
[0.861s] running install_data
[0.861s] copying lab3_podejscie2/kdl_dkin.py -> /home/pdabrow1/dev_ws/src/dabrowski_synowiec/install/lab3_podejscie2/share/lab3_podejscie2
[0.862s] running install_egg_info
[0.862s] removing '/home/pdabrow1/dev_ws/src/dabrowski_synowiec/install/lab3_podejscie2/lib/python3.8/site-packages/lab3_podejscie2-0.0.0-py3.8.egg-info' (and everything under it)
[0.863s] Copying ../build/lab3_podejscie2/lab3_podejscie2.egg-info to /home/pdabrow1/dev_ws/src/dabrowski_synowiec/install/lab3_podejscie2/lib/python3.8/site-packages/lab3_podejscie2-0.0.0-py3.8.egg-info
[0.863s] running install_scripts
[0.875s] Installing kdl script to /home/pdabrow1/dev_ws/src/dabrowski_synowiec/install/lab3_podejscie2/lib/lab3_podejscie2
[0.875s] Installing nonkdl script to /home/pdabrow1/dev_ws/src/dabrowski_synowiec/install/lab3_podejscie2/lib/lab3_podejscie2
[0.876s] writing list of installed files to '/home/pdabrow1/dev_ws/src/dabrowski_synowiec/build/lab3_podejscie2/install.log'
[0.904s] Invoked command in '/home/pdabrow1/dev_ws/src/dabrowski_synowiec/lab3_podejscie2' returned '0': PYTHONPATH=/home/pdabrow1/dev_ws/src/dabrowski_synowiec/install/lab3_podejscie2/lib/python3.8/site-packages:${PYTHONPATH} /usr/bin/python3 setup.py egg_info --egg-base ../build/lab3_podejscie2 build --build-base /home/pdabrow1/dev_ws/src/dabrowski_synowiec/build/lab3_podejscie2/build install --prefix /home/pdabrow1/dev_ws/src/dabrowski_synowiec/install/lab3_podejscie2 --record /home/pdabrow1/dev_ws/src/dabrowski_synowiec/build/lab3_podejscie2/install.log --single-version-externally-managed
