[0.160s] Invoking command in '/home/pdabrow1/dev_ws/src/dabrowski_synowiec/lab2/build/lab2': PYTHONPATH=/home/pdabrow1/dev_ws/src/dabrowski_synowiec/lab2/install/lab2/lib/python3.8/site-packages:${PYTHONPATH} /usr/bin/python3 setup.py develop --prefix /home/pdabrow1/dev_ws/src/dabrowski_synowiec/lab2/install/lab2 --uninstall --editable --build-directory /home/pdabrow1/dev_ws/src/dabrowski_synowiec/lab2/build/lab2/build
[0.311s] running develop
[0.406s] Invoked command in '/home/pdabrow1/dev_ws/src/dabrowski_synowiec/lab2/build/lab2' returned '0': PYTHONPATH=/home/pdabrow1/dev_ws/src/dabrowski_synowiec/lab2/install/lab2/lib/python3.8/site-packages:${PYTHONPATH} /usr/bin/python3 setup.py develop --prefix /home/pdabrow1/dev_ws/src/dabrowski_synowiec/lab2/install/lab2 --uninstall --editable --build-directory /home/pdabrow1/dev_ws/src/dabrowski_synowiec/lab2/build/lab2/build
[0.407s] Invoking command in '/home/pdabrow1/dev_ws/src/dabrowski_synowiec/lab2': PYTHONPATH=/home/pdabrow1/dev_ws/src/dabrowski_synowiec/lab2/install/lab2/lib/python3.8/site-packages:${PYTHONPATH} /usr/bin/python3 setup.py egg_info --egg-base build/lab2 build --build-base /home/pdabrow1/dev_ws/src/dabrowski_synowiec/lab2/build/lab2/build install --prefix /home/pdabrow1/dev_ws/src/dabrowski_synowiec/lab2/install/lab2 --record /home/pdabrow1/dev_ws/src/dabrowski_synowiec/lab2/build/lab2/install.log --single-version-externally-managed
[0.544s] running egg_info
[0.545s] writing build/lab2/lab2.egg-info/PKG-INFO
[0.545s] writing dependency_links to build/lab2/lab2.egg-info/dependency_links.txt
[0.545s] writing entry points to build/lab2/lab2.egg-info/entry_points.txt
[0.545s] writing requirements to build/lab2/lab2.egg-info/requires.txt
[0.545s] writing top-level names to build/lab2/lab2.egg-info/top_level.txt
[0.567s] reading manifest file 'build/lab2/lab2.egg-info/SOURCES.txt'
[0.568s] writing manifest file 'build/lab2/lab2.egg-info/SOURCES.txt'
[0.568s] running build
[0.568s] running build_py
[0.568s] running install
[0.569s] running install_lib
[0.569s] running install_data
[0.570s] copying urdf/URDF.yaml -> /home/pdabrow1/dev_ws/src/dabrowski_synowiec/lab2/install/lab2/share/lab2
[0.570s] copying urdf/myrobot.urdf.xacro.xml -> /home/pdabrow1/dev_ws/src/dabrowski_synowiec/lab2/install/lab2/share/lab2
[0.570s] running install_egg_info
[0.571s] removing '/home/pdabrow1/dev_ws/src/dabrowski_synowiec/lab2/install/lab2/lib/python3.8/site-packages/lab2-0.0.0-py3.8.egg-info' (and everything under it)
[0.571s] Copying build/lab2/lab2.egg-info to /home/pdabrow1/dev_ws/src/dabrowski_synowiec/lab2/install/lab2/lib/python3.8/site-packages/lab2-0.0.0-py3.8.egg-info
[0.571s] running install_scripts
[0.582s] Installing state_publisher script to /home/pdabrow1/dev_ws/src/dabrowski_synowiec/lab2/install/lab2/lib/lab2
[0.582s] writing list of installed files to '/home/pdabrow1/dev_ws/src/dabrowski_synowiec/lab2/build/lab2/install.log'
[0.595s] Invoked command in '/home/pdabrow1/dev_ws/src/dabrowski_synowiec/lab2' returned '0': PYTHONPATH=/home/pdabrow1/dev_ws/src/dabrowski_synowiec/lab2/install/lab2/lib/python3.8/site-packages:${PYTHONPATH} /usr/bin/python3 setup.py egg_info --egg-base build/lab2 build --build-base /home/pdabrow1/dev_ws/src/dabrowski_synowiec/lab2/build/lab2/build install --prefix /home/pdabrow1/dev_ws/src/dabrowski_synowiec/lab2/install/lab2 --record /home/pdabrow1/dev_ws/src/dabrowski_synowiec/lab2/build/lab2/install.log --single-version-externally-managed
