running develop
Removing /home/pdabrow1/dev_ws/src/dabrowski_synowiec/install/lab2/lib/python3.8/site-packages/lab2.egg-link (link to .)
running egg_info
writing ../build/lab2/lab2.egg-info/PKG-INFO
writing dependency_links to ../build/lab2/lab2.egg-info/dependency_links.txt
writing entry points to ../build/lab2/lab2.egg-info/entry_points.txt
writing requirements to ../build/lab2/lab2.egg-info/requires.txt
writing top-level names to ../build/lab2/lab2.egg-info/top_level.txt
reading manifest file '../build/lab2/lab2.egg-info/SOURCES.txt'
writing manifest file '../build/lab2/lab2.egg-info/SOURCES.txt'
running build
running build_py
creating /home/pdabrow1/dev_ws/src/dabrowski_synowiec/build/lab2/build
creating /home/pdabrow1/dev_ws/src/dabrowski_synowiec/build/lab2/build/lib
creating /home/pdabrow1/dev_ws/src/dabrowski_synowiec/build/lab2/build/lib/lab2
copying lab2/__init__.py -> /home/pdabrow1/dev_ws/src/dabrowski_synowiec/build/lab2/build/lib/lab2
running install
running install_lib
creating /home/pdabrow1/dev_ws/src/dabrowski_synowiec/install/lab2/lib/python3.8/site-packages/lab2
copying /home/pdabrow1/dev_ws/src/dabrowski_synowiec/build/lab2/build/lib/lab2/__init__.py -> /home/pdabrow1/dev_ws/src/dabrowski_synowiec/install/lab2/lib/python3.8/site-packages/lab2
byte-compiling /home/pdabrow1/dev_ws/src/dabrowski_synowiec/install/lab2/lib/python3.8/site-packages/lab2/__init__.py to __init__.cpython-38.pyc
running install_data
copying urdf/myrobot.rviz -> /home/pdabrow1/dev_ws/src/dabrowski_synowiec/install/lab2/share/lab2
running install_egg_info
Copying ../build/lab2/lab2.egg-info to /home/pdabrow1/dev_ws/src/dabrowski_synowiec/install/lab2/lib/python3.8/site-packages/lab2-0.0.0-py3.8.egg-info
running install_scripts
Installing state_publisher script to /home/pdabrow1/dev_ws/src/dabrowski_synowiec/install/lab2/lib/lab2
writing list of installed files to '/home/pdabrow1/dev_ws/src/dabrowski_synowiec/build/lab2/install.log'
