[0.415s] Invoking command in '/home/pdabrow1/dev_ws/src/dabrowski_synowiec/build/lab2': PYTHONPATH=/home/pdabrow1/dev_ws/src/dabrowski_synowiec/install/lab2/lib/python3.8/site-packages:${PYTHONPATH} /usr/bin/python3 setup.py develop --prefix /home/pdabrow1/dev_ws/src/dabrowski_synowiec/install/lab2 --uninstall --editable --build-directory /home/pdabrow1/dev_ws/src/dabrowski_synowiec/build/lab2/build
[0.722s] running develop
[0.885s] Removing /home/pdabrow1/dev_ws/src/dabrowski_synowiec/install/lab2/lib/python3.8/site-packages/lab2.egg-link (link to .)
[0.913s] Invoked command in '/home/pdabrow1/dev_ws/src/dabrowski_synowiec/build/lab2' returned '0': PYTHONPATH=/home/pdabrow1/dev_ws/src/dabrowski_synowiec/install/lab2/lib/python3.8/site-packages:${PYTHONPATH} /usr/bin/python3 setup.py develop --prefix /home/pdabrow1/dev_ws/src/dabrowski_synowiec/install/lab2 --uninstall --editable --build-directory /home/pdabrow1/dev_ws/src/dabrowski_synowiec/build/lab2/build
[0.914s] Invoking command in '/home/pdabrow1/dev_ws/src/dabrowski_synowiec/lab2': PYTHONPATH=/home/pdabrow1/dev_ws/src/dabrowski_synowiec/install/lab2/lib/python3.8/site-packages:${PYTHONPATH} /usr/bin/python3 setup.py egg_info --egg-base ../build/lab2 build --build-base /home/pdabrow1/dev_ws/src/dabrowski_synowiec/build/lab2/build install --prefix /home/pdabrow1/dev_ws/src/dabrowski_synowiec/install/lab2 --record /home/pdabrow1/dev_ws/src/dabrowski_synowiec/build/lab2/install.log --single-version-externally-managed
[1.062s] running egg_info
[1.062s] writing ../build/lab2/lab2.egg-info/PKG-INFO
[1.063s] writing dependency_links to ../build/lab2/lab2.egg-info/dependency_links.txt
[1.063s] writing entry points to ../build/lab2/lab2.egg-info/entry_points.txt
[1.063s] writing requirements to ../build/lab2/lab2.egg-info/requires.txt
[1.063s] writing top-level names to ../build/lab2/lab2.egg-info/top_level.txt
[1.086s] reading manifest file '../build/lab2/lab2.egg-info/SOURCES.txt'
[1.086s] writing manifest file '../build/lab2/lab2.egg-info/SOURCES.txt'
[1.087s] running build
[1.087s] running build_py
[1.087s] creating /home/pdabrow1/dev_ws/src/dabrowski_synowiec/build/lab2/build
[1.094s] creating /home/pdabrow1/dev_ws/src/dabrowski_synowiec/build/lab2/build/lib
[1.094s] creating /home/pdabrow1/dev_ws/src/dabrowski_synowiec/build/lab2/build/lib/lab2
[1.094s] copying lab2/__init__.py -> /home/pdabrow1/dev_ws/src/dabrowski_synowiec/build/lab2/build/lib/lab2
[1.094s] running install
[1.095s] running install_lib
[1.095s] creating /home/pdabrow1/dev_ws/src/dabrowski_synowiec/install/lab2/lib/python3.8/site-packages/lab2
[1.096s] copying /home/pdabrow1/dev_ws/src/dabrowski_synowiec/build/lab2/build/lib/lab2/__init__.py -> /home/pdabrow1/dev_ws/src/dabrowski_synowiec/install/lab2/lib/python3.8/site-packages/lab2
[1.096s] byte-compiling /home/pdabrow1/dev_ws/src/dabrowski_synowiec/install/lab2/lib/python3.8/site-packages/lab2/__init__.py to __init__.cpython-38.pyc
[1.097s] running install_data
[1.109s] copying urdf/myrobot.rviz -> /home/pdabrow1/dev_ws/src/dabrowski_synowiec/install/lab2/share/lab2
[1.114s] running install_egg_info
[1.116s] Copying ../build/lab2/lab2.egg-info to /home/pdabrow1/dev_ws/src/dabrowski_synowiec/install/lab2/lib/python3.8/site-packages/lab2-0.0.0-py3.8.egg-info
[1.128s] running install_scripts
[1.140s] Installing state_publisher script to /home/pdabrow1/dev_ws/src/dabrowski_synowiec/install/lab2/lib/lab2
[1.150s] writing list of installed files to '/home/pdabrow1/dev_ws/src/dabrowski_synowiec/build/lab2/install.log'
[1.169s] Invoked command in '/home/pdabrow1/dev_ws/src/dabrowski_synowiec/lab2' returned '0': PYTHONPATH=/home/pdabrow1/dev_ws/src/dabrowski_synowiec/install/lab2/lib/python3.8/site-packages:${PYTHONPATH} /usr/bin/python3 setup.py egg_info --egg-base ../build/lab2 build --build-base /home/pdabrow1/dev_ws/src/dabrowski_synowiec/build/lab2/build install --prefix /home/pdabrow1/dev_ws/src/dabrowski_synowiec/install/lab2 --record /home/pdabrow1/dev_ws/src/dabrowski_synowiec/build/lab2/install.log --single-version-externally-managed
