/home/pdabrow1/dev_ws/src/dabrowski_synowiec/install/lab3_podejscie1/lib/python3.8/site-packages/lab3_podejscie1/nonkdl_dkin.py
/home/pdabrow1/dev_ws/src/dabrowski_synowiec/install/lab3_podejscie1/lib/python3.8/site-packages/lab3_podejscie1/kdl_dkin .py
/home/pdabrow1/dev_ws/src/dabrowski_synowiec/install/lab3_podejscie1/lib/python3.8/site-packages/lab3_podejscie1/__init__.py
/home/pdabrow1/dev_ws/src/dabrowski_synowiec/install/lab3_podejscie1/lib/python3.8/site-packages/lab3_podejscie1/__pycache__/nonkdl_dkin.cpython-38.pyc
/home/pdabrow1/dev_ws/src/dabrowski_synowiec/install/lab3_podejscie1/lib/python3.8/site-packages/lab3_podejscie1/__pycache__/kdl_dkin .cpython-38.pyc
/home/pdabrow1/dev_ws/src/dabrowski_synowiec/install/lab3_podejscie1/lib/python3.8/site-packages/lab3_podejscie1/__pycache__/__init__.cpython-38.pyc
/home/pdabrow1/dev_ws/src/dabrowski_synowiec/install/lab3_podejscie1/share/ament_index/resource_index/packages/lab3_podejscie1
/home/pdabrow1/dev_ws/src/dabrowski_synowiec/install/lab3_podejscie1/share/lab3_podejscie1/package.xml
/home/pdabrow1/dev_ws/src/dabrowski_synowiec/install/lab3_podejscie1/share/lab3_podejscie1/lab3_pls.launch.py
/home/pdabrow1/dev_ws/src/dabrowski_synowiec/install/lab3_podejscie1/share/lab3_podejscie1/lab3_rviz.launch.py
/home/pdabrow1/dev_ws/src/dabrowski_synowiec/install/lab3_podejscie1/share/lab3_podejscie1/myrobot_dynamic.urdf.xacro.xml
/home/pdabrow1/dev_ws/src/dabrowski_synowiec/install/lab3_podejscie1/share/lab3_podejscie1/URDF.yaml
/home/pdabrow1/dev_ws/src/dabrowski_synowiec/install/lab3_podejscie1/share/lab3_podejscie1/myrobot.rviz
/home/pdabrow1/dev_ws/src/dabrowski_synowiec/install/lab3_podejscie1/share/lab3_podejscie1/nonkdl_dkin.py
/home/pdabrow1/dev_ws/src/dabrowski_synowiec/install/lab3_podejscie1/share/lab3_podejscie1/kdl_dkin .py
/home/pdabrow1/dev_ws/src/dabrowski_synowiec/install/lab3_podejscie1/share/lab3_podejscie1/__init__.py
/home/pdabrow1/dev_ws/src/dabrowski_synowiec/install/lab3_podejscie1/share/lab3_podejscie1/DH.json
/home/pdabrow1/dev_ws/src/dabrowski_synowiec/install/lab3_podejscie1/lib/python3.8/site-packages/lab3_podejscie1-0.0.0-py3.8.egg-info/SOURCES.txt
/home/pdabrow1/dev_ws/src/dabrowski_synowiec/install/lab3_podejscie1/lib/python3.8/site-packages/lab3_podejscie1-0.0.0-py3.8.egg-info/entry_points.txt
/home/pdabrow1/dev_ws/src/dabrowski_synowiec/install/lab3_podejscie1/lib/python3.8/site-packages/lab3_podejscie1-0.0.0-py3.8.egg-info/dependency_links.txt
/home/pdabrow1/dev_ws/src/dabrowski_synowiec/install/lab3_podejscie1/lib/python3.8/site-packages/lab3_podejscie1-0.0.0-py3.8.egg-info/PKG-INFO
/home/pdabrow1/dev_ws/src/dabrowski_synowiec/install/lab3_podejscie1/lib/python3.8/site-packages/lab3_podejscie1-0.0.0-py3.8.egg-info/requires.txt
/home/pdabrow1/dev_ws/src/dabrowski_synowiec/install/lab3_podejscie1/lib/python3.8/site-packages/lab3_podejscie1-0.0.0-py3.8.egg-info/zip-safe
/home/pdabrow1/dev_ws/src/dabrowski_synowiec/install/lab3_podejscie1/lib/python3.8/site-packages/lab3_podejscie1-0.0.0-py3.8.egg-info/top_level.txt
/home/pdabrow1/dev_ws/src/dabrowski_synowiec/install/lab3_podejscie1/lib/lab3_podejscie1/kdl
/home/pdabrow1/dev_ws/src/dabrowski_synowiec/install/lab3_podejscie1/lib/lab3_podejscie1/nonkdl
