[0.307s] Invoking command in '/home/pdabrow1/dev_ws/src/dabrowski_synowiec/build/lab2': PYTHONPATH=/home/pdabrow1/dev_ws/src/dabrowski_synowiec/install/lab2/lib/python3.8/site-packages:${PYTHONPATH} /usr/bin/python3 setup.py develop --prefix /home/pdabrow1/dev_ws/src/dabrowski_synowiec/install/lab2 --uninstall --editable --build-directory /home/pdabrow1/dev_ws/src/dabrowski_synowiec/build/lab2/build
[0.455s] running develop
[0.554s] Invoked command in '/home/pdabrow1/dev_ws/src/dabrowski_synowiec/build/lab2' returned '0': PYTHONPATH=/home/pdabrow1/dev_ws/src/dabrowski_synowiec/install/lab2/lib/python3.8/site-packages:${PYTHONPATH} /usr/bin/python3 setup.py develop --prefix /home/pdabrow1/dev_ws/src/dabrowski_synowiec/install/lab2 --uninstall --editable --build-directory /home/pdabrow1/dev_ws/src/dabrowski_synowiec/build/lab2/build
[0.555s] Invoking command in '/home/pdabrow1/dev_ws/src/dabrowski_synowiec/lab2': PYTHONPATH=/home/pdabrow1/dev_ws/src/dabrowski_synowiec/install/lab2/lib/python3.8/site-packages:${PYTHONPATH} /usr/bin/python3 setup.py egg_info --egg-base ../build/lab2 build --build-base /home/pdabrow1/dev_ws/src/dabrowski_synowiec/build/lab2/build install --prefix /home/pdabrow1/dev_ws/src/dabrowski_synowiec/install/lab2 --record /home/pdabrow1/dev_ws/src/dabrowski_synowiec/build/lab2/install.log --single-version-externally-managed
[0.690s] running egg_info
[0.690s] writing ../build/lab2/lab2.egg-info/PKG-INFO
[0.690s] writing dependency_links to ../build/lab2/lab2.egg-info/dependency_links.txt
[0.690s] writing entry points to ../build/lab2/lab2.egg-info/entry_points.txt
[0.690s] writing requirements to ../build/lab2/lab2.egg-info/requires.txt
[0.690s] writing top-level names to ../build/lab2/lab2.egg-info/top_level.txt
[0.713s] reading manifest file '../build/lab2/lab2.egg-info/SOURCES.txt'
[0.713s] writing manifest file '../build/lab2/lab2.egg-info/SOURCES.txt'
[0.713s] running build
[0.713s] running build_py
[0.713s] running install
[0.714s] running install_lib
[0.715s] running install_data
[0.715s] copying urdf/URDF.yaml -> /home/pdabrow1/dev_ws/src/dabrowski_synowiec/install/lab2/share/lab2
[0.715s] running install_egg_info
[0.716s] removing '/home/pdabrow1/dev_ws/src/dabrowski_synowiec/install/lab2/lib/python3.8/site-packages/lab2-0.0.0-py3.8.egg-info' (and everything under it)
[0.716s] Copying ../build/lab2/lab2.egg-info to /home/pdabrow1/dev_ws/src/dabrowski_synowiec/install/lab2/lib/python3.8/site-packages/lab2-0.0.0-py3.8.egg-info
[0.717s] running install_scripts
[0.727s] Installing state_publisher script to /home/pdabrow1/dev_ws/src/dabrowski_synowiec/install/lab2/lib/lab2
[0.727s] writing list of installed files to '/home/pdabrow1/dev_ws/src/dabrowski_synowiec/build/lab2/install.log'
[0.740s] Invoked command in '/home/pdabrow1/dev_ws/src/dabrowski_synowiec/lab2' returned '0': PYTHONPATH=/home/pdabrow1/dev_ws/src/dabrowski_synowiec/install/lab2/lib/python3.8/site-packages:${PYTHONPATH} /usr/bin/python3 setup.py egg_info --egg-base ../build/lab2 build --build-base /home/pdabrow1/dev_ws/src/dabrowski_synowiec/build/lab2/build install --prefix /home/pdabrow1/dev_ws/src/dabrowski_synowiec/install/lab2 --record /home/pdabrow1/dev_ws/src/dabrowski_synowiec/build/lab2/install.log --single-version-externally-managed
