[1.118s] DEBUG:colcon:Command line arguments: ['/usr/bin/colcon', 'build']
[1.118s] DEBUG:colcon:Parsed command line arguments: Namespace(ament_cmake_args=None, base_paths=['.'], build_base='build', catkin_cmake_args=None, catkin_skip_building_tests=False, cmake_args=None, cmake_clean_cache=False, cmake_clean_first=False, cmake_force_configure=False, cmake_target=None, cmake_target_skip_unavailable=False, continue_on_error=False, event_handlers=None, executor='parallel', ignore_user_meta=False, install_base='install', log_base=None, log_level=None, main=<bound method BuildVerb.main of <colcon_core.verb.build.BuildVerb object at 0x7f2436e3adc0>>, merge_install=False, metas=['./colcon.meta'], packages_above=None, packages_above_and_dependencies=None, packages_above_depth=None, packages_end=None, packages_ignore=None, packages_ignore_regex=None, packages_select=None, packages_select_build_failed=False, packages_select_by_dep=None, packages_select_regex=None, packages_select_test_failures=False, packages_skip=None, packages_skip_build_finished=False, packages_skip_by_dep=None, packages_skip_regex=None, packages_skip_test_passed=False, packages_skip_up_to=None, packages_start=None, packages_up_to=None, packages_up_to_regex=None, parallel_workers=6, paths=None, symlink_install=False, test_result_base=None, verb_extension=<colcon_core.verb.build.BuildVerb object at 0x7f2436e3adc0>, verb_name='build', verb_parser=<colcon_defaults.argument_parser.defaults.DefaultArgumentsDecorator object at 0x7f2436e4a370>)
[1.144s] Level 1:colcon.colcon_core.package_discovery:discover_packages(colcon_meta) check parameters
[1.144s] Level 1:colcon.colcon_core.package_discovery:discover_packages(recursive) check parameters
[1.144s] Level 1:colcon.colcon_core.package_discovery:discover_packages(ignore) check parameters
[1.144s] Level 1:colcon.colcon_core.package_discovery:discover_packages(path) check parameters
[1.144s] Level 1:colcon.colcon_core.package_discovery:discover_packages(colcon_meta) discover
[1.144s] Level 1:colcon.colcon_core.package_discovery:discover_packages(recursive) discover
[1.144s] INFO:colcon.colcon_core.package_discovery:Crawling recursively for packages in '/home/pdabrow1/dev_ws/src/dabrowski_synowiec'
[1.144s] Level 1:colcon.colcon_core.package_identification:_identify(.) by extensions ['ignore', 'ignore_ament_install']
[1.144s] Level 1:colcon.colcon_core.package_identification:_identify(.) by extension 'ignore'
[1.144s] Level 1:colcon.colcon_core.package_identification:_identify(.) by extension 'ignore_ament_install'
[1.144s] Level 1:colcon.colcon_core.package_identification:_identify(.) by extensions ['colcon_pkg']
[1.144s] Level 1:colcon.colcon_core.package_identification:_identify(.) by extension 'colcon_pkg'
[1.144s] Level 1:colcon.colcon_core.package_identification:_identify(.) by extensions ['colcon_meta']
[1.144s] Level 1:colcon.colcon_core.package_identification:_identify(.) by extension 'colcon_meta'
[1.144s] Level 1:colcon.colcon_core.package_identification:_identify(.) by extensions ['ros']
[1.144s] Level 1:colcon.colcon_core.package_identification:_identify(.) by extension 'ros'
[1.179s] Level 1:colcon.colcon_core.package_identification:_identify(.) by extensions ['cmake', 'python']
[1.179s] Level 1:colcon.colcon_core.package_identification:_identify(.) by extension 'cmake'
[1.179s] Level 1:colcon.colcon_core.package_identification:_identify(.) by extension 'python'
[1.179s] Level 1:colcon.colcon_core.package_identification:_identify(.) by extensions ['python_setup_py']
[1.179s] Level 1:colcon.colcon_core.package_identification:_identify(.) by extension 'python_setup_py'
[1.179s] Level 1:colcon.colcon_core.package_identification:_identify(build) by extensions ['ignore', 'ignore_ament_install']
[1.179s] Level 1:colcon.colcon_core.package_identification:_identify(build) by extension 'ignore'
[1.179s] Level 1:colcon.colcon_core.package_identification:_identify(build) ignored
[1.179s] Level 1:colcon.colcon_core.package_identification:_identify(install) by extensions ['ignore', 'ignore_ament_install']
[1.179s] Level 1:colcon.colcon_core.package_identification:_identify(install) by extension 'ignore'
[1.179s] Level 1:colcon.colcon_core.package_identification:_identify(install) ignored
[1.180s] Level 1:colcon.colcon_core.package_identification:_identify(lab2) by extensions ['ignore', 'ignore_ament_install']
[1.180s] Level 1:colcon.colcon_core.package_identification:_identify(lab2) by extension 'ignore'
[1.180s] Level 1:colcon.colcon_core.package_identification:_identify(lab2) by extension 'ignore_ament_install'
[1.180s] Level 1:colcon.colcon_core.package_identification:_identify(lab2) by extensions ['colcon_pkg']
[1.180s] Level 1:colcon.colcon_core.package_identification:_identify(lab2) by extension 'colcon_pkg'
[1.180s] Level 1:colcon.colcon_core.package_identification:_identify(lab2) by extensions ['colcon_meta']
[1.180s] Level 1:colcon.colcon_core.package_identification:_identify(lab2) by extension 'colcon_meta'
[1.180s] Level 1:colcon.colcon_core.package_identification:_identify(lab2) by extensions ['ros']
[1.180s] Level 1:colcon.colcon_core.package_identification:_identify(lab2) by extension 'ros'
[1.211s] DEBUG:colcon.colcon_core.package_identification:Package 'lab2' with type 'ros.ament_python' and name 'lab2'
[1.212s] Level 1:colcon.colcon_core.package_identification:_identify(lab3_podejscie1) by extensions ['ignore', 'ignore_ament_install']
[1.212s] Level 1:colcon.colcon_core.package_identification:_identify(lab3_podejscie1) by extension 'ignore'
[1.212s] Level 1:colcon.colcon_core.package_identification:_identify(lab3_podejscie1) by extension 'ignore_ament_install'
[1.212s] Level 1:colcon.colcon_core.package_identification:_identify(lab3_podejscie1) by extensions ['colcon_pkg']
[1.212s] Level 1:colcon.colcon_core.package_identification:_identify(lab3_podejscie1) by extension 'colcon_pkg'
[1.212s] Level 1:colcon.colcon_core.package_identification:_identify(lab3_podejscie1) by extensions ['colcon_meta']
[1.212s] Level 1:colcon.colcon_core.package_identification:_identify(lab3_podejscie1) by extension 'colcon_meta'
[1.212s] Level 1:colcon.colcon_core.package_identification:_identify(lab3_podejscie1) by extensions ['ros']
[1.212s] Level 1:colcon.colcon_core.package_identification:_identify(lab3_podejscie1) by extension 'ros'
[1.230s] DEBUG:colcon.colcon_core.package_identification:Package 'lab3_podejscie1' with type 'ros.ament_python' and name 'lab3_podejscie1'
[1.230s] Level 1:colcon.colcon_core.package_identification:_identify(lab3_podejscie2) by extensions ['ignore', 'ignore_ament_install']
[1.230s] Level 1:colcon.colcon_core.package_identification:_identify(lab3_podejscie2) by extension 'ignore'
[1.230s] Level 1:colcon.colcon_core.package_identification:_identify(lab3_podejscie2) by extension 'ignore_ament_install'
[1.230s] Level 1:colcon.colcon_core.package_identification:_identify(lab3_podejscie2) by extensions ['colcon_pkg']
[1.230s] Level 1:colcon.colcon_core.package_identification:_identify(lab3_podejscie2) by extension 'colcon_pkg'
[1.230s] Level 1:colcon.colcon_core.package_identification:_identify(lab3_podejscie2) by extensions ['colcon_meta']
[1.230s] Level 1:colcon.colcon_core.package_identification:_identify(lab3_podejscie2) by extension 'colcon_meta'
[1.230s] Level 1:colcon.colcon_core.package_identification:_identify(lab3_podejscie2) by extensions ['ros']
[1.230s] Level 1:colcon.colcon_core.package_identification:_identify(lab3_podejscie2) by extension 'ros'
[1.239s] DEBUG:colcon.colcon_core.package_identification:Package 'lab3_podejscie2' with type 'ros.ament_python' and name 'lab3_podejscie2'
[1.239s] Level 1:colcon.colcon_core.package_identification:_identify(log) by extensions ['ignore', 'ignore_ament_install']
[1.239s] Level 1:colcon.colcon_core.package_identification:_identify(log) by extension 'ignore'
[1.239s] Level 1:colcon.colcon_core.package_identification:_identify(log) ignored
[1.239s] Level 1:colcon.colcon_core.package_identification:_identify(p1) by extensions ['ignore', 'ignore_ament_install']
[1.239s] Level 1:colcon.colcon_core.package_identification:_identify(p1) by extension 'ignore'
[1.239s] Level 1:colcon.colcon_core.package_identification:_identify(p1) by extension 'ignore_ament_install'
[1.239s] Level 1:colcon.colcon_core.package_identification:_identify(p1) by extensions ['colcon_pkg']
[1.239s] Level 1:colcon.colcon_core.package_identification:_identify(p1) by extension 'colcon_pkg'
[1.239s] Level 1:colcon.colcon_core.package_identification:_identify(p1) by extensions ['colcon_meta']
[1.239s] Level 1:colcon.colcon_core.package_identification:_identify(p1) by extension 'colcon_meta'
[1.239s] Level 1:colcon.colcon_core.package_identification:_identify(p1) by extensions ['ros']
[1.239s] Level 1:colcon.colcon_core.package_identification:_identify(p1) by extension 'ros'
[1.240s] DEBUG:colcon.colcon_core.package_identification:Package 'p1' with type 'ros.ament_python' and name 'p1'
[1.240s] Level 1:colcon.colcon_core.package_discovery:discover_packages(recursive) using defaults
[1.240s] Level 1:colcon.colcon_core.package_discovery:discover_packages(ignore) discover
[1.240s] Level 1:colcon.colcon_core.package_discovery:discover_packages(ignore) using defaults
[1.240s] Level 1:colcon.colcon_core.package_discovery:discover_packages(path) discover
[1.240s] Level 1:colcon.colcon_core.package_discovery:discover_packages(path) using defaults
[1.270s] Level 5:colcon.colcon_core.verb:set package 'lab2' build argument 'cmake_args' from command line to 'None'
[1.270s] Level 5:colcon.colcon_core.verb:set package 'lab2' build argument 'cmake_target' from command line to 'None'
[1.270s] Level 5:colcon.colcon_core.verb:set package 'lab2' build argument 'cmake_target_skip_unavailable' from command line to 'False'
[1.270s] Level 5:colcon.colcon_core.verb:set package 'lab2' build argument 'cmake_clean_cache' from command line to 'False'
[1.270s] Level 5:colcon.colcon_core.verb:set package 'lab2' build argument 'cmake_clean_first' from command line to 'False'
[1.270s] Level 5:colcon.colcon_core.verb:set package 'lab2' build argument 'cmake_force_configure' from command line to 'False'
[1.270s] Level 5:colcon.colcon_core.verb:set package 'lab2' build argument 'ament_cmake_args' from command line to 'None'
[1.270s] Level 5:colcon.colcon_core.verb:set package 'lab2' build argument 'catkin_cmake_args' from command line to 'None'
[1.270s] Level 5:colcon.colcon_core.verb:set package 'lab2' build argument 'catkin_skip_building_tests' from command line to 'False'
[1.270s] DEBUG:colcon.colcon_core.verb:Building package 'lab2' with the following arguments: {'ament_cmake_args': None, 'build_base': '/home/pdabrow1/dev_ws/src/dabrowski_synowiec/build/lab2', 'catkin_cmake_args': None, 'catkin_skip_building_tests': False, 'cmake_args': None, 'cmake_clean_cache': False, 'cmake_clean_first': False, 'cmake_force_configure': False, 'cmake_target': None, 'cmake_target_skip_unavailable': False, 'install_base': '/home/pdabrow1/dev_ws/src/dabrowski_synowiec/install/lab2', 'merge_install': False, 'path': '/home/pdabrow1/dev_ws/src/dabrowski_synowiec/lab2', 'symlink_install': False, 'test_result_base': None}
[1.272s] Level 5:colcon.colcon_core.verb:set package 'lab3_podejscie1' build argument 'cmake_args' from command line to 'None'
[1.272s] Level 5:colcon.colcon_core.verb:set package 'lab3_podejscie1' build argument 'cmake_target' from command line to 'None'
[1.272s] Level 5:colcon.colcon_core.verb:set package 'lab3_podejscie1' build argument 'cmake_target_skip_unavailable' from command line to 'False'
[1.272s] Level 5:colcon.colcon_core.verb:set package 'lab3_podejscie1' build argument 'cmake_clean_cache' from command line to 'False'
[1.272s] Level 5:colcon.colcon_core.verb:set package 'lab3_podejscie1' build argument 'cmake_clean_first' from command line to 'False'
[1.272s] Level 5:colcon.colcon_core.verb:set package 'lab3_podejscie1' build argument 'cmake_force_configure' from command line to 'False'
[1.272s] Level 5:colcon.colcon_core.verb:set package 'lab3_podejscie1' build argument 'ament_cmake_args' from command line to 'None'
[1.272s] Level 5:colcon.colcon_core.verb:set package 'lab3_podejscie1' build argument 'catkin_cmake_args' from command line to 'None'
[1.272s] Level 5:colcon.colcon_core.verb:set package 'lab3_podejscie1' build argument 'catkin_skip_building_tests' from command line to 'False'
[1.272s] DEBUG:colcon.colcon_core.verb:Building package 'lab3_podejscie1' with the following arguments: {'ament_cmake_args': None, 'build_base': '/home/pdabrow1/dev_ws/src/dabrowski_synowiec/build/lab3_podejscie1', 'catkin_cmake_args': None, 'catkin_skip_building_tests': False, 'cmake_args': None, 'cmake_clean_cache': False, 'cmake_clean_first': False, 'cmake_force_configure': False, 'cmake_target': None, 'cmake_target_skip_unavailable': False, 'install_base': '/home/pdabrow1/dev_ws/src/dabrowski_synowiec/install/lab3_podejscie1', 'merge_install': False, 'path': '/home/pdabrow1/dev_ws/src/dabrowski_synowiec/lab3_podejscie1', 'symlink_install': False, 'test_result_base': None}
[1.274s] Level 5:colcon.colcon_core.verb:set package 'lab3_podejscie2' build argument 'cmake_args' from command line to 'None'
[1.274s] Level 5:colcon.colcon_core.verb:set package 'lab3_podejscie2' build argument 'cmake_target' from command line to 'None'
[1.274s] Level 5:colcon.colcon_core.verb:set package 'lab3_podejscie2' build argument 'cmake_target_skip_unavailable' from command line to 'False'
[1.274s] Level 5:colcon.colcon_core.verb:set package 'lab3_podejscie2' build argument 'cmake_clean_cache' from command line to 'False'
[1.274s] Level 5:colcon.colcon_core.verb:set package 'lab3_podejscie2' build argument 'cmake_clean_first' from command line to 'False'
[1.274s] Level 5:colcon.colcon_core.verb:set package 'lab3_podejscie2' build argument 'cmake_force_configure' from command line to 'False'
[1.274s] Level 5:colcon.colcon_core.verb:set package 'lab3_podejscie2' build argument 'ament_cmake_args' from command line to 'None'
[1.274s] Level 5:colcon.colcon_core.verb:set package 'lab3_podejscie2' build argument 'catkin_cmake_args' from command line to 'None'
[1.274s] Level 5:colcon.colcon_core.verb:set package 'lab3_podejscie2' build argument 'catkin_skip_building_tests' from command line to 'False'
[1.274s] DEBUG:colcon.colcon_core.verb:Building package 'lab3_podejscie2' with the following arguments: {'ament_cmake_args': None, 'build_base': '/home/pdabrow1/dev_ws/src/dabrowski_synowiec/build/lab3_podejscie2', 'catkin_cmake_args': None, 'catkin_skip_building_tests': False, 'cmake_args': None, 'cmake_clean_cache': False, 'cmake_clean_first': False, 'cmake_force_configure': False, 'cmake_target': None, 'cmake_target_skip_unavailable': False, 'install_base': '/home/pdabrow1/dev_ws/src/dabrowski_synowiec/install/lab3_podejscie2', 'merge_install': False, 'path': '/home/pdabrow1/dev_ws/src/dabrowski_synowiec/lab3_podejscie2', 'symlink_install': False, 'test_result_base': None}
[1.276s] Level 5:colcon.colcon_core.verb:set package 'p1' build argument 'cmake_args' from command line to 'None'
[1.276s] Level 5:colcon.colcon_core.verb:set package 'p1' build argument 'cmake_target' from command line to 'None'
[1.276s] Level 5:colcon.colcon_core.verb:set package 'p1' build argument 'cmake_target_skip_unavailable' from command line to 'False'
[1.276s] Level 5:colcon.colcon_core.verb:set package 'p1' build argument 'cmake_clean_cache' from command line to 'False'
[1.276s] Level 5:colcon.colcon_core.verb:set package 'p1' build argument 'cmake_clean_first' from command line to 'False'
[1.276s] Level 5:colcon.colcon_core.verb:set package 'p1' build argument 'cmake_force_configure' from command line to 'False'
[1.276s] Level 5:colcon.colcon_core.verb:set package 'p1' build argument 'ament_cmake_args' from command line to 'None'
[1.276s] Level 5:colcon.colcon_core.verb:set package 'p1' build argument 'catkin_cmake_args' from command line to 'None'
[1.276s] Level 5:colcon.colcon_core.verb:set package 'p1' build argument 'catkin_skip_building_tests' from command line to 'False'
[1.276s] DEBUG:colcon.colcon_core.verb:Building package 'p1' with the following arguments: {'ament_cmake_args': None, 'build_base': '/home/pdabrow1/dev_ws/src/dabrowski_synowiec/build/p1', 'catkin_cmake_args': None, 'catkin_skip_building_tests': False, 'cmake_args': None, 'cmake_clean_cache': False, 'cmake_clean_first': False, 'cmake_force_configure': False, 'cmake_target': None, 'cmake_target_skip_unavailable': False, 'install_base': '/home/pdabrow1/dev_ws/src/dabrowski_synowiec/install/p1', 'merge_install': False, 'path': '/home/pdabrow1/dev_ws/src/dabrowski_synowiec/p1', 'symlink_install': False, 'test_result_base': None}
[1.276s] INFO:colcon.colcon_core.executor:Executing jobs using 'parallel' executor
[1.278s] DEBUG:colcon.colcon_parallel_executor.executor.parallel:run_until_complete
[1.278s] INFO:colcon.colcon_ros.task.ament_python.build:Building ROS package in '/home/pdabrow1/dev_ws/src/dabrowski_synowiec/lab2' with build type 'ament_python'
[1.278s] Level 1:colcon.colcon_core.shell:create_environment_hook('lab2', 'ament_prefix_path')
[1.315s] INFO:colcon.colcon_core.plugin_system:Skipping extension 'colcon_core.shell.bat': Not used on non-Windows systems
[1.315s] INFO:colcon.colcon_core.shell:Creating environment hook '/home/pdabrow1/dev_ws/src/dabrowski_synowiec/install/lab2/share/lab2/hook/ament_prefix_path.ps1'
[1.320s] INFO:colcon.colcon_core.shell:Creating environment descriptor '/home/pdabrow1/dev_ws/src/dabrowski_synowiec/install/lab2/share/lab2/hook/ament_prefix_path.dsv'
[1.325s] INFO:colcon.colcon_core.shell:Creating environment hook '/home/pdabrow1/dev_ws/src/dabrowski_synowiec/install/lab2/share/lab2/hook/ament_prefix_path.sh'
[1.326s] INFO:colcon.colcon_core.shell:Skip shell extension 'powershell' for command environment: Not usable outside of PowerShell
[1.326s] DEBUG:colcon.colcon_core.shell:Skip shell extension 'dsv' for command environment
[1.333s] DEBUG:colcon.colcon_core.shell:Ignoring prefix path '/opt/ros/foxy'
[1.347s] INFO:colcon.colcon_ros.task.ament_python.build:Building ROS package in '/home/pdabrow1/dev_ws/src/dabrowski_synowiec/lab3_podejscie1' with build type 'ament_python'
[1.347s] Level 1:colcon.colcon_core.shell:create_environment_hook('lab3_podejscie1', 'ament_prefix_path')
[1.348s] INFO:colcon.colcon_core.shell:Creating environment hook '/home/pdabrow1/dev_ws/src/dabrowski_synowiec/install/lab3_podejscie1/share/lab3_podejscie1/hook/ament_prefix_path.ps1'
[1.348s] INFO:colcon.colcon_core.shell:Creating environment descriptor '/home/pdabrow1/dev_ws/src/dabrowski_synowiec/install/lab3_podejscie1/share/lab3_podejscie1/hook/ament_prefix_path.dsv'
[1.349s] INFO:colcon.colcon_core.shell:Creating environment hook '/home/pdabrow1/dev_ws/src/dabrowski_synowiec/install/lab3_podejscie1/share/lab3_podejscie1/hook/ament_prefix_path.sh'
[1.349s] INFO:colcon.colcon_core.shell:Skip shell extension 'powershell' for command environment: Not usable outside of PowerShell
[1.349s] DEBUG:colcon.colcon_core.shell:Skip shell extension 'dsv' for command environment
[1.351s] DEBUG:colcon.colcon_core.shell:Ignoring prefix path '/opt/ros/foxy'
[1.364s] INFO:colcon.colcon_ros.task.ament_python.build:Building ROS package in '/home/pdabrow1/dev_ws/src/dabrowski_synowiec/lab3_podejscie2' with build type 'ament_python'
[1.364s] Level 1:colcon.colcon_core.shell:create_environment_hook('lab3_podejscie2', 'ament_prefix_path')
[1.365s] INFO:colcon.colcon_core.shell:Creating environment hook '/home/pdabrow1/dev_ws/src/dabrowski_synowiec/install/lab3_podejscie2/share/lab3_podejscie2/hook/ament_prefix_path.ps1'
[1.366s] INFO:colcon.colcon_core.shell:Creating environment descriptor '/home/pdabrow1/dev_ws/src/dabrowski_synowiec/install/lab3_podejscie2/share/lab3_podejscie2/hook/ament_prefix_path.dsv'
[1.366s] INFO:colcon.colcon_core.shell:Creating environment hook '/home/pdabrow1/dev_ws/src/dabrowski_synowiec/install/lab3_podejscie2/share/lab3_podejscie2/hook/ament_prefix_path.sh'
[1.366s] INFO:colcon.colcon_core.shell:Skip shell extension 'powershell' for command environment: Not usable outside of PowerShell
[1.366s] DEBUG:colcon.colcon_core.shell:Skip shell extension 'dsv' for command environment
[1.368s] DEBUG:colcon.colcon_core.shell:Ignoring prefix path '/opt/ros/foxy'
[1.369s] INFO:colcon.colcon_ros.task.ament_python.build:Building ROS package in '/home/pdabrow1/dev_ws/src/dabrowski_synowiec/p1' with build type 'ament_python'
[1.370s] Level 1:colcon.colcon_core.shell:create_environment_hook('p1', 'ament_prefix_path')
[1.370s] INFO:colcon.colcon_core.shell:Creating environment hook '/home/pdabrow1/dev_ws/src/dabrowski_synowiec/install/p1/share/p1/hook/ament_prefix_path.ps1'
[1.371s] INFO:colcon.colcon_core.shell:Creating environment descriptor '/home/pdabrow1/dev_ws/src/dabrowski_synowiec/install/p1/share/p1/hook/ament_prefix_path.dsv'
[1.371s] INFO:colcon.colcon_core.shell:Creating environment hook '/home/pdabrow1/dev_ws/src/dabrowski_synowiec/install/p1/share/p1/hook/ament_prefix_path.sh'
[1.372s] INFO:colcon.colcon_core.shell:Skip shell extension 'powershell' for command environment: Not usable outside of PowerShell
[1.372s] DEBUG:colcon.colcon_core.shell:Skip shell extension 'dsv' for command environment
[1.375s] DEBUG:colcon.colcon_core.shell:Ignoring prefix path '/opt/ros/foxy'
[1.551s] INFO:colcon.colcon_core.task.python.build:Building Python package in '/home/pdabrow1/dev_ws/src/dabrowski_synowiec/lab2'
[1.552s] INFO:colcon.colcon_core.shell:Skip shell extension 'powershell' for command environment: Not usable outside of PowerShell
[1.552s] DEBUG:colcon.colcon_core.shell:Skip shell extension 'dsv' for command environment
[1.553s] DEBUG:colcon.colcon_core.shell:Ignoring prefix path '/opt/ros/foxy'
[1.738s] INFO:colcon.colcon_core.task.python.build:Building Python package in '/home/pdabrow1/dev_ws/src/dabrowski_synowiec/lab3_podejscie1'
[1.739s] INFO:colcon.colcon_core.shell:Skip shell extension 'powershell' for command environment: Not usable outside of PowerShell
[1.739s] DEBUG:colcon.colcon_core.shell:Skip shell extension 'dsv' for command environment
[1.741s] DEBUG:colcon.colcon_core.shell:Ignoring prefix path '/opt/ros/foxy'
[1.891s] INFO:colcon.colcon_core.task.python.build:Building Python package in '/home/pdabrow1/dev_ws/src/dabrowski_synowiec/lab3_podejscie2'
[1.892s] INFO:colcon.colcon_core.shell:Skip shell extension 'powershell' for command environment: Not usable outside of PowerShell
[1.892s] DEBUG:colcon.colcon_core.shell:Skip shell extension 'dsv' for command environment
[1.893s] DEBUG:colcon.colcon_core.shell:Ignoring prefix path '/opt/ros/foxy'
[2.054s] INFO:colcon.colcon_core.task.python.build:Building Python package in '/home/pdabrow1/dev_ws/src/dabrowski_synowiec/p1'
[2.055s] INFO:colcon.colcon_core.shell:Skip shell extension 'powershell' for command environment: Not usable outside of PowerShell
[2.055s] DEBUG:colcon.colcon_core.shell:Skip shell extension 'dsv' for command environment
[2.056s] DEBUG:colcon.colcon_core.shell:Ignoring prefix path '/opt/ros/foxy'
[2.061s] DEBUG:colcon.colcon_core.event_handler.log_command:Invoking command in '/home/pdabrow1/dev_ws/src/dabrowski_synowiec/build/lab2': PYTHONPATH=/home/pdabrow1/dev_ws/src/dabrowski_synowiec/install/lab2/lib/python3.8/site-packages:${PYTHONPATH} /usr/bin/python3 setup.py develop --prefix /home/pdabrow1/dev_ws/src/dabrowski_synowiec/install/lab2 --uninstall --editable --build-directory /home/pdabrow1/dev_ws/src/dabrowski_synowiec/build/lab2/build
[2.102s] DEBUG:colcon.colcon_core.event_handler.log_command:Invoking command in '/home/pdabrow1/dev_ws/src/dabrowski_synowiec/lab3_podejscie1': PYTHONPATH=/home/pdabrow1/dev_ws/src/dabrowski_synowiec/install/lab3_podejscie1/lib/python3.8/site-packages:${PYTHONPATH} /usr/bin/python3 setup.py egg_info --egg-base ../build/lab3_podejscie1 build --build-base /home/pdabrow1/dev_ws/src/dabrowski_synowiec/build/lab3_podejscie1/build install --prefix /home/pdabrow1/dev_ws/src/dabrowski_synowiec/install/lab3_podejscie1 --record /home/pdabrow1/dev_ws/src/dabrowski_synowiec/build/lab3_podejscie1/install.log --single-version-externally-managed
[2.114s] DEBUG:colcon.colcon_core.event_handler.log_command:Invoking command in '/home/pdabrow1/dev_ws/src/dabrowski_synowiec/lab3_podejscie2': PYTHONPATH=/home/pdabrow1/dev_ws/src/dabrowski_synowiec/install/lab3_podejscie2/lib/python3.8/site-packages:${PYTHONPATH} /usr/bin/python3 setup.py egg_info --egg-base ../build/lab3_podejscie2 build --build-base /home/pdabrow1/dev_ws/src/dabrowski_synowiec/build/lab3_podejscie2/build install --prefix /home/pdabrow1/dev_ws/src/dabrowski_synowiec/install/lab3_podejscie2 --record /home/pdabrow1/dev_ws/src/dabrowski_synowiec/build/lab3_podejscie2/install.log --single-version-externally-managed
[2.137s] DEBUG:colcon.colcon_core.event_handler.log_command:Invoking command in '/home/pdabrow1/dev_ws/src/dabrowski_synowiec/p1': PYTHONPATH=/home/pdabrow1/dev_ws/src/dabrowski_synowiec/install/p1/lib/python3.8/site-packages:${PYTHONPATH} /usr/bin/python3 setup.py egg_info --egg-base ../build/p1 build --build-base /home/pdabrow1/dev_ws/src/dabrowski_synowiec/build/p1/build install --prefix /home/pdabrow1/dev_ws/src/dabrowski_synowiec/install/p1 --record /home/pdabrow1/dev_ws/src/dabrowski_synowiec/build/p1/install.log --single-version-externally-managed
[2.556s] DEBUG:colcon.colcon_core.event_handler.log_command:Invoked command in '/home/pdabrow1/dev_ws/src/dabrowski_synowiec/build/lab2' returned '0': PYTHONPATH=/home/pdabrow1/dev_ws/src/dabrowski_synowiec/install/lab2/lib/python3.8/site-packages:${PYTHONPATH} /usr/bin/python3 setup.py develop --prefix /home/pdabrow1/dev_ws/src/dabrowski_synowiec/install/lab2 --uninstall --editable --build-directory /home/pdabrow1/dev_ws/src/dabrowski_synowiec/build/lab2/build
[2.556s] DEBUG:colcon.colcon_core.event_handler.log_command:Invoking command in '/home/pdabrow1/dev_ws/src/dabrowski_synowiec/lab2': PYTHONPATH=/home/pdabrow1/dev_ws/src/dabrowski_synowiec/install/lab2/lib/python3.8/site-packages:${PYTHONPATH} /usr/bin/python3 setup.py egg_info --egg-base ../build/lab2 build --build-base /home/pdabrow1/dev_ws/src/dabrowski_synowiec/build/lab2/build install --prefix /home/pdabrow1/dev_ws/src/dabrowski_synowiec/install/lab2 --record /home/pdabrow1/dev_ws/src/dabrowski_synowiec/build/lab2/install.log --single-version-externally-managed
[2.609s] DEBUG:colcon.colcon_core.event_handler.log_command:Invoked command in '/home/pdabrow1/dev_ws/src/dabrowski_synowiec/p1' returned '0': PYTHONPATH=/home/pdabrow1/dev_ws/src/dabrowski_synowiec/install/p1/lib/python3.8/site-packages:${PYTHONPATH} /usr/bin/python3 setup.py egg_info --egg-base ../build/p1 build --build-base /home/pdabrow1/dev_ws/src/dabrowski_synowiec/build/p1/build install --prefix /home/pdabrow1/dev_ws/src/dabrowski_synowiec/install/p1 --record /home/pdabrow1/dev_ws/src/dabrowski_synowiec/build/p1/install.log --single-version-externally-managed
[2.651s] Level 1:colcon.colcon_core.environment:checking '/home/pdabrow1/dev_ws/src/dabrowski_synowiec/install/p1' for CMake module files
[2.651s] Level 1:colcon.colcon_core.environment:checking '/home/pdabrow1/dev_ws/src/dabrowski_synowiec/install/p1' for CMake config files
[2.652s] Level 1:colcon.colcon_core.environment:checking '/home/pdabrow1/dev_ws/src/dabrowski_synowiec/install/p1/lib'
[2.652s] Level 1:colcon.colcon_core.environment:checking '/home/pdabrow1/dev_ws/src/dabrowski_synowiec/install/p1/bin'
[2.652s] Level 1:colcon.colcon_core.environment:checking '/home/pdabrow1/dev_ws/src/dabrowski_synowiec/install/p1/lib/pkgconfig/p1.pc'
[2.652s] Level 1:colcon.colcon_core.environment:checking '/home/pdabrow1/dev_ws/src/dabrowski_synowiec/install/p1/lib/python3.8/site-packages'
[2.652s] Level 1:colcon.colcon_core.shell:create_environment_hook('p1', 'pythonpath')
[2.653s] INFO:colcon.colcon_core.shell:Creating environment hook '/home/pdabrow1/dev_ws/src/dabrowski_synowiec/install/p1/share/p1/hook/pythonpath.ps1'
[2.653s] INFO:colcon.colcon_core.shell:Creating environment descriptor '/home/pdabrow1/dev_ws/src/dabrowski_synowiec/install/p1/share/p1/hook/pythonpath.dsv'
[2.654s] INFO:colcon.colcon_core.shell:Creating environment hook '/home/pdabrow1/dev_ws/src/dabrowski_synowiec/install/p1/share/p1/hook/pythonpath.sh'
[2.654s] Level 1:colcon.colcon_core.environment:create_environment_scripts_only(p1)
[2.654s] INFO:colcon.colcon_core.shell:Creating package script '/home/pdabrow1/dev_ws/src/dabrowski_synowiec/install/p1/share/p1/package.ps1'
[2.659s] INFO:colcon.colcon_core.shell:Creating package descriptor '/home/pdabrow1/dev_ws/src/dabrowski_synowiec/install/p1/share/p1/package.dsv'
[2.666s] INFO:colcon.colcon_core.shell:Creating package script '/home/pdabrow1/dev_ws/src/dabrowski_synowiec/install/p1/share/p1/package.sh'
[2.667s] INFO:colcon.colcon_core.shell:Creating package script '/home/pdabrow1/dev_ws/src/dabrowski_synowiec/install/p1/share/p1/package.bash'
[2.668s] INFO:colcon.colcon_core.shell:Creating package script '/home/pdabrow1/dev_ws/src/dabrowski_synowiec/install/p1/share/p1/package.zsh'
[2.679s] Level 1:colcon.colcon_core.environment:create_file_with_runtime_dependencies(/home/pdabrow1/dev_ws/src/dabrowski_synowiec/install/p1/share/colcon-core/packages/p1)
[2.681s] Level 1:colcon.colcon_core.environment:checking '/home/pdabrow1/dev_ws/src/dabrowski_synowiec/install/lab3_podejscie2' for CMake module files
[2.682s] DEBUG:colcon.colcon_core.event_handler.log_command:Invoked command in '/home/pdabrow1/dev_ws/src/dabrowski_synowiec/lab3_podejscie2' returned '0': PYTHONPATH=/home/pdabrow1/dev_ws/src/dabrowski_synowiec/install/lab3_podejscie2/lib/python3.8/site-packages:${PYTHONPATH} /usr/bin/python3 setup.py egg_info --egg-base ../build/lab3_podejscie2 build --build-base /home/pdabrow1/dev_ws/src/dabrowski_synowiec/build/lab3_podejscie2/build install --prefix /home/pdabrow1/dev_ws/src/dabrowski_synowiec/install/lab3_podejscie2 --record /home/pdabrow1/dev_ws/src/dabrowski_synowiec/build/lab3_podejscie2/install.log --single-version-externally-managed
[2.682s] Level 1:colcon.colcon_core.environment:checking '/home/pdabrow1/dev_ws/src/dabrowski_synowiec/install/lab3_podejscie2' for CMake config files
[2.683s] Level 1:colcon.colcon_core.environment:checking '/home/pdabrow1/dev_ws/src/dabrowski_synowiec/install/lab3_podejscie2/lib'
[2.683s] Level 1:colcon.colcon_core.environment:checking '/home/pdabrow1/dev_ws/src/dabrowski_synowiec/install/lab3_podejscie2/bin'
[2.683s] Level 1:colcon.colcon_core.environment:checking '/home/pdabrow1/dev_ws/src/dabrowski_synowiec/install/lab3_podejscie2/lib/pkgconfig/lab3_podejscie2.pc'
[2.683s] Level 1:colcon.colcon_core.environment:checking '/home/pdabrow1/dev_ws/src/dabrowski_synowiec/install/lab3_podejscie2/lib/python3.8/site-packages'
[2.683s] Level 1:colcon.colcon_core.shell:create_environment_hook('lab3_podejscie2', 'pythonpath')
[2.683s] INFO:colcon.colcon_core.shell:Creating environment hook '/home/pdabrow1/dev_ws/src/dabrowski_synowiec/install/lab3_podejscie2/share/lab3_podejscie2/hook/pythonpath.ps1'
[2.684s] INFO:colcon.colcon_core.shell:Creating environment descriptor '/home/pdabrow1/dev_ws/src/dabrowski_synowiec/install/lab3_podejscie2/share/lab3_podejscie2/hook/pythonpath.dsv'
[2.684s] INFO:colcon.colcon_core.shell:Creating environment hook '/home/pdabrow1/dev_ws/src/dabrowski_synowiec/install/lab3_podejscie2/share/lab3_podejscie2/hook/pythonpath.sh'
[2.684s] Level 1:colcon.colcon_core.environment:create_environment_scripts_only(lab3_podejscie2)
[2.685s] INFO:colcon.colcon_core.shell:Creating package script '/home/pdabrow1/dev_ws/src/dabrowski_synowiec/install/lab3_podejscie2/share/lab3_podejscie2/package.ps1'
[2.685s] INFO:colcon.colcon_core.shell:Creating package descriptor '/home/pdabrow1/dev_ws/src/dabrowski_synowiec/install/lab3_podejscie2/share/lab3_podejscie2/package.dsv'
[2.685s] INFO:colcon.colcon_core.shell:Creating package script '/home/pdabrow1/dev_ws/src/dabrowski_synowiec/install/lab3_podejscie2/share/lab3_podejscie2/package.sh'
[2.686s] INFO:colcon.colcon_core.shell:Creating package script '/home/pdabrow1/dev_ws/src/dabrowski_synowiec/install/lab3_podejscie2/share/lab3_podejscie2/package.bash'
[2.686s] INFO:colcon.colcon_core.shell:Creating package script '/home/pdabrow1/dev_ws/src/dabrowski_synowiec/install/lab3_podejscie2/share/lab3_podejscie2/package.zsh'
[2.686s] Level 1:colcon.colcon_core.environment:create_file_with_runtime_dependencies(/home/pdabrow1/dev_ws/src/dabrowski_synowiec/install/lab3_podejscie2/share/colcon-core/packages/lab3_podejscie2)
[2.687s] Level 1:colcon.colcon_core.environment:checking '/home/pdabrow1/dev_ws/src/dabrowski_synowiec/install/lab3_podejscie1' for CMake module files
[2.688s] DEBUG:colcon.colcon_core.event_handler.log_command:Invoked command in '/home/pdabrow1/dev_ws/src/dabrowski_synowiec/lab3_podejscie1' returned '0': PYTHONPATH=/home/pdabrow1/dev_ws/src/dabrowski_synowiec/install/lab3_podejscie1/lib/python3.8/site-packages:${PYTHONPATH} /usr/bin/python3 setup.py egg_info --egg-base ../build/lab3_podejscie1 build --build-base /home/pdabrow1/dev_ws/src/dabrowski_synowiec/build/lab3_podejscie1/build install --prefix /home/pdabrow1/dev_ws/src/dabrowski_synowiec/install/lab3_podejscie1 --record /home/pdabrow1/dev_ws/src/dabrowski_synowiec/build/lab3_podejscie1/install.log --single-version-externally-managed
[2.688s] Level 1:colcon.colcon_core.environment:checking '/home/pdabrow1/dev_ws/src/dabrowski_synowiec/install/lab3_podejscie1' for CMake config files
[2.689s] Level 1:colcon.colcon_core.environment:checking '/home/pdabrow1/dev_ws/src/dabrowski_synowiec/install/lab3_podejscie1/lib'
[2.689s] Level 1:colcon.colcon_core.environment:checking '/home/pdabrow1/dev_ws/src/dabrowski_synowiec/install/lab3_podejscie1/bin'
[2.689s] Level 1:colcon.colcon_core.environment:checking '/home/pdabrow1/dev_ws/src/dabrowski_synowiec/install/lab3_podejscie1/lib/pkgconfig/lab3_podejscie1.pc'
[2.689s] Level 1:colcon.colcon_core.environment:checking '/home/pdabrow1/dev_ws/src/dabrowski_synowiec/install/lab3_podejscie1/lib/python3.8/site-packages'
[2.689s] Level 1:colcon.colcon_core.shell:create_environment_hook('lab3_podejscie1', 'pythonpath')
[2.689s] INFO:colcon.colcon_core.shell:Creating environment hook '/home/pdabrow1/dev_ws/src/dabrowski_synowiec/install/lab3_podejscie1/share/lab3_podejscie1/hook/pythonpath.ps1'
[2.690s] INFO:colcon.colcon_core.shell:Creating environment descriptor '/home/pdabrow1/dev_ws/src/dabrowski_synowiec/install/lab3_podejscie1/share/lab3_podejscie1/hook/pythonpath.dsv'
[2.690s] INFO:colcon.colcon_core.shell:Creating environment hook '/home/pdabrow1/dev_ws/src/dabrowski_synowiec/install/lab3_podejscie1/share/lab3_podejscie1/hook/pythonpath.sh'
[2.690s] Level 1:colcon.colcon_core.environment:create_environment_scripts_only(lab3_podejscie1)
[2.691s] INFO:colcon.colcon_core.shell:Creating package script '/home/pdabrow1/dev_ws/src/dabrowski_synowiec/install/lab3_podejscie1/share/lab3_podejscie1/package.ps1'
[2.691s] INFO:colcon.colcon_core.shell:Creating package descriptor '/home/pdabrow1/dev_ws/src/dabrowski_synowiec/install/lab3_podejscie1/share/lab3_podejscie1/package.dsv'
[2.691s] INFO:colcon.colcon_core.shell:Creating package script '/home/pdabrow1/dev_ws/src/dabrowski_synowiec/install/lab3_podejscie1/share/lab3_podejscie1/package.sh'
[2.692s] INFO:colcon.colcon_core.shell:Creating package script '/home/pdabrow1/dev_ws/src/dabrowski_synowiec/install/lab3_podejscie1/share/lab3_podejscie1/package.bash'
[2.692s] INFO:colcon.colcon_core.shell:Creating package script '/home/pdabrow1/dev_ws/src/dabrowski_synowiec/install/lab3_podejscie1/share/lab3_podejscie1/package.zsh'
[2.692s] Level 1:colcon.colcon_core.environment:create_file_with_runtime_dependencies(/home/pdabrow1/dev_ws/src/dabrowski_synowiec/install/lab3_podejscie1/share/colcon-core/packages/lab3_podejscie1)
[2.815s] Level 1:colcon.colcon_core.environment:checking '/home/pdabrow1/dev_ws/src/dabrowski_synowiec/install/lab2' for CMake module files
[2.815s] DEBUG:colcon.colcon_core.event_handler.log_command:Invoked command in '/home/pdabrow1/dev_ws/src/dabrowski_synowiec/lab2' returned '0': PYTHONPATH=/home/pdabrow1/dev_ws/src/dabrowski_synowiec/install/lab2/lib/python3.8/site-packages:${PYTHONPATH} /usr/bin/python3 setup.py egg_info --egg-base ../build/lab2 build --build-base /home/pdabrow1/dev_ws/src/dabrowski_synowiec/build/lab2/build install --prefix /home/pdabrow1/dev_ws/src/dabrowski_synowiec/install/lab2 --record /home/pdabrow1/dev_ws/src/dabrowski_synowiec/build/lab2/install.log --single-version-externally-managed
[2.816s] Level 1:colcon.colcon_core.environment:checking '/home/pdabrow1/dev_ws/src/dabrowski_synowiec/install/lab2' for CMake config files
[2.824s] Level 1:colcon.colcon_core.environment:checking '/home/pdabrow1/dev_ws/src/dabrowski_synowiec/install/lab2/lib'
[2.825s] Level 1:colcon.colcon_core.environment:checking '/home/pdabrow1/dev_ws/src/dabrowski_synowiec/install/lab2/bin'
[2.825s] Level 1:colcon.colcon_core.environment:checking '/home/pdabrow1/dev_ws/src/dabrowski_synowiec/install/lab2/lib/pkgconfig/lab2.pc'
[2.825s] Level 1:colcon.colcon_core.environment:checking '/home/pdabrow1/dev_ws/src/dabrowski_synowiec/install/lab2/lib/python3.8/site-packages'
[2.825s] Level 1:colcon.colcon_core.shell:create_environment_hook('lab2', 'pythonpath')
[2.825s] INFO:colcon.colcon_core.shell:Creating environment hook '/home/pdabrow1/dev_ws/src/dabrowski_synowiec/install/lab2/share/lab2/hook/pythonpath.ps1'
[2.825s] INFO:colcon.colcon_core.shell:Creating environment descriptor '/home/pdabrow1/dev_ws/src/dabrowski_synowiec/install/lab2/share/lab2/hook/pythonpath.dsv'
[2.826s] INFO:colcon.colcon_core.shell:Creating environment hook '/home/pdabrow1/dev_ws/src/dabrowski_synowiec/install/lab2/share/lab2/hook/pythonpath.sh'
[2.826s] Level 1:colcon.colcon_core.environment:create_environment_scripts_only(lab2)
[2.826s] INFO:colcon.colcon_core.shell:Creating package script '/home/pdabrow1/dev_ws/src/dabrowski_synowiec/install/lab2/share/lab2/package.ps1'
[2.827s] INFO:colcon.colcon_core.shell:Creating package descriptor '/home/pdabrow1/dev_ws/src/dabrowski_synowiec/install/lab2/share/lab2/package.dsv'
[2.827s] INFO:colcon.colcon_core.shell:Creating package script '/home/pdabrow1/dev_ws/src/dabrowski_synowiec/install/lab2/share/lab2/package.sh'
[2.827s] INFO:colcon.colcon_core.shell:Creating package script '/home/pdabrow1/dev_ws/src/dabrowski_synowiec/install/lab2/share/lab2/package.bash'
[2.828s] INFO:colcon.colcon_core.shell:Creating package script '/home/pdabrow1/dev_ws/src/dabrowski_synowiec/install/lab2/share/lab2/package.zsh'
[2.828s] Level 1:colcon.colcon_core.environment:create_file_with_runtime_dependencies(/home/pdabrow1/dev_ws/src/dabrowski_synowiec/install/lab2/share/colcon-core/packages/lab2)
[2.828s] DEBUG:colcon.colcon_parallel_executor.executor.parallel:closing loop
[2.828s] DEBUG:colcon.colcon_parallel_executor.executor.parallel:loop closed
[2.829s] DEBUG:colcon.colcon_parallel_executor.executor.parallel:run_until_complete finished with '0'
[2.829s] DEBUG:colcon.colcon_core.event_reactor:joining thread
[2.841s] INFO:colcon.colcon_core.plugin_system:Skipping extension 'colcon_notification.desktop_notification.terminal_notifier': Not used on non-Darwin systems
[2.841s] INFO:colcon.colcon_core.plugin_system:Skipping extension 'colcon_notification.desktop_notification.win32': Not used on non-Windows systems
[2.841s] INFO:colcon.colcon_notification.desktop_notification:Sending desktop notification using 'notify2'
[2.865s] DEBUG:colcon.colcon_core.event_reactor:joined thread
[2.866s] INFO:colcon.colcon_core.shell:Creating prefix script '/home/pdabrow1/dev_ws/src/dabrowski_synowiec/install/local_setup.ps1'
[2.867s] INFO:colcon.colcon_core.shell:Creating prefix util module '/home/pdabrow1/dev_ws/src/dabrowski_synowiec/install/_local_setup_util_ps1.py'
[2.868s] INFO:colcon.colcon_core.shell:Creating prefix chain script '/home/pdabrow1/dev_ws/src/dabrowski_synowiec/install/setup.ps1'
[2.870s] INFO:colcon.colcon_core.shell:Creating prefix script '/home/pdabrow1/dev_ws/src/dabrowski_synowiec/install/local_setup.sh'
[2.871s] INFO:colcon.colcon_core.shell:Creating prefix util module '/home/pdabrow1/dev_ws/src/dabrowski_synowiec/install/_local_setup_util_sh.py'
[2.871s] INFO:colcon.colcon_core.shell:Creating prefix chain script '/home/pdabrow1/dev_ws/src/dabrowski_synowiec/install/setup.sh'
[2.873s] INFO:colcon.colcon_core.shell:Creating prefix script '/home/pdabrow1/dev_ws/src/dabrowski_synowiec/install/local_setup.bash'
[2.874s] INFO:colcon.colcon_core.shell:Creating prefix chain script '/home/pdabrow1/dev_ws/src/dabrowski_synowiec/install/setup.bash'
[2.877s] INFO:colcon.colcon_core.shell:Creating prefix script '/home/pdabrow1/dev_ws/src/dabrowski_synowiec/install/local_setup.zsh'
[2.878s] INFO:colcon.colcon_core.shell:Creating prefix chain script '/home/pdabrow1/dev_ws/src/dabrowski_synowiec/install/setup.zsh'
