[0.306s] Invoking command in '/home/pdabrow1/dev_ws/src/dabrowski_synowiec/p1': PYTHONPATH=/home/pdabrow1/dev_ws/src/dabrowski_synowiec/install/p1/lib/python3.8/site-packages:${PYTHONPATH} /usr/bin/python3 setup.py egg_info --egg-base ../build/p1 build --build-base /home/pdabrow1/dev_ws/src/dabrowski_synowiec/build/p1/build install --prefix /home/pdabrow1/dev_ws/src/dabrowski_synowiec/install/p1 --record /home/pdabrow1/dev_ws/src/dabrowski_synowiec/build/p1/install.log --single-version-externally-managed
[0.443s] running egg_info
[0.443s] writing ../build/p1/p1.egg-info/PKG-INFO
[0.443s] writing dependency_links to ../build/p1/p1.egg-info/dependency_links.txt
[0.443s] writing entry points to ../build/p1/p1.egg-info/entry_points.txt
[0.443s] writing requirements to ../build/p1/p1.egg-info/requires.txt
[0.443s] writing top-level names to ../build/p1/p1.egg-info/top_level.txt
[0.466s] reading manifest file '../build/p1/p1.egg-info/SOURCES.txt'
[0.467s] writing manifest file '../build/p1/p1.egg-info/SOURCES.txt'
[0.467s] running build
[0.467s] running build_py
[0.467s] running install
[0.468s] running install_lib
[0.468s] running install_data
[0.469s] running install_egg_info
[0.470s] removing '/home/pdabrow1/dev_ws/src/dabrowski_synowiec/install/p1/lib/python3.8/site-packages/p1-0.0.0-py3.8.egg-info' (and everything under it)
[0.470s] Copying ../build/p1/p1.egg-info to /home/pdabrow1/dev_ws/src/dabrowski_synowiec/install/p1/lib/python3.8/site-packages/p1-0.0.0-py3.8.egg-info
[0.470s] running install_scripts
[0.481s] Installing controller script to /home/pdabrow1/dev_ws/src/dabrowski_synowiec/install/p1/lib/p1
[0.482s] writing list of installed files to '/home/pdabrow1/dev_ws/src/dabrowski_synowiec/build/p1/install.log'
[0.495s] Invoked command in '/home/pdabrow1/dev_ws/src/dabrowski_synowiec/p1' returned '0': PYTHONPATH=/home/pdabrow1/dev_ws/src/dabrowski_synowiec/install/p1/lib/python3.8/site-packages:${PYTHONPATH} /usr/bin/python3 setup.py egg_info --egg-base ../build/p1 build --build-base /home/pdabrow1/dev_ws/src/dabrowski_synowiec/build/p1/build install --prefix /home/pdabrow1/dev_ws/src/dabrowski_synowiec/install/p1 --record /home/pdabrow1/dev_ws/src/dabrowski_synowiec/build/p1/install.log --single-version-externally-managed
