[0.263s] Invoking command in '/home/pdabrow1/dev_ws/src/dabrowski_synowiec/p1': PYTHONPATH=/home/pdabrow1/dev_ws/src/dabrowski_synowiec/install/p1/lib/python3.8/site-packages:${PYTHONPATH} /usr/bin/python3 setup.py egg_info --egg-base ../build/p1 build --build-base /home/pdabrow1/dev_ws/src/dabrowski_synowiec/build/p1/build install --prefix /home/pdabrow1/dev_ws/src/dabrowski_synowiec/install/p1 --record /home/pdabrow1/dev_ws/src/dabrowski_synowiec/build/p1/install.log --single-version-externally-managed
[0.507s] running egg_info
[0.507s] writing ../build/p1/p1.egg-info/PKG-INFO
[0.508s] writing dependency_links to ../build/p1/p1.egg-info/dependency_links.txt
[0.508s] writing entry points to ../build/p1/p1.egg-info/entry_points.txt
[0.508s] writing requirements to ../build/p1/p1.egg-info/requires.txt
[0.508s] writing top-level names to ../build/p1/p1.egg-info/top_level.txt
[0.599s] reading manifest file '../build/p1/p1.egg-info/SOURCES.txt'
[0.600s] writing manifest file '../build/p1/p1.egg-info/SOURCES.txt'
[0.600s] running build
[0.600s] running build_py
[0.601s] running install
[0.604s] running install_lib
[0.606s] running install_data
[0.607s] running install_egg_info
[0.608s] removing '/home/pdabrow1/dev_ws/src/dabrowski_synowiec/install/p1/lib/python3.8/site-packages/p1-0.0.0-py3.8.egg-info' (and everything under it)
[0.608s] Copying ../build/p1/p1.egg-info to /home/pdabrow1/dev_ws/src/dabrowski_synowiec/install/p1/lib/python3.8/site-packages/p1-0.0.0-py3.8.egg-info
[0.609s] running install_scripts
[0.638s] Installing controller script to /home/pdabrow1/dev_ws/src/dabrowski_synowiec/install/p1/lib/p1
[0.639s] writing list of installed files to '/home/pdabrow1/dev_ws/src/dabrowski_synowiec/build/p1/install.log'
[0.655s] Invoked command in '/home/pdabrow1/dev_ws/src/dabrowski_synowiec/p1' returned '0': PYTHONPATH=/home/pdabrow1/dev_ws/src/dabrowski_synowiec/install/p1/lib/python3.8/site-packages:${PYTHONPATH} /usr/bin/python3 setup.py egg_info --egg-base ../build/p1 build --build-base /home/pdabrow1/dev_ws/src/dabrowski_synowiec/build/p1/build install --prefix /home/pdabrow1/dev_ws/src/dabrowski_synowiec/install/p1 --record /home/pdabrow1/dev_ws/src/dabrowski_synowiec/build/p1/install.log --single-version-externally-managed
