[0.734s] Invoking command in '/home/pdabrow1/dev_ws/src/dabrowski_synowiec/lab3_podejscie1': PYTHONPATH=/home/pdabrow1/dev_ws/src/dabrowski_synowiec/install/lab3_podejscie1/lib/python3.8/site-packages:${PYTHONPATH} /usr/bin/python3 setup.py egg_info --egg-base ../build/lab3_podejscie1 build --build-base /home/pdabrow1/dev_ws/src/dabrowski_synowiec/build/lab3_podejscie1/build install --prefix /home/pdabrow1/dev_ws/src/dabrowski_synowiec/install/lab3_podejscie1 --record /home/pdabrow1/dev_ws/src/dabrowski_synowiec/build/lab3_podejscie1/install.log --single-version-externally-managed
[0.963s] running egg_info
[0.964s] writing ../build/lab3_podejscie1/lab3_podejscie1.egg-info/PKG-INFO
[0.967s] writing dependency_links to ../build/lab3_podejscie1/lab3_podejscie1.egg-info/dependency_links.txt
[0.967s] writing entry points to ../build/lab3_podejscie1/lab3_podejscie1.egg-info/entry_points.txt
[0.967s] writing requirements to ../build/lab3_podejscie1/lab3_podejscie1.egg-info/requires.txt
[0.967s] writing top-level names to ../build/lab3_podejscie1/lab3_podejscie1.egg-info/top_level.txt
[1.106s] reading manifest file '../build/lab3_podejscie1/lab3_podejscie1.egg-info/SOURCES.txt'
[1.124s] writing manifest file '../build/lab3_podejscie1/lab3_podejscie1.egg-info/SOURCES.txt'
[1.124s] running build
[1.124s] running build_py
[1.131s] running install
[1.132s] running install_lib
[1.133s] running install_data
[1.135s] running install_egg_info
[1.136s] removing '/home/pdabrow1/dev_ws/src/dabrowski_synowiec/install/lab3_podejscie1/lib/python3.8/site-packages/lab3_podejscie1-0.0.0-py3.8.egg-info' (and everything under it)
[1.137s] Copying ../build/lab3_podejscie1/lab3_podejscie1.egg-info to /home/pdabrow1/dev_ws/src/dabrowski_synowiec/install/lab3_podejscie1/lib/python3.8/site-packages/lab3_podejscie1-0.0.0-py3.8.egg-info
[1.147s] running install_scripts
[1.161s] Installing kdl script to /home/pdabrow1/dev_ws/src/dabrowski_synowiec/install/lab3_podejscie1/lib/lab3_podejscie1
[1.171s] Installing nonkdl script to /home/pdabrow1/dev_ws/src/dabrowski_synowiec/install/lab3_podejscie1/lib/lab3_podejscie1
[1.172s] writing list of installed files to '/home/pdabrow1/dev_ws/src/dabrowski_synowiec/build/lab3_podejscie1/install.log'
[1.259s] Invoked command in '/home/pdabrow1/dev_ws/src/dabrowski_synowiec/lab3_podejscie1' returned '0': PYTHONPATH=/home/pdabrow1/dev_ws/src/dabrowski_synowiec/install/lab3_podejscie1/lib/python3.8/site-packages:${PYTHONPATH} /usr/bin/python3 setup.py egg_info --egg-base ../build/lab3_podejscie1 build --build-base /home/pdabrow1/dev_ws/src/dabrowski_synowiec/build/lab3_podejscie1/build install --prefix /home/pdabrow1/dev_ws/src/dabrowski_synowiec/install/lab3_podejscie1 --record /home/pdabrow1/dev_ws/src/dabrowski_synowiec/build/lab3_podejscie1/install.log --single-version-externally-managed
