[0.613s] Invoking command in '/home/pdabrow1/dev_ws/src/dabrowski_synowiec/lab3_podejscie2': PYTHONPATH=/home/pdabrow1/dev_ws/src/dabrowski_synowiec/install/lab3_podejscie2/lib/python3.8/site-packages:${PYTHONPATH} /usr/bin/python3 setup.py egg_info --egg-base ../build/lab3_podejscie2 build --build-base /home/pdabrow1/dev_ws/src/dabrowski_synowiec/build/lab3_podejscie2/build install --prefix /home/pdabrow1/dev_ws/src/dabrowski_synowiec/install/lab3_podejscie2 --record /home/pdabrow1/dev_ws/src/dabrowski_synowiec/build/lab3_podejscie2/install.log --single-version-externally-managed
[0.753s] running egg_info
[0.753s] writing ../build/lab3_podejscie2/lab3_podejscie2.egg-info/PKG-INFO
[0.753s] writing dependency_links to ../build/lab3_podejscie2/lab3_podejscie2.egg-info/dependency_links.txt
[0.753s] writing entry points to ../build/lab3_podejscie2/lab3_podejscie2.egg-info/entry_points.txt
[0.753s] writing requirements to ../build/lab3_podejscie2/lab3_podejscie2.egg-info/requires.txt
[0.754s] writing top-level names to ../build/lab3_podejscie2/lab3_podejscie2.egg-info/top_level.txt
[0.782s] reading manifest file '../build/lab3_podejscie2/lab3_podejscie2.egg-info/SOURCES.txt'
[0.783s] writing manifest file '../build/lab3_podejscie2/lab3_podejscie2.egg-info/SOURCES.txt'
[0.783s] running build
[0.784s] running build_py
[0.784s] running install
[0.784s] running install_lib
[0.785s] running install_data
[0.785s] running install_egg_info
[0.787s] removing '/home/pdabrow1/dev_ws/src/dabrowski_synowiec/install/lab3_podejscie2/lib/python3.8/site-packages/lab3_podejscie2-0.0.0-py3.8.egg-info' (and everything under it)
[0.787s] Copying ../build/lab3_podejscie2/lab3_podejscie2.egg-info to /home/pdabrow1/dev_ws/src/dabrowski_synowiec/install/lab3_podejscie2/lib/python3.8/site-packages/lab3_podejscie2-0.0.0-py3.8.egg-info
[0.787s] running install_scripts
[0.799s] Installing kdl script to /home/pdabrow1/dev_ws/src/dabrowski_synowiec/install/lab3_podejscie2/lib/lab3_podejscie2
[0.799s] Installing nonkdl script to /home/pdabrow1/dev_ws/src/dabrowski_synowiec/install/lab3_podejscie2/lib/lab3_podejscie2
[0.800s] writing list of installed files to '/home/pdabrow1/dev_ws/src/dabrowski_synowiec/build/lab3_podejscie2/install.log'
[0.828s] Invoked command in '/home/pdabrow1/dev_ws/src/dabrowski_synowiec/lab3_podejscie2' returned '0': PYTHONPATH=/home/pdabrow1/dev_ws/src/dabrowski_synowiec/install/lab3_podejscie2/lib/python3.8/site-packages:${PYTHONPATH} /usr/bin/python3 setup.py egg_info --egg-base ../build/lab3_podejscie2 build --build-base /home/pdabrow1/dev_ws/src/dabrowski_synowiec/build/lab3_podejscie2/build install --prefix /home/pdabrow1/dev_ws/src/dabrowski_synowiec/install/lab3_podejscie2 --record /home/pdabrow1/dev_ws/src/dabrowski_synowiec/build/lab3_podejscie2/install.log --single-version-externally-managed
