running develop
running egg_info
writing ../build/lab2/lab2.egg-info/PKG-INFO
writing dependency_links to ../build/lab2/lab2.egg-info/dependency_links.txt
writing entry points to ../build/lab2/lab2.egg-info/entry_points.txt
writing requirements to ../build/lab2/lab2.egg-info/requires.txt
writing top-level names to ../build/lab2/lab2.egg-info/top_level.txt
reading manifest file '../build/lab2/lab2.egg-info/SOURCES.txt'
writing manifest file '../build/lab2/lab2.egg-info/SOURCES.txt'
running build
running build_py
running install
running install_lib
running install_data
copying urdf/URDF.yaml -> /home/pdabrow1/dev_ws/src/dabrowski_synowiec/install/lab2/share/lab2
running install_egg_info
removing '/home/pdabrow1/dev_ws/src/dabrowski_synowiec/install/lab2/lib/python3.8/site-packages/lab2-0.0.0-py3.8.egg-info' (and everything under it)
Copying ../build/lab2/lab2.egg-info to /home/pdabrow1/dev_ws/src/dabrowski_synowiec/install/lab2/lib/python3.8/site-packages/lab2-0.0.0-py3.8.egg-info
running install_scripts
Installing state_publisher script to /home/pdabrow1/dev_ws/src/dabrowski_synowiec/install/lab2/lib/lab2
writing list of installed files to '/home/pdabrow1/dev_ws/src/dabrowski_synowiec/build/lab2/install.log'
