running egg_info
creating ../build/p1/p1.egg-info
writing ../build/p1/p1.egg-info/PKG-INFO
writing dependency_links to ../build/p1/p1.egg-info/dependency_links.txt
writing entry points to ../build/p1/p1.egg-info/entry_points.txt
writing requirements to ../build/p1/p1.egg-info/requires.txt
writing top-level names to ../build/p1/p1.egg-info/top_level.txt
writing manifest file '../build/p1/p1.egg-info/SOURCES.txt'
reading manifest file '../build/p1/p1.egg-info/SOURCES.txt'
writing manifest file '../build/p1/p1.egg-info/SOURCES.txt'
running build
running build_py
creating /home/pdabrow1/dev_ws/src/dabrowski_synowiec/build/p1/build
creating /home/pdabrow1/dev_ws/src/dabrowski_synowiec/build/p1/build/lib
creating /home/pdabrow1/dev_ws/src/dabrowski_synowiec/build/p1/build/lib/p1
copying p1/controller.py -> /home/pdabrow1/dev_ws/src/dabrowski_synowiec/build/p1/build/lib/p1
copying p1/__init__.py -> /home/pdabrow1/dev_ws/src/dabrowski_synowiec/build/p1/build/lib/p1
running install
running install_lib
creating /home/pdabrow1/dev_ws/src/dabrowski_synowiec/install/p1/lib/python3.8/site-packages/p1
copying /home/pdabrow1/dev_ws/src/dabrowski_synowiec/build/p1/build/lib/p1/controller.py -> /home/pdabrow1/dev_ws/src/dabrowski_synowiec/install/p1/lib/python3.8/site-packages/p1
copying /home/pdabrow1/dev_ws/src/dabrowski_synowiec/build/p1/build/lib/p1/__init__.py -> /home/pdabrow1/dev_ws/src/dabrowski_synowiec/install/p1/lib/python3.8/site-packages/p1
byte-compiling /home/pdabrow1/dev_ws/src/dabrowski_synowiec/install/p1/lib/python3.8/site-packages/p1/controller.py to controller.cpython-38.pyc
Sorry: TabError: inconsistent use of tabs and spaces in indentation (controller.py, line 24)
byte-compiling /home/pdabrow1/dev_ws/src/dabrowski_synowiec/install/p1/lib/python3.8/site-packages/p1/__init__.py to __init__.cpython-38.pyc
running install_data
creating /home/pdabrow1/dev_ws/src/dabrowski_synowiec/install/p1/share/ament_index
creating /home/pdabrow1/dev_ws/src/dabrowski_synowiec/install/p1/share/ament_index/resource_index
creating /home/pdabrow1/dev_ws/src/dabrowski_synowiec/install/p1/share/ament_index/resource_index/packages
copying resource/p1 -> /home/pdabrow1/dev_ws/src/dabrowski_synowiec/install/p1/share/ament_index/resource_index/packages
copying package.xml -> /home/pdabrow1/dev_ws/src/dabrowski_synowiec/install/p1/share/p1
running install_egg_info
Copying ../build/p1/p1.egg-info to /home/pdabrow1/dev_ws/src/dabrowski_synowiec/install/p1/lib/python3.8/site-packages/p1-0.0.0-py3.8.egg-info
running install_scripts
Installing controller script to /home/pdabrow1/dev_ws/src/dabrowski_synowiec/install/p1/lib/p1
writing list of installed files to '/home/pdabrow1/dev_ws/src/dabrowski_synowiec/build/p1/install.log'
