[0.632s] Invoking command in '/home/pdabrow1/dev_ws/src/dabrowski_synowiec/lab3_podejscie2': PYTHONPATH=/home/pdabrow1/dev_ws/src/dabrowski_synowiec/install/lab3_podejscie2/lib/python3.8/site-packages:${PYTHONPATH} /usr/bin/python3 setup.py egg_info --egg-base ../build/lab3_podejscie2 build --build-base /home/pdabrow1/dev_ws/src/dabrowski_synowiec/build/lab3_podejscie2/build install --prefix /home/pdabrow1/dev_ws/src/dabrowski_synowiec/install/lab3_podejscie2 --record /home/pdabrow1/dev_ws/src/dabrowski_synowiec/build/lab3_podejscie2/install.log --single-version-externally-managed
[0.785s] running egg_info
[0.785s] writing ../build/lab3_podejscie2/lab3_podejscie2.egg-info/PKG-INFO
[0.785s] writing dependency_links to ../build/lab3_podejscie2/lab3_podejscie2.egg-info/dependency_links.txt
[0.785s] writing entry points to ../build/lab3_podejscie2/lab3_podejscie2.egg-info/entry_points.txt
[0.786s] writing requirements to ../build/lab3_podejscie2/lab3_podejscie2.egg-info/requires.txt
[0.786s] writing top-level names to ../build/lab3_podejscie2/lab3_podejscie2.egg-info/top_level.txt
[0.809s] reading manifest file '../build/lab3_podejscie2/lab3_podejscie2.egg-info/SOURCES.txt'
[0.810s] writing manifest file '../build/lab3_podejscie2/lab3_podejscie2.egg-info/SOURCES.txt'
[0.810s] running build
[0.810s] running build_py
[0.810s] running install
[0.811s] running install_lib
[0.812s] running install_data
[0.812s] running install_egg_info
[0.813s] removing '/home/pdabrow1/dev_ws/src/dabrowski_synowiec/install/lab3_podejscie2/lib/python3.8/site-packages/lab3_podejscie2-0.0.0-py3.8.egg-info' (and everything under it)
[0.813s] Copying ../build/lab3_podejscie2/lab3_podejscie2.egg-info to /home/pdabrow1/dev_ws/src/dabrowski_synowiec/install/lab3_podejscie2/lib/python3.8/site-packages/lab3_podejscie2-0.0.0-py3.8.egg-info
[0.814s] running install_scripts
[0.827s] Installing kdl script to /home/pdabrow1/dev_ws/src/dabrowski_synowiec/install/lab3_podejscie2/lib/lab3_podejscie2
[0.830s] Installing nonkdl script to /home/pdabrow1/dev_ws/src/dabrowski_synowiec/install/lab3_podejscie2/lib/lab3_podejscie2
[0.830s] writing list of installed files to '/home/pdabrow1/dev_ws/src/dabrowski_synowiec/build/lab3_podejscie2/install.log'
[0.846s] Invoked command in '/home/pdabrow1/dev_ws/src/dabrowski_synowiec/lab3_podejscie2' returned '0': PYTHONPATH=/home/pdabrow1/dev_ws/src/dabrowski_synowiec/install/lab3_podejscie2/lib/python3.8/site-packages:${PYTHONPATH} /usr/bin/python3 setup.py egg_info --egg-base ../build/lab3_podejscie2 build --build-base /home/pdabrow1/dev_ws/src/dabrowski_synowiec/build/lab3_podejscie2/build install --prefix /home/pdabrow1/dev_ws/src/dabrowski_synowiec/install/lab3_podejscie2 --record /home/pdabrow1/dev_ws/src/dabrowski_synowiec/build/lab3_podejscie2/install.log --single-version-externally-managed
