[0.311s] Invoking command in '/home/pdabrow1/dev_ws/src/dabrowski_synowiec/build/lab2': PYTHONPATH=/home/pdabrow1/dev_ws/src/dabrowski_synowiec/install/lab2/lib/python3.8/site-packages:${PYTHONPATH} /usr/bin/python3 setup.py develop --prefix /home/pdabrow1/dev_ws/src/dabrowski_synowiec/install/lab2 --uninstall --editable --build-directory /home/pdabrow1/dev_ws/src/dabrowski_synowiec/build/lab2/build
[0.464s] running develop
[0.562s] Invoked command in '/home/pdabrow1/dev_ws/src/dabrowski_synowiec/build/lab2' returned '0': PYTHONPATH=/home/pdabrow1/dev_ws/src/dabrowski_synowiec/install/lab2/lib/python3.8/site-packages:${PYTHONPATH} /usr/bin/python3 setup.py develop --prefix /home/pdabrow1/dev_ws/src/dabrowski_synowiec/install/lab2 --uninstall --editable --build-directory /home/pdabrow1/dev_ws/src/dabrowski_synowiec/build/lab2/build
[0.563s] Invoking command in '/home/pdabrow1/dev_ws/src/dabrowski_synowiec/lab2': PYTHONPATH=/home/pdabrow1/dev_ws/src/dabrowski_synowiec/install/lab2/lib/python3.8/site-packages:${PYTHONPATH} /usr/bin/python3 setup.py egg_info --egg-base ../build/lab2 build --build-base /home/pdabrow1/dev_ws/src/dabrowski_synowiec/build/lab2/build install --prefix /home/pdabrow1/dev_ws/src/dabrowski_synowiec/install/lab2 --record /home/pdabrow1/dev_ws/src/dabrowski_synowiec/build/lab2/install.log --single-version-externally-managed
[0.699s] running egg_info
[0.699s] writing ../build/lab2/lab2.egg-info/PKG-INFO
[0.699s] writing dependency_links to ../build/lab2/lab2.egg-info/dependency_links.txt
[0.699s] writing entry points to ../build/lab2/lab2.egg-info/entry_points.txt
[0.699s] writing requirements to ../build/lab2/lab2.egg-info/requires.txt
[0.699s] writing top-level names to ../build/lab2/lab2.egg-info/top_level.txt
[0.722s] reading manifest file '../build/lab2/lab2.egg-info/SOURCES.txt'
[0.723s] writing manifest file '../build/lab2/lab2.egg-info/SOURCES.txt'
[0.723s] running build
[0.723s] running build_py
[0.723s] running install
[0.723s] running install_lib
[0.724s] running install_data
[0.724s] copying urdf/myrobot_dynamic.urdf.xacro.xml -> /home/pdabrow1/dev_ws/src/dabrowski_synowiec/install/lab2/share/lab2
[0.724s] running install_egg_info
[0.725s] removing '/home/pdabrow1/dev_ws/src/dabrowski_synowiec/install/lab2/lib/python3.8/site-packages/lab2-0.0.0-py3.8.egg-info' (and everything under it)
[0.726s] Copying ../build/lab2/lab2.egg-info to /home/pdabrow1/dev_ws/src/dabrowski_synowiec/install/lab2/lib/python3.8/site-packages/lab2-0.0.0-py3.8.egg-info
[0.726s] running install_scripts
[0.737s] Installing state_publisher script to /home/pdabrow1/dev_ws/src/dabrowski_synowiec/install/lab2/lib/lab2
[0.737s] writing list of installed files to '/home/pdabrow1/dev_ws/src/dabrowski_synowiec/build/lab2/install.log'
[0.750s] Invoked command in '/home/pdabrow1/dev_ws/src/dabrowski_synowiec/lab2' returned '0': PYTHONPATH=/home/pdabrow1/dev_ws/src/dabrowski_synowiec/install/lab2/lib/python3.8/site-packages:${PYTHONPATH} /usr/bin/python3 setup.py egg_info --egg-base ../build/lab2 build --build-base /home/pdabrow1/dev_ws/src/dabrowski_synowiec/build/lab2/build install --prefix /home/pdabrow1/dev_ws/src/dabrowski_synowiec/install/lab2 --record /home/pdabrow1/dev_ws/src/dabrowski_synowiec/build/lab2/install.log --single-version-externally-managed
